2023-11-17 14:15:54,717 |jsse-nio-8443-exec-7 |RequestHandler                |E| Request SetTimeZoneFromBrowser caused an error with the following message: User authorization is required for this service: SetTimeZoneFromBrowser
2023-11-17 14:15:56,686 |sse-nio-8443-exec-19 |RequestHandler                |E| Request SetTimeZoneFromBrowser caused an error with the following message: User authorization is required for this service: SetTimeZoneFromBrowser
2023-11-17 14:39:50,830 |jsse-nio-8443-exec-1 |JavaEventHandler              |E| null
org.apache.ofbiz.entity.transaction.GenericTransactionException: Roll back error (with no rollbackOnly cause found), could not commit transaction, was rolled back instead: java.lang.Exception: Transaction has timed out (Transaction has timed out)
	at org.apache.ofbiz.entity.transaction.TransactionUtil.commit(TransactionUtil.java:279) ~[main/:?]
	at org.apache.ofbiz.entity.transaction.TransactionUtil.commit(TransactionUtil.java:233) ~[main/:?]
	at org.apache.ofbiz.webapp.event.JavaEventHandler.invoke(JavaEventHandler.java:105) [main/:?]
	at org.apache.ofbiz.webapp.control.RequestHandler.runEvent(RequestHandler.java:1078) [main/:?]
	at org.apache.ofbiz.webapp.control.RequestHandler.doRequest(RequestHandler.java:554) [main/:?]
	at org.apache.ofbiz.webapp.control.ControlServlet.handle(ControlServlet.java:231) [main/:?]
	at org.apache.ofbiz.webapp.control.ControlServlet.doPost(ControlServlet.java:81) [main/:?]
	at javax.servlet.http.HttpServlet.service(HttpServlet.java:555) [tomcat-servlet-api-9.0.82.jar:4.0.FR]
	at javax.servlet.http.HttpServlet.service(HttpServlet.java:623) [tomcat-servlet-api-9.0.82.jar:4.0.FR]
	at org.apache.catalina.core.ApplicationFilterChain.internalDoFilter(ApplicationFilterChain.java:209) [tomcat-catalina-9.0.82.jar:9.0.82]
	at org.apache.catalina.core.ApplicationFilterChain.doFilter(ApplicationFilterChain.java:153) [tomcat-catalina-9.0.82.jar:9.0.82]
	at org.apache.tomcat.websocket.server.WsFilter.doFilter(WsFilter.java:51) [tomcat-embed-websocket-9.0.82.jar:9.0.82]
	at org.apache.catalina.core.ApplicationFilterChain.internalDoFilter(ApplicationFilterChain.java:178) [tomcat-catalina-9.0.82.jar:9.0.82]
	at org.apache.catalina.core.ApplicationFilterChain.doFilter(ApplicationFilterChain.java:153) [tomcat-catalina-9.0.82.jar:9.0.82]
	at org.apache.ofbiz.webapp.control.SameSiteFilter.doFilter(SameSiteFilter.java:45) [main/:?]
	at org.apache.catalina.core.ApplicationFilterChain.internalDoFilter(ApplicationFilterChain.java:178) [tomcat-catalina-9.0.82.jar:9.0.82]
	at org.apache.catalina.core.ApplicationFilterChain.doFilter(ApplicationFilterChain.java:153) [tomcat-catalina-9.0.82.jar:9.0.82]
	at org.apache.ofbiz.webapp.control.ContextFilter.doFilter(ContextFilter.java:188) [main/:?]
	at org.apache.catalina.core.ApplicationFilterChain.internalDoFilter(ApplicationFilterChain.java:178) [tomcat-catalina-9.0.82.jar:9.0.82]
	at org.apache.catalina.core.ApplicationFilterChain.doFilter(ApplicationFilterChain.java:153) [tomcat-catalina-9.0.82.jar:9.0.82]
	at org.apache.ofbiz.base.util.CacheFilter.doFilter(CacheFilter.java:63) [main/:?]
	at org.apache.catalina.core.ApplicationFilterChain.internalDoFilter(ApplicationFilterChain.java:178) [tomcat-catalina-9.0.82.jar:9.0.82]
	at org.apache.catalina.core.ApplicationFilterChain.doFilter(ApplicationFilterChain.java:153) [tomcat-catalina-9.0.82.jar:9.0.82]
	at org.apache.ofbiz.webapp.control.ControlFilter.doFilter(ControlFilter.java:167) [main/:?]
	at javax.servlet.http.HttpFilter.doFilter(HttpFilter.java:53) [tomcat-servlet-api-9.0.82.jar:4.0.FR]
	at org.apache.catalina.core.ApplicationFilterChain.internalDoFilter(ApplicationFilterChain.java:178) [tomcat-catalina-9.0.82.jar:9.0.82]
	at org.apache.catalina.core.ApplicationFilterChain.doFilter(ApplicationFilterChain.java:153) [tomcat-catalina-9.0.82.jar:9.0.82]
	at org.apache.logging.log4j.web.Log4jServletFilter.doFilter(Log4jServletFilter.java:71) [log4j-web-2.20.0.jar:2.20.0]
	at org.apache.catalina.core.ApplicationFilterChain.internalDoFilter(ApplicationFilterChain.java:178) [tomcat-catalina-9.0.82.jar:9.0.82]
	at org.apache.catalina.core.ApplicationFilterChain.doFilter(ApplicationFilterChain.java:153) [tomcat-catalina-9.0.82.jar:9.0.82]
	at org.apache.catalina.core.StandardWrapperValve.invoke(StandardWrapperValve.java:168) [tomcat-catalina-9.0.82.jar:9.0.82]
	at org.apache.catalina.core.StandardContextValve.invoke(StandardContextValve.java:90) [tomcat-catalina-9.0.82.jar:9.0.82]
	at org.apache.catalina.authenticator.AuthenticatorBase.invoke(AuthenticatorBase.java:481) [tomcat-catalina-9.0.82.jar:9.0.82]
	at org.apache.catalina.core.StandardHostValve.invoke(StandardHostValve.java:130) [tomcat-catalina-9.0.82.jar:9.0.82]
	at org.apache.catalina.valves.ErrorReportValve.invoke(ErrorReportValve.java:93) [tomcat-catalina-9.0.82.jar:9.0.82]
	at org.apache.catalina.core.StandardEngineValve.invoke(StandardEngineValve.java:74) [tomcat-catalina-9.0.82.jar:9.0.82]
	at org.apache.catalina.valves.AbstractAccessLogValve.invoke(AbstractAccessLogValve.java:670) [tomcat-catalina-9.0.82.jar:9.0.82]
	at org.apache.catalina.connector.CoyoteAdapter.service(CoyoteAdapter.java:342) [tomcat-catalina-9.0.82.jar:9.0.82]
	at org.apache.coyote.http2.StreamProcessor.service(StreamProcessor.java:432) [tomcat-coyote-9.0.82.jar:9.0.82]
	at org.apache.coyote.AbstractProcessorLight.process(AbstractProcessorLight.java:63) [tomcat-coyote-9.0.82.jar:9.0.82]
	at org.apache.coyote.http2.StreamProcessor.process(StreamProcessor.java:90) [tomcat-coyote-9.0.82.jar:9.0.82]
	at org.apache.coyote.http2.StreamRunnable.run(StreamRunnable.java:35) [tomcat-coyote-9.0.82.jar:9.0.82]
	at org.apache.tomcat.util.threads.ThreadPoolExecutor.runWorker(ThreadPoolExecutor.java:1191) [tomcat-util-9.0.82.jar:9.0.82]
	at org.apache.tomcat.util.threads.ThreadPoolExecutor$Worker.run(ThreadPoolExecutor.java:659) [tomcat-util-9.0.82.jar:9.0.82]
	at org.apache.tomcat.util.threads.TaskThread$WrappingRunnable.run(TaskThread.java:61) [tomcat-util-9.0.82.jar:9.0.82]
	at java.lang.Thread.run(Thread.java:842) [?:?]
Caused by: java.lang.Exception: Transaction has timed out
	at org.apache.geronimo.transaction.manager.TransactionImpl.commit(TransactionImpl.java:266) ~[geronimo-transaction-3.1.5.jar:3.1.5]
	at org.apache.geronimo.transaction.manager.TransactionManagerImpl.commit(TransactionManagerImpl.java:263) ~[geronimo-transaction-3.1.5.jar:3.1.5]
	at org.apache.ofbiz.entity.transaction.TransactionUtil.commit(TransactionUtil.java:250) ~[main/:?]
	... 45 more
2023-11-17 14:59:20,126 |jsse-nio-8443-exec-1 |JavaEventHandler              |E| null
org.apache.ofbiz.entity.transaction.GenericTransactionException: Roll back error (with no rollbackOnly cause found), could not commit transaction, was rolled back instead: java.lang.Exception: Transaction has timed out (Transaction has timed out)
	at org.apache.ofbiz.entity.transaction.TransactionUtil.commit(TransactionUtil.java:279) ~[main/:?]
	at org.apache.ofbiz.entity.transaction.TransactionUtil.commit(TransactionUtil.java:233) ~[main/:?]
	at org.apache.ofbiz.webapp.event.JavaEventHandler.invoke(JavaEventHandler.java:105) [main/:?]
	at org.apache.ofbiz.webapp.control.RequestHandler.runEvent(RequestHandler.java:1078) [main/:?]
	at org.apache.ofbiz.webapp.control.RequestHandler.doRequest(RequestHandler.java:678) [main/:?]
	at org.apache.ofbiz.webapp.control.ControlServlet.handle(ControlServlet.java:231) [main/:?]
	at org.apache.ofbiz.webapp.control.ControlServlet.doPost(ControlServlet.java:81) [main/:?]
	at javax.servlet.http.HttpServlet.service(HttpServlet.java:555) [tomcat-servlet-api-9.0.82.jar:4.0.FR]
	at javax.servlet.http.HttpServlet.service(HttpServlet.java:623) [tomcat-servlet-api-9.0.82.jar:4.0.FR]
	at org.apache.catalina.core.ApplicationFilterChain.internalDoFilter(ApplicationFilterChain.java:209) [tomcat-catalina-9.0.82.jar:9.0.82]
	at org.apache.catalina.core.ApplicationFilterChain.doFilter(ApplicationFilterChain.java:153) [tomcat-catalina-9.0.82.jar:9.0.82]
	at org.apache.tomcat.websocket.server.WsFilter.doFilter(WsFilter.java:51) [tomcat-embed-websocket-9.0.82.jar:9.0.82]
	at org.apache.catalina.core.ApplicationFilterChain.internalDoFilter(ApplicationFilterChain.java:178) [tomcat-catalina-9.0.82.jar:9.0.82]
	at org.apache.catalina.core.ApplicationFilterChain.doFilter(ApplicationFilterChain.java:153) [tomcat-catalina-9.0.82.jar:9.0.82]
	at org.apache.ofbiz.webapp.control.SameSiteFilter.doFilter(SameSiteFilter.java:45) [main/:?]
	at org.apache.catalina.core.ApplicationFilterChain.internalDoFilter(ApplicationFilterChain.java:178) [tomcat-catalina-9.0.82.jar:9.0.82]
	at org.apache.catalina.core.ApplicationFilterChain.doFilter(ApplicationFilterChain.java:153) [tomcat-catalina-9.0.82.jar:9.0.82]
	at org.apache.ofbiz.webapp.control.ContextFilter.doFilter(ContextFilter.java:188) [main/:?]
	at org.apache.catalina.core.ApplicationFilterChain.internalDoFilter(ApplicationFilterChain.java:178) [tomcat-catalina-9.0.82.jar:9.0.82]
	at org.apache.catalina.core.ApplicationFilterChain.doFilter(ApplicationFilterChain.java:153) [tomcat-catalina-9.0.82.jar:9.0.82]
	at org.apache.ofbiz.base.util.CacheFilter.doFilter(CacheFilter.java:63) [main/:?]
	at org.apache.catalina.core.ApplicationFilterChain.internalDoFilter(ApplicationFilterChain.java:178) [tomcat-catalina-9.0.82.jar:9.0.82]
	at org.apache.catalina.core.ApplicationFilterChain.doFilter(ApplicationFilterChain.java:153) [tomcat-catalina-9.0.82.jar:9.0.82]
	at org.apache.ofbiz.webapp.control.ControlFilter.doFilter(ControlFilter.java:167) [main/:?]
	at javax.servlet.http.HttpFilter.doFilter(HttpFilter.java:53) [tomcat-servlet-api-9.0.82.jar:4.0.FR]
	at org.apache.catalina.core.ApplicationFilterChain.internalDoFilter(ApplicationFilterChain.java:178) [tomcat-catalina-9.0.82.jar:9.0.82]
	at org.apache.catalina.core.ApplicationFilterChain.doFilter(ApplicationFilterChain.java:153) [tomcat-catalina-9.0.82.jar:9.0.82]
	at org.apache.logging.log4j.web.Log4jServletFilter.doFilter(Log4jServletFilter.java:71) [log4j-web-2.20.0.jar:2.20.0]
	at org.apache.catalina.core.ApplicationFilterChain.internalDoFilter(ApplicationFilterChain.java:178) [tomcat-catalina-9.0.82.jar:9.0.82]
	at org.apache.catalina.core.ApplicationFilterChain.doFilter(ApplicationFilterChain.java:153) [tomcat-catalina-9.0.82.jar:9.0.82]
	at org.apache.catalina.core.StandardWrapperValve.invoke(StandardWrapperValve.java:168) [tomcat-catalina-9.0.82.jar:9.0.82]
	at org.apache.catalina.core.StandardContextValve.invoke(StandardContextValve.java:90) [tomcat-catalina-9.0.82.jar:9.0.82]
	at org.apache.catalina.authenticator.AuthenticatorBase.invoke(AuthenticatorBase.java:481) [tomcat-catalina-9.0.82.jar:9.0.82]
	at org.apache.catalina.core.StandardHostValve.invoke(StandardHostValve.java:130) [tomcat-catalina-9.0.82.jar:9.0.82]
	at org.apache.catalina.valves.ErrorReportValve.invoke(ErrorReportValve.java:93) [tomcat-catalina-9.0.82.jar:9.0.82]
	at org.apache.catalina.core.StandardEngineValve.invoke(StandardEngineValve.java:74) [tomcat-catalina-9.0.82.jar:9.0.82]
	at org.apache.catalina.valves.AbstractAccessLogValve.invoke(AbstractAccessLogValve.java:670) [tomcat-catalina-9.0.82.jar:9.0.82]
	at org.apache.catalina.connector.CoyoteAdapter.service(CoyoteAdapter.java:342) [tomcat-catalina-9.0.82.jar:9.0.82]
	at org.apache.coyote.http2.StreamProcessor.service(StreamProcessor.java:432) [tomcat-coyote-9.0.82.jar:9.0.82]
	at org.apache.coyote.AbstractProcessorLight.process(AbstractProcessorLight.java:63) [tomcat-coyote-9.0.82.jar:9.0.82]
	at org.apache.coyote.http2.StreamProcessor.process(StreamProcessor.java:90) [tomcat-coyote-9.0.82.jar:9.0.82]
	at org.apache.coyote.http2.StreamRunnable.run(StreamRunnable.java:35) [tomcat-coyote-9.0.82.jar:9.0.82]
	at org.apache.tomcat.util.threads.ThreadPoolExecutor.runWorker(ThreadPoolExecutor.java:1191) [tomcat-util-9.0.82.jar:9.0.82]
	at org.apache.tomcat.util.threads.ThreadPoolExecutor$Worker.run(ThreadPoolExecutor.java:659) [tomcat-util-9.0.82.jar:9.0.82]
	at org.apache.tomcat.util.threads.TaskThread$WrappingRunnable.run(TaskThread.java:61) [tomcat-util-9.0.82.jar:9.0.82]
	at java.lang.Thread.run(Thread.java:842) [?:?]
Caused by: java.lang.Exception: Transaction has timed out
	at org.apache.geronimo.transaction.manager.TransactionImpl.commit(TransactionImpl.java:266) ~[geronimo-transaction-3.1.5.jar:3.1.5]
	at org.apache.geronimo.transaction.manager.TransactionManagerImpl.commit(TransactionManagerImpl.java:263) ~[geronimo-transaction-3.1.5.jar:3.1.5]
	at org.apache.ofbiz.entity.transaction.TransactionUtil.commit(TransactionUtil.java:250) ~[main/:?]
	... 45 more
2023-11-17 15:03:15,888 |jsse-nio-8443-exec-5 |ControlServlet                |E| Error in request handler: 
java.lang.NullPointerException: Cannot invoke "String.substring(int)" because the return value of "javax.servlet.http.HttpServletRequest.getPathInfo()" is null
	at org.apache.ofbiz.webapp.control.RequestHandler.resolveTemplateURI(RequestHandler.java:186) ~[main/:?]
	at org.apache.ofbiz.webapp.control.RequestHandler.resolveURI(RequestHandler.java:130) ~[main/:?]
	at org.apache.ofbiz.webapp.control.RequestHandler.doRequest(RequestHandler.java:395) ~[main/:?]
	at org.apache.ofbiz.webapp.control.ControlServlet.handle(ControlServlet.java:231) [main/:?]
	at org.apache.ofbiz.webapp.control.ControlServlet.doGet(ControlServlet.java:96) [main/:?]
	at javax.servlet.http.HttpServlet.service(HttpServlet.java:529) [tomcat-servlet-api-9.0.82.jar:4.0.FR]
	at javax.servlet.http.HttpServlet.service(HttpServlet.java:623) [tomcat-servlet-api-9.0.82.jar:4.0.FR]
	at org.apache.catalina.core.ApplicationFilterChain.internalDoFilter(ApplicationFilterChain.java:209) [tomcat-catalina-9.0.82.jar:9.0.82]
	at org.apache.catalina.core.ApplicationFilterChain.doFilter(ApplicationFilterChain.java:153) [tomcat-catalina-9.0.82.jar:9.0.82]
	at org.apache.tomcat.websocket.server.WsFilter.doFilter(WsFilter.java:51) [tomcat-embed-websocket-9.0.82.jar:9.0.82]
	at org.apache.catalina.core.ApplicationFilterChain.internalDoFilter(ApplicationFilterChain.java:178) [tomcat-catalina-9.0.82.jar:9.0.82]
	at org.apache.catalina.core.ApplicationFilterChain.doFilter(ApplicationFilterChain.java:153) [tomcat-catalina-9.0.82.jar:9.0.82]
	at org.apache.ofbiz.webapp.control.SameSiteFilter.doFilter(SameSiteFilter.java:45) [main/:?]
	at org.apache.catalina.core.ApplicationFilterChain.internalDoFilter(ApplicationFilterChain.java:178) [tomcat-catalina-9.0.82.jar:9.0.82]
	at org.apache.catalina.core.ApplicationFilterChain.doFilter(ApplicationFilterChain.java:153) [tomcat-catalina-9.0.82.jar:9.0.82]
	at org.apache.ofbiz.webapp.control.ContextFilter.doFilter(ContextFilter.java:188) [main/:?]
	at org.apache.catalina.core.ApplicationFilterChain.internalDoFilter(ApplicationFilterChain.java:178) [tomcat-catalina-9.0.82.jar:9.0.82]
	at org.apache.catalina.core.ApplicationFilterChain.doFilter(ApplicationFilterChain.java:153) [tomcat-catalina-9.0.82.jar:9.0.82]
	at org.apache.ofbiz.base.util.CacheFilter.doFilter(CacheFilter.java:63) [main/:?]
	at org.apache.catalina.core.ApplicationFilterChain.internalDoFilter(ApplicationFilterChain.java:178) [tomcat-catalina-9.0.82.jar:9.0.82]
	at org.apache.catalina.core.ApplicationFilterChain.doFilter(ApplicationFilterChain.java:153) [tomcat-catalina-9.0.82.jar:9.0.82]
	at org.apache.ofbiz.webapp.control.ControlFilter.doFilter(ControlFilter.java:167) [main/:?]
	at javax.servlet.http.HttpFilter.doFilter(HttpFilter.java:53) [tomcat-servlet-api-9.0.82.jar:4.0.FR]
	at org.apache.catalina.core.ApplicationFilterChain.internalDoFilter(ApplicationFilterChain.java:178) [tomcat-catalina-9.0.82.jar:9.0.82]
	at org.apache.catalina.core.ApplicationFilterChain.doFilter(ApplicationFilterChain.java:153) [tomcat-catalina-9.0.82.jar:9.0.82]
	at org.apache.logging.log4j.web.Log4jServletFilter.doFilter(Log4jServletFilter.java:71) [log4j-web-2.20.0.jar:2.20.0]
	at org.apache.catalina.core.ApplicationFilterChain.internalDoFilter(ApplicationFilterChain.java:178) [tomcat-catalina-9.0.82.jar:9.0.82]
	at org.apache.catalina.core.ApplicationFilterChain.doFilter(ApplicationFilterChain.java:153) [tomcat-catalina-9.0.82.jar:9.0.82]
	at org.apache.catalina.core.StandardWrapperValve.invoke(StandardWrapperValve.java:168) [tomcat-catalina-9.0.82.jar:9.0.82]
	at org.apache.catalina.core.StandardContextValve.invoke(StandardContextValve.java:90) [tomcat-catalina-9.0.82.jar:9.0.82]
	at org.apache.catalina.authenticator.AuthenticatorBase.invoke(AuthenticatorBase.java:481) [tomcat-catalina-9.0.82.jar:9.0.82]
	at org.apache.catalina.core.StandardHostValve.invoke(StandardHostValve.java:130) [tomcat-catalina-9.0.82.jar:9.0.82]
	at org.apache.catalina.valves.ErrorReportValve.invoke(ErrorReportValve.java:93) [tomcat-catalina-9.0.82.jar:9.0.82]
	at org.apache.catalina.core.StandardEngineValve.invoke(StandardEngineValve.java:74) [tomcat-catalina-9.0.82.jar:9.0.82]
	at org.apache.catalina.valves.AbstractAccessLogValve.invoke(AbstractAccessLogValve.java:670) [tomcat-catalina-9.0.82.jar:9.0.82]
	at org.apache.catalina.connector.CoyoteAdapter.service(CoyoteAdapter.java:342) [tomcat-catalina-9.0.82.jar:9.0.82]
	at org.apache.coyote.http2.StreamProcessor.service(StreamProcessor.java:432) [tomcat-coyote-9.0.82.jar:9.0.82]
	at org.apache.coyote.AbstractProcessorLight.process(AbstractProcessorLight.java:63) [tomcat-coyote-9.0.82.jar:9.0.82]
	at org.apache.coyote.http2.StreamProcessor.process(StreamProcessor.java:90) [tomcat-coyote-9.0.82.jar:9.0.82]
	at org.apache.coyote.http2.StreamRunnable.run(StreamRunnable.java:35) [tomcat-coyote-9.0.82.jar:9.0.82]
	at org.apache.tomcat.util.threads.ThreadPoolExecutor.runWorker(ThreadPoolExecutor.java:1191) [tomcat-util-9.0.82.jar:9.0.82]
	at org.apache.tomcat.util.threads.ThreadPoolExecutor$Worker.run(ThreadPoolExecutor.java:659) [tomcat-util-9.0.82.jar:9.0.82]
	at org.apache.tomcat.util.threads.TaskThread$WrappingRunnable.run(TaskThread.java:61) [tomcat-util-9.0.82.jar:9.0.82]
	at java.lang.Thread.run(Thread.java:842) [?:?]
2023-11-17 15:03:15,994 |jsse-nio-8443-exec-5 |ControlServlet                |E| An error occurred, going to the errorPage: file:/D:/ofbiz/ofbiz-framework/framework/common/webcommon/error/Error.ftl
