2023-12-08 09:51:06,501 |OFBiz-batch-2        |DatabaseUtil                  |E| Column [DIFFICULTY_LEVEL] of table [public.QUESTION_MASTER] of entity [QuestionMaster] is of type [int4] in the database, but is defined as type [INTEGER] in the entity definition.
2023-12-08 09:51:06,506 |OFBiz-batch-2        |DatabaseUtil                  |E| Column [PERFORMANCE_ID] of table [public.USER_ATTEMPT_ANSWER_MASTER] of entity [UserAttemptAnswerMaster] is of type [int4] in the database, but is defined as type [INTEGER] in the entity definition.
2023-12-08 09:51:06,506 |OFBiz-batch-2        |DatabaseUtil                  |E| Column [IS_FLAGGED] of table [public.USER_ATTEMPT_ANSWER_MASTER] of entity [UserAttemptAnswerMaster] is of type [int4] in the database, but is defined as type [INTEGER] in the entity definition.
2023-12-08 09:51:06,506 |OFBiz-batch-2        |DatabaseUtil                  |E| Column [NO_OF_QUESTIONS] of table [public.USER_ATTEMPT_MASTER] of entity [UserAttemptMaster] is of type [int4] in the database, but is defined as type [INTEGER] in the entity definition.
2023-12-08 09:51:06,506 |OFBiz-batch-2        |DatabaseUtil                  |E| Column [TOTAL_WRONG] of table [public.USER_ATTEMPT_MASTER] of entity [UserAttemptMaster] is of type [int4] in the database, but is defined as type [INTEGER] in the entity definition.
2023-12-08 09:51:06,506 |OFBiz-batch-2        |DatabaseUtil                  |E| Column [TOTAL_CORRECT] of table [public.USER_ATTEMPT_MASTER] of entity [UserAttemptMaster] is of type [int4] in the database, but is defined as type [INTEGER] in the entity definition.
2023-12-08 09:51:06,506 |OFBiz-batch-2        |DatabaseUtil                  |E| Column [PERFORMANCE_ID] of table [public.USER_ATTEMPT_MASTER] of entity [UserAttemptMaster] is of type [int4] in the database, but is defined as type [INTEGER] in the entity definition.
2023-12-08 09:51:06,506 |OFBiz-batch-2        |DatabaseUtil                  |E| Column [CORRECT_QUESTIONS_IN_THIS_TOPIC] of table [public.USER_ATTEMPT_TOPIC_MASTER] of entity [UserAttemptTopicMaster] is of type [int4] in the database, but is defined as type [INTEGER] in the entity definition.
2023-12-08 09:51:06,506 |OFBiz-batch-2        |DatabaseUtil                  |E| Column [PERFORMANCE_ID] of table [public.USER_ATTEMPT_TOPIC_MASTER] of entity [UserAttemptTopicMaster] is of type [int4] in the database, but is defined as type [INTEGER] in the entity definition.
2023-12-08 09:51:06,506 |OFBiz-batch-2        |DatabaseUtil                  |E| Column [TOTAL_QUESTIONS_IN_THIS_TOPIC] of table [public.USER_ATTEMPT_TOPIC_MASTER] of entity [UserAttemptTopicMaster] is of type [int4] in the database, but is defined as type [INTEGER] in the entity definition.
2023-12-08 09:51:06,506 |OFBiz-batch-2        |DatabaseUtil                  |E| Column [MAX_SPLIT_ATTEMPTS] of table [public.USER_EXAM_MAPPING_MASTER] of entity [UserExamMappingMaster] is of type [int4] in the database, but is defined as type [INTEGER] in the entity definition.
2023-12-08 10:03:09,902 |sse-nio-8443-exec-15 |GenericDelegator              |E| Failure in create operation for entity [RoleType]: org.apache.ofbiz.entity.GenericEntityException: Error while inserting: [GenericEntity:RoleType][createdStamp,2023-12-08 10:03:09.886(java.sql.Timestamp)][createdTxStamp,2023-12-08 10:03:09.885(java.sql.Timestamp)][description,user(java.lang.String)][hasTable,null()][lastUpdatedStamp,2023-12-08 10:03:09.886(java.sql.Timestamp)][lastUpdatedTxStamp,2023-12-08 10:03:09.885(java.sql.Timestamp)][parentTypeId,null()][roleTypeId,USER(java.lang.String)] (SQL Exception while executing the following:INSERT INTO public.ROLE_TYPE (ROLE_TYPE_ID, PARENT_TYPE_ID, HAS_TABLE, DESCRIPTION, LAST_UPDATED_STAMP, LAST_UPDATED_TX_STAMP, CREATED_STAMP, CREATED_TX_STAMP) VALUES (?, ?, ?, ?, ?, ?, ?, ?) (ERROR: duplicate key value violates unique constraint "pk_role_type"
  Detail: Key (role_type_id)=(USER) already exists.)). Rolling back transaction.
2023-12-08 10:03:09,906 |sse-nio-8443-exec-15 |TransactionUtil               |E| Rollback Only was set when trying to commit transaction here; throwing rollbackOnly cause exception
javax.transaction.RollbackException: Unable to commit: transaction marked for rollback
	at org.apache.geronimo.transaction.manager.TransactionImpl.commit(TransactionImpl.java:272) ~[geronimo-transaction-3.1.5.jar:3.1.5]
	at org.apache.geronimo.transaction.manager.TransactionManagerImpl.commit(TransactionManagerImpl.java:263) ~[geronimo-transaction-3.1.5.jar:3.1.5]
	at org.apache.ofbiz.entity.transaction.TransactionUtil.commit(TransactionUtil.java:250) [main/:?]
	at org.apache.ofbiz.entity.transaction.TransactionUtil.commit(TransactionUtil.java:233) [main/:?]
	at org.apache.ofbiz.webapp.event.JavaEventHandler.invoke(JavaEventHandler.java:105) [main/:?]
	at org.apache.ofbiz.webapp.control.RequestHandler.runEvent(RequestHandler.java:1078) [main/:?]
	at org.apache.ofbiz.webapp.control.RequestHandler.doRequest(RequestHandler.java:678) [main/:?]
	at org.apache.ofbiz.webapp.control.ControlServlet.handle(ControlServlet.java:231) [main/:?]
	at org.apache.ofbiz.webapp.control.ControlServlet.doPost(ControlServlet.java:81) [main/:?]
	at javax.servlet.http.HttpServlet.service(HttpServlet.java:555) [tomcat-servlet-api-9.0.82.jar:4.0.FR]
	at javax.servlet.http.HttpServlet.service(HttpServlet.java:623) [tomcat-servlet-api-9.0.82.jar:4.0.FR]
	at org.apache.catalina.core.ApplicationFilterChain.internalDoFilter(ApplicationFilterChain.java:209) [tomcat-catalina-9.0.82.jar:9.0.82]
	at org.apache.catalina.core.ApplicationFilterChain.doFilter(ApplicationFilterChain.java:153) [tomcat-catalina-9.0.82.jar:9.0.82]
	at org.apache.tomcat.websocket.server.WsFilter.doFilter(WsFilter.java:51) [tomcat-embed-websocket-9.0.82.jar:9.0.82]
	at org.apache.catalina.core.ApplicationFilterChain.internalDoFilter(ApplicationFilterChain.java:178) [tomcat-catalina-9.0.82.jar:9.0.82]
	at org.apache.catalina.core.ApplicationFilterChain.doFilter(ApplicationFilterChain.java:153) [tomcat-catalina-9.0.82.jar:9.0.82]
	at org.apache.ofbiz.webapp.control.SameSiteFilter.doFilter(SameSiteFilter.java:45) [main/:?]
	at org.apache.catalina.core.ApplicationFilterChain.internalDoFilter(ApplicationFilterChain.java:178) [tomcat-catalina-9.0.82.jar:9.0.82]
	at org.apache.catalina.core.ApplicationFilterChain.doFilter(ApplicationFilterChain.java:153) [tomcat-catalina-9.0.82.jar:9.0.82]
	at org.apache.ofbiz.webapp.control.ContextFilter.doFilter(ContextFilter.java:188) [main/:?]
	at org.apache.catalina.core.ApplicationFilterChain.internalDoFilter(ApplicationFilterChain.java:178) [tomcat-catalina-9.0.82.jar:9.0.82]
	at org.apache.catalina.core.ApplicationFilterChain.doFilter(ApplicationFilterChain.java:153) [tomcat-catalina-9.0.82.jar:9.0.82]
	at org.apache.ofbiz.base.util.CacheFilter.doFilter(CacheFilter.java:63) [main/:?]
	at org.apache.catalina.core.ApplicationFilterChain.internalDoFilter(ApplicationFilterChain.java:178) [tomcat-catalina-9.0.82.jar:9.0.82]
	at org.apache.catalina.core.ApplicationFilterChain.doFilter(ApplicationFilterChain.java:153) [tomcat-catalina-9.0.82.jar:9.0.82]
	at org.apache.ofbiz.webapp.control.ControlFilter.doFilter(ControlFilter.java:167) [main/:?]
	at javax.servlet.http.HttpFilter.doFilter(HttpFilter.java:53) [tomcat-servlet-api-9.0.82.jar:4.0.FR]
	at org.apache.catalina.core.ApplicationFilterChain.internalDoFilter(ApplicationFilterChain.java:178) [tomcat-catalina-9.0.82.jar:9.0.82]
	at org.apache.catalina.core.ApplicationFilterChain.doFilter(ApplicationFilterChain.java:153) [tomcat-catalina-9.0.82.jar:9.0.82]
	at org.apache.logging.log4j.web.Log4jServletFilter.doFilter(Log4jServletFilter.java:71) [log4j-web-2.20.0.jar:2.20.0]
	at org.apache.catalina.core.ApplicationFilterChain.internalDoFilter(ApplicationFilterChain.java:178) [tomcat-catalina-9.0.82.jar:9.0.82]
	at org.apache.catalina.core.ApplicationFilterChain.doFilter(ApplicationFilterChain.java:153) [tomcat-catalina-9.0.82.jar:9.0.82]
	at org.apache.catalina.core.StandardWrapperValve.invoke(StandardWrapperValve.java:168) [tomcat-catalina-9.0.82.jar:9.0.82]
	at org.apache.catalina.core.StandardContextValve.invoke(StandardContextValve.java:90) [tomcat-catalina-9.0.82.jar:9.0.82]
	at org.apache.catalina.authenticator.AuthenticatorBase.invoke(AuthenticatorBase.java:481) [tomcat-catalina-9.0.82.jar:9.0.82]
	at org.apache.catalina.core.StandardHostValve.invoke(StandardHostValve.java:130) [tomcat-catalina-9.0.82.jar:9.0.82]
	at org.apache.catalina.valves.ErrorReportValve.invoke(ErrorReportValve.java:93) [tomcat-catalina-9.0.82.jar:9.0.82]
	at org.apache.catalina.core.StandardEngineValve.invoke(StandardEngineValve.java:74) [tomcat-catalina-9.0.82.jar:9.0.82]
	at org.apache.catalina.valves.AbstractAccessLogValve.invoke(AbstractAccessLogValve.java:670) [tomcat-catalina-9.0.82.jar:9.0.82]
	at org.apache.catalina.connector.CoyoteAdapter.service(CoyoteAdapter.java:342) [tomcat-catalina-9.0.82.jar:9.0.82]
	at org.apache.coyote.http2.StreamProcessor.service(StreamProcessor.java:432) [tomcat-coyote-9.0.82.jar:9.0.82]
	at org.apache.coyote.AbstractProcessorLight.process(AbstractProcessorLight.java:63) [tomcat-coyote-9.0.82.jar:9.0.82]
	at org.apache.coyote.http2.StreamProcessor.process(StreamProcessor.java:90) [tomcat-coyote-9.0.82.jar:9.0.82]
	at org.apache.coyote.http2.StreamRunnable.run(StreamRunnable.java:35) [tomcat-coyote-9.0.82.jar:9.0.82]
	at org.apache.tomcat.util.threads.ThreadPoolExecutor.runWorker(ThreadPoolExecutor.java:1191) [tomcat-util-9.0.82.jar:9.0.82]
	at org.apache.tomcat.util.threads.ThreadPoolExecutor$Worker.run(ThreadPoolExecutor.java:659) [tomcat-util-9.0.82.jar:9.0.82]
	at org.apache.tomcat.util.threads.TaskThread$WrappingRunnable.run(TaskThread.java:61) [tomcat-util-9.0.82.jar:9.0.82]
	at java.lang.Thread.run(Thread.java:842) [?:?]
Caused by: org.apache.geronimo.transaction.manager.SetRollbackOnlyException: setRollbackOnly() called.  See stacktrace for origin
	at org.apache.geronimo.transaction.manager.TransactionImpl.setRollbackOnly(TransactionImpl.java:126) ~[geronimo-transaction-3.1.5.jar:3.1.5]
	at org.apache.geronimo.transaction.manager.TransactionManagerImpl.setRollbackOnly(TransactionManagerImpl.java:254) ~[geronimo-transaction-3.1.5.jar:3.1.5]
	at org.apache.ofbiz.entity.transaction.TransactionUtil.setRollbackOnly(TransactionUtil.java:375) ~[main/:?]
	at org.apache.ofbiz.entity.jdbc.SQLProcessor.rollback(SQLProcessor.java:198) ~[main/:?]
	at org.apache.ofbiz.entity.datasource.GenericDAO.insert(GenericDAO.java:117) ~[main/:?]
	at org.apache.ofbiz.entity.datasource.GenericHelperDAO.create(GenericHelperDAO.java:68) ~[main/:?]
	at org.apache.ofbiz.entity.GenericDelegator.create(GenericDelegator.java:897) ~[main/:?]
	at org.apache.ofbiz.entity.GenericDelegator.create(GenericDelegator.java:753) ~[main/:?]
	at org.apache.ofbiz.webtools.GenericWebEvent.updateGeneric(GenericWebEvent.java:350) ~[main/:?]
	at jdk.internal.reflect.NativeMethodAccessorImpl.invoke0(Native Method) ~[?:?]
	at jdk.internal.reflect.NativeMethodAccessorImpl.invoke(NativeMethodAccessorImpl.java:77) ~[?:?]
	at jdk.internal.reflect.DelegatingMethodAccessorImpl.invoke(DelegatingMethodAccessorImpl.java:43) ~[?:?]
	at java.lang.reflect.Method.invoke(Method.java:568) ~[?:?]
	at org.apache.ofbiz.webapp.event.JavaEventHandler.invoke(JavaEventHandler.java:85) ~[main/:?]
	... 43 more
2023-12-08 10:03:09,908 |sse-nio-8443-exec-15 |JavaEventHandler              |E| null
org.apache.ofbiz.entity.transaction.GenericTransactionException: Roll back error, could not commit transaction, was rolled back instead because of: rollback called in Entity Engine SQLProcessorjava.lang.Exception: Current Location Stack (Current Location Stack)
	at org.apache.ofbiz.entity.transaction.TransactionUtil.commit(TransactionUtil.java:275) ~[main/:?]
	at org.apache.ofbiz.entity.transaction.TransactionUtil.commit(TransactionUtil.java:233) ~[main/:?]
	at org.apache.ofbiz.webapp.event.JavaEventHandler.invoke(JavaEventHandler.java:105) [main/:?]
	at org.apache.ofbiz.webapp.control.RequestHandler.runEvent(RequestHandler.java:1078) [main/:?]
	at org.apache.ofbiz.webapp.control.RequestHandler.doRequest(RequestHandler.java:678) [main/:?]
	at org.apache.ofbiz.webapp.control.ControlServlet.handle(ControlServlet.java:231) [main/:?]
	at org.apache.ofbiz.webapp.control.ControlServlet.doPost(ControlServlet.java:81) [main/:?]
	at javax.servlet.http.HttpServlet.service(HttpServlet.java:555) [tomcat-servlet-api-9.0.82.jar:4.0.FR]
	at javax.servlet.http.HttpServlet.service(HttpServlet.java:623) [tomcat-servlet-api-9.0.82.jar:4.0.FR]
	at org.apache.catalina.core.ApplicationFilterChain.internalDoFilter(ApplicationFilterChain.java:209) [tomcat-catalina-9.0.82.jar:9.0.82]
	at org.apache.catalina.core.ApplicationFilterChain.doFilter(ApplicationFilterChain.java:153) [tomcat-catalina-9.0.82.jar:9.0.82]
	at org.apache.tomcat.websocket.server.WsFilter.doFilter(WsFilter.java:51) [tomcat-embed-websocket-9.0.82.jar:9.0.82]
	at org.apache.catalina.core.ApplicationFilterChain.internalDoFilter(ApplicationFilterChain.java:178) [tomcat-catalina-9.0.82.jar:9.0.82]
	at org.apache.catalina.core.ApplicationFilterChain.doFilter(ApplicationFilterChain.java:153) [tomcat-catalina-9.0.82.jar:9.0.82]
	at org.apache.ofbiz.webapp.control.SameSiteFilter.doFilter(SameSiteFilter.java:45) [main/:?]
	at org.apache.catalina.core.ApplicationFilterChain.internalDoFilter(ApplicationFilterChain.java:178) [tomcat-catalina-9.0.82.jar:9.0.82]
	at org.apache.catalina.core.ApplicationFilterChain.doFilter(ApplicationFilterChain.java:153) [tomcat-catalina-9.0.82.jar:9.0.82]
	at org.apache.ofbiz.webapp.control.ContextFilter.doFilter(ContextFilter.java:188) [main/:?]
	at org.apache.catalina.core.ApplicationFilterChain.internalDoFilter(ApplicationFilterChain.java:178) [tomcat-catalina-9.0.82.jar:9.0.82]
	at org.apache.catalina.core.ApplicationFilterChain.doFilter(ApplicationFilterChain.java:153) [tomcat-catalina-9.0.82.jar:9.0.82]
	at org.apache.ofbiz.base.util.CacheFilter.doFilter(CacheFilter.java:63) [main/:?]
	at org.apache.catalina.core.ApplicationFilterChain.internalDoFilter(ApplicationFilterChain.java:178) [tomcat-catalina-9.0.82.jar:9.0.82]
	at org.apache.catalina.core.ApplicationFilterChain.doFilter(ApplicationFilterChain.java:153) [tomcat-catalina-9.0.82.jar:9.0.82]
	at org.apache.ofbiz.webapp.control.ControlFilter.doFilter(ControlFilter.java:167) [main/:?]
	at javax.servlet.http.HttpFilter.doFilter(HttpFilter.java:53) [tomcat-servlet-api-9.0.82.jar:4.0.FR]
	at org.apache.catalina.core.ApplicationFilterChain.internalDoFilter(ApplicationFilterChain.java:178) [tomcat-catalina-9.0.82.jar:9.0.82]
	at org.apache.catalina.core.ApplicationFilterChain.doFilter(ApplicationFilterChain.java:153) [tomcat-catalina-9.0.82.jar:9.0.82]
	at org.apache.logging.log4j.web.Log4jServletFilter.doFilter(Log4jServletFilter.java:71) [log4j-web-2.20.0.jar:2.20.0]
	at org.apache.catalina.core.ApplicationFilterChain.internalDoFilter(ApplicationFilterChain.java:178) [tomcat-catalina-9.0.82.jar:9.0.82]
	at org.apache.catalina.core.ApplicationFilterChain.doFilter(ApplicationFilterChain.java:153) [tomcat-catalina-9.0.82.jar:9.0.82]
	at org.apache.catalina.core.StandardWrapperValve.invoke(StandardWrapperValve.java:168) [tomcat-catalina-9.0.82.jar:9.0.82]
	at org.apache.catalina.core.StandardContextValve.invoke(StandardContextValve.java:90) [tomcat-catalina-9.0.82.jar:9.0.82]
	at org.apache.catalina.authenticator.AuthenticatorBase.invoke(AuthenticatorBase.java:481) [tomcat-catalina-9.0.82.jar:9.0.82]
	at org.apache.catalina.core.StandardHostValve.invoke(StandardHostValve.java:130) [tomcat-catalina-9.0.82.jar:9.0.82]
	at org.apache.catalina.valves.ErrorReportValve.invoke(ErrorReportValve.java:93) [tomcat-catalina-9.0.82.jar:9.0.82]
	at org.apache.catalina.core.StandardEngineValve.invoke(StandardEngineValve.java:74) [tomcat-catalina-9.0.82.jar:9.0.82]
	at org.apache.catalina.valves.AbstractAccessLogValve.invoke(AbstractAccessLogValve.java:670) [tomcat-catalina-9.0.82.jar:9.0.82]
	at org.apache.catalina.connector.CoyoteAdapter.service(CoyoteAdapter.java:342) [tomcat-catalina-9.0.82.jar:9.0.82]
	at org.apache.coyote.http2.StreamProcessor.service(StreamProcessor.java:432) [tomcat-coyote-9.0.82.jar:9.0.82]
	at org.apache.coyote.AbstractProcessorLight.process(AbstractProcessorLight.java:63) [tomcat-coyote-9.0.82.jar:9.0.82]
	at org.apache.coyote.http2.StreamProcessor.process(StreamProcessor.java:90) [tomcat-coyote-9.0.82.jar:9.0.82]
	at org.apache.coyote.http2.StreamRunnable.run(StreamRunnable.java:35) [tomcat-coyote-9.0.82.jar:9.0.82]
	at org.apache.tomcat.util.threads.ThreadPoolExecutor.runWorker(ThreadPoolExecutor.java:1191) [tomcat-util-9.0.82.jar:9.0.82]
	at org.apache.tomcat.util.threads.ThreadPoolExecutor$Worker.run(ThreadPoolExecutor.java:659) [tomcat-util-9.0.82.jar:9.0.82]
	at org.apache.tomcat.util.threads.TaskThread$WrappingRunnable.run(TaskThread.java:61) [tomcat-util-9.0.82.jar:9.0.82]
	at java.lang.Thread.run(Thread.java:842) [?:?]
Caused by: java.lang.Exception: Current Location Stack
	at org.apache.ofbiz.entity.jdbc.SQLProcessor.rollback(SQLProcessor.java:198) ~[main/:?]
	at org.apache.ofbiz.entity.datasource.GenericDAO.insert(GenericDAO.java:117) ~[main/:?]
	at org.apache.ofbiz.entity.datasource.GenericHelperDAO.create(GenericHelperDAO.java:68) ~[main/:?]
	at org.apache.ofbiz.entity.GenericDelegator.create(GenericDelegator.java:897) ~[main/:?]
	at org.apache.ofbiz.entity.GenericDelegator.create(GenericDelegator.java:753) ~[main/:?]
	at org.apache.ofbiz.webtools.GenericWebEvent.updateGeneric(GenericWebEvent.java:350) ~[main/:?]
	at jdk.internal.reflect.NativeMethodAccessorImpl.invoke0(Native Method) ~[?:?]
	at jdk.internal.reflect.NativeMethodAccessorImpl.invoke(NativeMethodAccessorImpl.java:77) ~[?:?]
	at jdk.internal.reflect.DelegatingMethodAccessorImpl.invoke(DelegatingMethodAccessorImpl.java:43) ~[?:?]
	at java.lang.reflect.Method.invoke(Method.java:568) ~[?:?]
	at org.apache.ofbiz.webapp.event.JavaEventHandler.invoke(JavaEventHandler.java:85) ~[main/:?]
	... 43 more
2023-12-08 10:03:09,909 |sse-nio-8443-exec-15 |RequestHandler                |E| Request entity/change/{entityName} caused an error with the following message: Creation of RoleType failed for entity: [GenericEntity:RoleType][createdStamp,null()][createdTxStamp,null()][description,user(java.lang.String)][hasTable,null()][lastUpdatedStamp,null()][lastUpdatedTxStamp,null()][parentTypeId,null()][roleTypeId,USER(java.lang.String)]: org.apache.ofbiz.entity.GenericEntityException: org.apache.ofbiz.entity.GenericEntityException: Error while inserting: [GenericEntity:RoleType][createdStamp,2023-12-08 10:03:09.886(java.sql.Timestamp)][createdTxStamp,2023-12-08 10:03:09.885(java.sql.Timestamp)][description,user(java.lang.String)][hasTable,null()][lastUpdatedStamp,2023-12-08 10:03:09.886(java.sql.Timestamp)][lastUpdatedTxStamp,2023-12-08 10:03:09.885(java.sql.Timestamp)][parentTypeId,null()][roleTypeId,USER(java.lang.String)] (SQL Exception while executing the following:INSERT INTO public.ROLE_TYPE (ROLE_TYPE_ID, PARENT_TYPE_ID, HAS_TABLE, DESCRIPTION, LAST_UPDATED_STAMP, LAST_UPDATED_TX_STAMP, CREATED_STAMP, CREATED_TX_STAMP) VALUES (?, ?, ?, ?, ?, ?, ?, ?) (ERROR: duplicate key value violates unique constraint "pk_role_type"
  Detail: Key (role_type_id)=(USER) already exists.)) (Error while inserting: [GenericEntity:RoleType][createdStamp,2023-12-08 10:03:09.886(java.sql.Timestamp)][createdTxStamp,2023-12-08 10:03:09.885(java.sql.Timestamp)][description,user(java.lang.String)][hasTable,null()][lastUpdatedStamp,2023-12-08 10:03:09.886(java.sql.Timestamp)][lastUpdatedTxStamp,2023-12-08 10:03:09.885(java.sql.Timestamp)][parentTypeId,null()][roleTypeId,USER(java.lang.String)] (SQL Exception while executing the following:INSERT INTO public.ROLE_TYPE (ROLE_TYPE_ID, PARENT_TYPE_ID, HAS_TABLE, DESCRIPTION, LAST_UPDATED_STAMP, LAST_UPDATED_TX_STAMP, CREATED_STAMP, CREATED_TX_STAMP) VALUES (?, ?, ?, ?, ?, ?, ?, ?) (ERROR: duplicate key value violates unique constraint "pk_role_type"
  Detail: Key (role_type_id)=(USER) already exists.)))
2023-12-08 10:08:49,231 |sse-nio-8443-exec-18 |JavaEventHandler              |E| Problems Processing Event
java.lang.NullPointerException: Cannot invoke "org.apache.ofbiz.entity.GenericValue.get(String)" because "userLogin" is null
	at com.vastpro.onlineexam.events.OnlineExamEvents.loginEvent(OnlineExamEvents.java:33) ~[main/:?]
	at jdk.internal.reflect.NativeMethodAccessorImpl.invoke0(Native Method) ~[?:?]
	at jdk.internal.reflect.NativeMethodAccessorImpl.invoke(NativeMethodAccessorImpl.java:77) ~[?:?]
	at jdk.internal.reflect.DelegatingMethodAccessorImpl.invoke(DelegatingMethodAccessorImpl.java:43) ~[?:?]
	at java.lang.reflect.Method.invoke(Method.java:568) ~[?:?]
	at org.apache.ofbiz.webapp.event.JavaEventHandler.invoke(JavaEventHandler.java:85) [main/:?]
	at org.apache.ofbiz.webapp.control.RequestHandler.runEvent(RequestHandler.java:1078) [main/:?]
	at org.apache.ofbiz.webapp.control.RequestHandler.doRequest(RequestHandler.java:678) [main/:?]
	at org.apache.ofbiz.webapp.control.ControlServlet.handle(ControlServlet.java:231) [main/:?]
	at org.apache.ofbiz.webapp.control.ControlServlet.doPost(ControlServlet.java:81) [main/:?]
	at javax.servlet.http.HttpServlet.service(HttpServlet.java:555) [tomcat-servlet-api-9.0.82.jar:4.0.FR]
	at javax.servlet.http.HttpServlet.service(HttpServlet.java:623) [tomcat-servlet-api-9.0.82.jar:4.0.FR]
	at org.apache.catalina.core.ApplicationFilterChain.internalDoFilter(ApplicationFilterChain.java:209) [tomcat-catalina-9.0.82.jar:9.0.82]
	at org.apache.catalina.core.ApplicationFilterChain.doFilter(ApplicationFilterChain.java:153) [tomcat-catalina-9.0.82.jar:9.0.82]
	at org.apache.tomcat.websocket.server.WsFilter.doFilter(WsFilter.java:51) [tomcat-embed-websocket-9.0.82.jar:9.0.82]
	at org.apache.catalina.core.ApplicationFilterChain.internalDoFilter(ApplicationFilterChain.java:178) [tomcat-catalina-9.0.82.jar:9.0.82]
	at org.apache.catalina.core.ApplicationFilterChain.doFilter(ApplicationFilterChain.java:153) [tomcat-catalina-9.0.82.jar:9.0.82]
	at org.apache.ofbiz.webapp.control.SameSiteFilter.doFilter(SameSiteFilter.java:45) [main/:?]
	at org.apache.catalina.core.ApplicationFilterChain.internalDoFilter(ApplicationFilterChain.java:178) [tomcat-catalina-9.0.82.jar:9.0.82]
	at org.apache.catalina.core.ApplicationFilterChain.doFilter(ApplicationFilterChain.java:153) [tomcat-catalina-9.0.82.jar:9.0.82]
	at org.apache.ofbiz.webapp.control.ContextFilter.doFilter(ContextFilter.java:188) [main/:?]
	at org.apache.catalina.core.ApplicationFilterChain.internalDoFilter(ApplicationFilterChain.java:178) [tomcat-catalina-9.0.82.jar:9.0.82]
	at org.apache.catalina.core.ApplicationFilterChain.doFilter(ApplicationFilterChain.java:153) [tomcat-catalina-9.0.82.jar:9.0.82]
	at org.apache.ofbiz.webapp.control.ControlFilter.doFilter(ControlFilter.java:167) [main/:?]
	at javax.servlet.http.HttpFilter.doFilter(HttpFilter.java:53) [tomcat-servlet-api-9.0.82.jar:4.0.FR]
	at org.apache.catalina.core.ApplicationFilterChain.internalDoFilter(ApplicationFilterChain.java:178) [tomcat-catalina-9.0.82.jar:9.0.82]
	at org.apache.catalina.core.ApplicationFilterChain.doFilter(ApplicationFilterChain.java:153) [tomcat-catalina-9.0.82.jar:9.0.82]
	at org.apache.logging.log4j.web.Log4jServletFilter.doFilter(Log4jServletFilter.java:71) [log4j-web-2.20.0.jar:2.20.0]
	at org.apache.catalina.core.ApplicationFilterChain.internalDoFilter(ApplicationFilterChain.java:178) [tomcat-catalina-9.0.82.jar:9.0.82]
	at org.apache.catalina.core.ApplicationFilterChain.doFilter(ApplicationFilterChain.java:153) [tomcat-catalina-9.0.82.jar:9.0.82]
	at org.apache.catalina.core.StandardWrapperValve.invoke(StandardWrapperValve.java:168) [tomcat-catalina-9.0.82.jar:9.0.82]
	at org.apache.catalina.core.StandardContextValve.invoke(StandardContextValve.java:90) [tomcat-catalina-9.0.82.jar:9.0.82]
	at org.apache.catalina.authenticator.AuthenticatorBase.invoke(AuthenticatorBase.java:481) [tomcat-catalina-9.0.82.jar:9.0.82]
	at org.apache.catalina.core.StandardHostValve.invoke(StandardHostValve.java:130) [tomcat-catalina-9.0.82.jar:9.0.82]
	at org.apache.catalina.valves.ErrorReportValve.invoke(ErrorReportValve.java:93) [tomcat-catalina-9.0.82.jar:9.0.82]
	at org.apache.catalina.core.StandardEngineValve.invoke(StandardEngineValve.java:74) [tomcat-catalina-9.0.82.jar:9.0.82]
	at org.apache.catalina.valves.AbstractAccessLogValve.invoke(AbstractAccessLogValve.java:670) [tomcat-catalina-9.0.82.jar:9.0.82]
	at org.apache.catalina.connector.CoyoteAdapter.service(CoyoteAdapter.java:342) [tomcat-catalina-9.0.82.jar:9.0.82]
	at org.apache.coyote.http2.StreamProcessor.service(StreamProcessor.java:432) [tomcat-coyote-9.0.82.jar:9.0.82]
	at org.apache.coyote.AbstractProcessorLight.process(AbstractProcessorLight.java:63) [tomcat-coyote-9.0.82.jar:9.0.82]
	at org.apache.coyote.http2.StreamProcessor.process(StreamProcessor.java:90) [tomcat-coyote-9.0.82.jar:9.0.82]
	at org.apache.coyote.http2.StreamRunnable.run(StreamRunnable.java:35) [tomcat-coyote-9.0.82.jar:9.0.82]
	at org.apache.tomcat.util.threads.ThreadPoolExecutor.runWorker(ThreadPoolExecutor.java:1191) [tomcat-util-9.0.82.jar:9.0.82]
	at org.apache.tomcat.util.threads.ThreadPoolExecutor$Worker.run(ThreadPoolExecutor.java:659) [tomcat-util-9.0.82.jar:9.0.82]
	at org.apache.tomcat.util.threads.TaskThread$WrappingRunnable.run(TaskThread.java:61) [tomcat-util-9.0.82.jar:9.0.82]
	at java.lang.Thread.run(Thread.java:842) [?:?]
2023-12-08 10:08:49,256 |sse-nio-8443-exec-18 |RequestHandler                |E| Request loginEvent caused an error with the following message: Error calling event: org.apache.ofbiz.webapp.event.EventHandlerException: Problems processing event: java.lang.NullPointerException: Cannot invoke "org.apache.ofbiz.entity.GenericValue.get(String)" because "userLogin" is null (Cannot invoke "org.apache.ofbiz.entity.GenericValue.get(String)" because "userLogin" is null)
2023-12-08 10:16:42,614 |OFBiz-batch-2        |DatabaseUtil                  |E| Column [DIFFICULTY_LEVEL] of table [public.QUESTION_MASTER] of entity [QuestionMaster] is of type [int4] in the database, but is defined as type [INTEGER] in the entity definition.
2023-12-08 10:16:42,619 |OFBiz-batch-2        |DatabaseUtil                  |E| Column [PERFORMANCE_ID] of table [public.USER_ATTEMPT_ANSWER_MASTER] of entity [UserAttemptAnswerMaster] is of type [int4] in the database, but is defined as type [INTEGER] in the entity definition.
2023-12-08 10:16:42,619 |OFBiz-batch-2        |DatabaseUtil                  |E| Column [IS_FLAGGED] of table [public.USER_ATTEMPT_ANSWER_MASTER] of entity [UserAttemptAnswerMaster] is of type [int4] in the database, but is defined as type [INTEGER] in the entity definition.
2023-12-08 10:16:42,620 |OFBiz-batch-2        |DatabaseUtil                  |E| Column [NO_OF_QUESTIONS] of table [public.USER_ATTEMPT_MASTER] of entity [UserAttemptMaster] is of type [int4] in the database, but is defined as type [INTEGER] in the entity definition.
2023-12-08 10:16:42,620 |OFBiz-batch-2        |DatabaseUtil                  |E| Column [TOTAL_WRONG] of table [public.USER_ATTEMPT_MASTER] of entity [UserAttemptMaster] is of type [int4] in the database, but is defined as type [INTEGER] in the entity definition.
2023-12-08 10:16:42,620 |OFBiz-batch-2        |DatabaseUtil                  |E| Column [TOTAL_CORRECT] of table [public.USER_ATTEMPT_MASTER] of entity [UserAttemptMaster] is of type [int4] in the database, but is defined as type [INTEGER] in the entity definition.
2023-12-08 10:16:42,620 |OFBiz-batch-2        |DatabaseUtil                  |E| Column [PERFORMANCE_ID] of table [public.USER_ATTEMPT_MASTER] of entity [UserAttemptMaster] is of type [int4] in the database, but is defined as type [INTEGER] in the entity definition.
2023-12-08 10:16:42,621 |OFBiz-batch-2        |DatabaseUtil                  |E| Column [CORRECT_QUESTIONS_IN_THIS_TOPIC] of table [public.USER_ATTEMPT_TOPIC_MASTER] of entity [UserAttemptTopicMaster] is of type [int4] in the database, but is defined as type [INTEGER] in the entity definition.
2023-12-08 10:16:42,621 |OFBiz-batch-2        |DatabaseUtil                  |E| Column [PERFORMANCE_ID] of table [public.USER_ATTEMPT_TOPIC_MASTER] of entity [UserAttemptTopicMaster] is of type [int4] in the database, but is defined as type [INTEGER] in the entity definition.
2023-12-08 10:16:42,621 |OFBiz-batch-2        |DatabaseUtil                  |E| Column [TOTAL_QUESTIONS_IN_THIS_TOPIC] of table [public.USER_ATTEMPT_TOPIC_MASTER] of entity [UserAttemptTopicMaster] is of type [int4] in the database, but is defined as type [INTEGER] in the entity definition.
2023-12-08 10:16:42,621 |OFBiz-batch-2        |DatabaseUtil                  |E| Column [MAX_SPLIT_ATTEMPTS] of table [public.USER_EXAM_MAPPING_MASTER] of entity [UserExamMappingMaster] is of type [int4] in the database, but is defined as type [INTEGER] in the entity definition.
2023-12-08 10:32:16,694 |sse-nio-8443-exec-11 |ControlServlet                |E| [entity] cannot be called by [POST] method.
2023-12-08 10:33:04,905 |sse-nio-8443-exec-29 |ControlServlet                |E| [entity] cannot be called by [POST] method.
2023-12-08 10:33:22,791 |sse-nio-8443-exec-23 |ControlServlet                |E| [entity] cannot be called by [POST] method.
2023-12-08 11:27:48,033 |OFBiz-batch-2        |DatabaseUtil                  |E| Column [DIFFICULTY_LEVEL] of table [public.QUESTION_MASTER] of entity [QuestionMaster] is of type [int4] in the database, but is defined as type [INTEGER] in the entity definition.
2023-12-08 11:27:48,040 |OFBiz-batch-2        |DatabaseUtil                  |E| Column [PERFORMANCE_ID] of table [public.USER_ATTEMPT_ANSWER_MASTER] of entity [UserAttemptAnswerMaster] is of type [int4] in the database, but is defined as type [INTEGER] in the entity definition.
2023-12-08 11:27:48,040 |OFBiz-batch-2        |DatabaseUtil                  |E| Column [IS_FLAGGED] of table [public.USER_ATTEMPT_ANSWER_MASTER] of entity [UserAttemptAnswerMaster] is of type [int4] in the database, but is defined as type [INTEGER] in the entity definition.
2023-12-08 11:27:48,041 |OFBiz-batch-2        |DatabaseUtil                  |E| Column [NO_OF_QUESTIONS] of table [public.USER_ATTEMPT_MASTER] of entity [UserAttemptMaster] is of type [int4] in the database, but is defined as type [INTEGER] in the entity definition.
2023-12-08 11:27:48,041 |OFBiz-batch-2        |DatabaseUtil                  |E| Column [TOTAL_WRONG] of table [public.USER_ATTEMPT_MASTER] of entity [UserAttemptMaster] is of type [int4] in the database, but is defined as type [INTEGER] in the entity definition.
2023-12-08 11:27:48,041 |OFBiz-batch-2        |DatabaseUtil                  |E| Column [TOTAL_CORRECT] of table [public.USER_ATTEMPT_MASTER] of entity [UserAttemptMaster] is of type [int4] in the database, but is defined as type [INTEGER] in the entity definition.
2023-12-08 11:27:48,041 |OFBiz-batch-2        |DatabaseUtil                  |E| Column [PERFORMANCE_ID] of table [public.USER_ATTEMPT_MASTER] of entity [UserAttemptMaster] is of type [int4] in the database, but is defined as type [INTEGER] in the entity definition.
2023-12-08 11:27:48,042 |OFBiz-batch-2        |DatabaseUtil                  |E| Column [CORRECT_QUESTIONS_IN_THIS_TOPIC] of table [public.USER_ATTEMPT_TOPIC_MASTER] of entity [UserAttemptTopicMaster] is of type [int4] in the database, but is defined as type [INTEGER] in the entity definition.
2023-12-08 11:27:48,042 |OFBiz-batch-2        |DatabaseUtil                  |E| Column [PERFORMANCE_ID] of table [public.USER_ATTEMPT_TOPIC_MASTER] of entity [UserAttemptTopicMaster] is of type [int4] in the database, but is defined as type [INTEGER] in the entity definition.
2023-12-08 11:27:48,042 |OFBiz-batch-2        |DatabaseUtil                  |E| Column [TOTAL_QUESTIONS_IN_THIS_TOPIC] of table [public.USER_ATTEMPT_TOPIC_MASTER] of entity [UserAttemptTopicMaster] is of type [int4] in the database, but is defined as type [INTEGER] in the entity definition.
2023-12-08 11:27:48,042 |OFBiz-batch-2        |DatabaseUtil                  |E| Column [MAX_SPLIT_ATTEMPTS] of table [public.USER_EXAM_MAPPING_MASTER] of entity [UserExamMappingMaster] is of type [int4] in the database, but is defined as type [INTEGER] in the entity definition.
2023-12-08 11:36:18,516 |OFBiz-batch-2        |DatabaseUtil                  |E| Column [DIFFICULTY_LEVEL] of table [public.QUESTION_MASTER] of entity [QuestionMaster] is of type [int4] in the database, but is defined as type [INTEGER] in the entity definition.
2023-12-08 11:36:18,520 |OFBiz-batch-2        |DatabaseUtil                  |E| Column [PERFORMANCE_ID] of table [public.USER_ATTEMPT_ANSWER_MASTER] of entity [UserAttemptAnswerMaster] is of type [int4] in the database, but is defined as type [INTEGER] in the entity definition.
2023-12-08 11:36:18,520 |OFBiz-batch-2        |DatabaseUtil                  |E| Column [IS_FLAGGED] of table [public.USER_ATTEMPT_ANSWER_MASTER] of entity [UserAttemptAnswerMaster] is of type [int4] in the database, but is defined as type [INTEGER] in the entity definition.
2023-12-08 11:36:18,520 |OFBiz-batch-2        |DatabaseUtil                  |E| Column [NO_OF_QUESTIONS] of table [public.USER_ATTEMPT_MASTER] of entity [UserAttemptMaster] is of type [int4] in the database, but is defined as type [INTEGER] in the entity definition.
2023-12-08 11:36:18,520 |OFBiz-batch-2        |DatabaseUtil                  |E| Column [TOTAL_WRONG] of table [public.USER_ATTEMPT_MASTER] of entity [UserAttemptMaster] is of type [int4] in the database, but is defined as type [INTEGER] in the entity definition.
2023-12-08 11:36:18,520 |OFBiz-batch-2        |DatabaseUtil                  |E| Column [TOTAL_CORRECT] of table [public.USER_ATTEMPT_MASTER] of entity [UserAttemptMaster] is of type [int4] in the database, but is defined as type [INTEGER] in the entity definition.
2023-12-08 11:36:18,521 |OFBiz-batch-2        |DatabaseUtil                  |E| Column [PERFORMANCE_ID] of table [public.USER_ATTEMPT_MASTER] of entity [UserAttemptMaster] is of type [int4] in the database, but is defined as type [INTEGER] in the entity definition.
2023-12-08 11:36:18,521 |OFBiz-batch-2        |DatabaseUtil                  |E| Column [CORRECT_QUESTIONS_IN_THIS_TOPIC] of table [public.USER_ATTEMPT_TOPIC_MASTER] of entity [UserAttemptTopicMaster] is of type [int4] in the database, but is defined as type [INTEGER] in the entity definition.
2023-12-08 11:36:18,521 |OFBiz-batch-2        |DatabaseUtil                  |E| Column [PERFORMANCE_ID] of table [public.USER_ATTEMPT_TOPIC_MASTER] of entity [UserAttemptTopicMaster] is of type [int4] in the database, but is defined as type [INTEGER] in the entity definition.
2023-12-08 11:36:18,521 |OFBiz-batch-2        |DatabaseUtil                  |E| Column [TOTAL_QUESTIONS_IN_THIS_TOPIC] of table [public.USER_ATTEMPT_TOPIC_MASTER] of entity [UserAttemptTopicMaster] is of type [int4] in the database, but is defined as type [INTEGER] in the entity definition.
2023-12-08 11:36:18,521 |OFBiz-batch-2        |DatabaseUtil                  |E| Column [MAX_SPLIT_ATTEMPTS] of table [public.USER_EXAM_MAPPING_MASTER] of entity [UserExamMappingMaster] is of type [int4] in the database, but is defined as type [INTEGER] in the entity definition.
2023-12-08 12:09:20,863 |OFBiz-batch-2        |DatabaseUtil                  |E| Column [DIFFICULTY_LEVEL] of table [public.QUESTION_MASTER] of entity [QuestionMaster] is of type [int4] in the database, but is defined as type [INTEGER] in the entity definition.
2023-12-08 12:09:20,866 |OFBiz-batch-2        |DatabaseUtil                  |E| Column [PERFORMANCE_ID] of table [public.USER_ATTEMPT_ANSWER_MASTER] of entity [UserAttemptAnswerMaster] is of type [int4] in the database, but is defined as type [INTEGER] in the entity definition.
2023-12-08 12:09:20,866 |OFBiz-batch-2        |DatabaseUtil                  |E| Column [IS_FLAGGED] of table [public.USER_ATTEMPT_ANSWER_MASTER] of entity [UserAttemptAnswerMaster] is of type [int4] in the database, but is defined as type [INTEGER] in the entity definition.
2023-12-08 12:09:20,866 |OFBiz-batch-2        |DatabaseUtil                  |E| Column [NO_OF_QUESTIONS] of table [public.USER_ATTEMPT_MASTER] of entity [UserAttemptMaster] is of type [int4] in the database, but is defined as type [INTEGER] in the entity definition.
2023-12-08 12:09:20,866 |OFBiz-batch-2        |DatabaseUtil                  |E| Column [TOTAL_WRONG] of table [public.USER_ATTEMPT_MASTER] of entity [UserAttemptMaster] is of type [int4] in the database, but is defined as type [INTEGER] in the entity definition.
2023-12-08 12:09:20,866 |OFBiz-batch-2        |DatabaseUtil                  |E| Column [TOTAL_CORRECT] of table [public.USER_ATTEMPT_MASTER] of entity [UserAttemptMaster] is of type [int4] in the database, but is defined as type [INTEGER] in the entity definition.
2023-12-08 12:09:20,866 |OFBiz-batch-2        |DatabaseUtil                  |E| Column [PERFORMANCE_ID] of table [public.USER_ATTEMPT_MASTER] of entity [UserAttemptMaster] is of type [int4] in the database, but is defined as type [INTEGER] in the entity definition.
2023-12-08 12:09:20,867 |OFBiz-batch-2        |DatabaseUtil                  |E| Column [CORRECT_QUESTIONS_IN_THIS_TOPIC] of table [public.USER_ATTEMPT_TOPIC_MASTER] of entity [UserAttemptTopicMaster] is of type [int4] in the database, but is defined as type [INTEGER] in the entity definition.
2023-12-08 12:09:20,867 |OFBiz-batch-2        |DatabaseUtil                  |E| Column [PERFORMANCE_ID] of table [public.USER_ATTEMPT_TOPIC_MASTER] of entity [UserAttemptTopicMaster] is of type [int4] in the database, but is defined as type [INTEGER] in the entity definition.
2023-12-08 12:09:20,867 |OFBiz-batch-2        |DatabaseUtil                  |E| Column [TOTAL_QUESTIONS_IN_THIS_TOPIC] of table [public.USER_ATTEMPT_TOPIC_MASTER] of entity [UserAttemptTopicMaster] is of type [int4] in the database, but is defined as type [INTEGER] in the entity definition.
2023-12-08 12:09:20,867 |OFBiz-batch-2        |DatabaseUtil                  |E| Column [MAX_SPLIT_ATTEMPTS] of table [public.USER_EXAM_MAPPING_MASTER] of entity [UserExamMappingMaster] is of type [int4] in the database, but is defined as type [INTEGER] in the entity definition.
2023-12-08 13:08:33,510 |OFBiz-batch-2        |DatabaseUtil                  |E| Column [DIFFICULTY_LEVEL] of table [public.QUESTION_MASTER] of entity [QuestionMaster] is of type [int4] in the database, but is defined as type [INTEGER] in the entity definition.
2023-12-08 13:08:33,517 |OFBiz-batch-2        |DatabaseUtil                  |E| Column [PERFORMANCE_ID] of table [public.USER_ATTEMPT_ANSWER_MASTER] of entity [UserAttemptAnswerMaster] is of type [int4] in the database, but is defined as type [INTEGER] in the entity definition.
2023-12-08 13:08:33,517 |OFBiz-batch-2        |DatabaseUtil                  |E| Column [IS_FLAGGED] of table [public.USER_ATTEMPT_ANSWER_MASTER] of entity [UserAttemptAnswerMaster] is of type [int4] in the database, but is defined as type [INTEGER] in the entity definition.
2023-12-08 13:08:33,517 |OFBiz-batch-2        |DatabaseUtil                  |E| Column [NO_OF_QUESTIONS] of table [public.USER_ATTEMPT_MASTER] of entity [UserAttemptMaster] is of type [int4] in the database, but is defined as type [INTEGER] in the entity definition.
2023-12-08 13:08:33,517 |OFBiz-batch-2        |DatabaseUtil                  |E| Column [TOTAL_WRONG] of table [public.USER_ATTEMPT_MASTER] of entity [UserAttemptMaster] is of type [int4] in the database, but is defined as type [INTEGER] in the entity definition.
2023-12-08 13:08:33,518 |OFBiz-batch-2        |DatabaseUtil                  |E| Column [TOTAL_CORRECT] of table [public.USER_ATTEMPT_MASTER] of entity [UserAttemptMaster] is of type [int4] in the database, but is defined as type [INTEGER] in the entity definition.
2023-12-08 13:08:33,518 |OFBiz-batch-2        |DatabaseUtil                  |E| Column [PERFORMANCE_ID] of table [public.USER_ATTEMPT_MASTER] of entity [UserAttemptMaster] is of type [int4] in the database, but is defined as type [INTEGER] in the entity definition.
2023-12-08 13:08:33,518 |OFBiz-batch-2        |DatabaseUtil                  |E| Column [CORRECT_QUESTIONS_IN_THIS_TOPIC] of table [public.USER_ATTEMPT_TOPIC_MASTER] of entity [UserAttemptTopicMaster] is of type [int4] in the database, but is defined as type [INTEGER] in the entity definition.
2023-12-08 13:08:33,518 |OFBiz-batch-2        |DatabaseUtil                  |E| Column [PERFORMANCE_ID] of table [public.USER_ATTEMPT_TOPIC_MASTER] of entity [UserAttemptTopicMaster] is of type [int4] in the database, but is defined as type [INTEGER] in the entity definition.
2023-12-08 13:08:33,518 |OFBiz-batch-2        |DatabaseUtil                  |E| Column [TOTAL_QUESTIONS_IN_THIS_TOPIC] of table [public.USER_ATTEMPT_TOPIC_MASTER] of entity [UserAttemptTopicMaster] is of type [int4] in the database, but is defined as type [INTEGER] in the entity definition.
2023-12-08 13:08:33,519 |OFBiz-batch-2        |DatabaseUtil                  |E| Column [MAX_SPLIT_ATTEMPTS] of table [public.USER_EXAM_MAPPING_MASTER] of entity [UserExamMappingMaster] is of type [int4] in the database, but is defined as type [INTEGER] in the entity definition.
2023-12-08 15:19:56,121 |OFBiz-batch-2        |DatabaseUtil                  |E| Column [DIFFICULTY_LEVEL] of table [public.QUESTION_MASTER] of entity [QuestionMaster] is of type [int4] in the database, but is defined as type [INTEGER] in the entity definition.
2023-12-08 15:19:56,131 |OFBiz-batch-2        |DatabaseUtil                  |E| Column [PERFORMANCE_ID] of table [public.USER_ATTEMPT_ANSWER_MASTER] of entity [UserAttemptAnswerMaster] is of type [int4] in the database, but is defined as type [INTEGER] in the entity definition.
2023-12-08 15:19:56,132 |OFBiz-batch-2        |DatabaseUtil                  |E| Column [IS_FLAGGED] of table [public.USER_ATTEMPT_ANSWER_MASTER] of entity [UserAttemptAnswerMaster] is of type [int4] in the database, but is defined as type [INTEGER] in the entity definition.
2023-12-08 15:19:56,132 |OFBiz-batch-2        |DatabaseUtil                  |E| Column [NO_OF_QUESTIONS] of table [public.USER_ATTEMPT_MASTER] of entity [UserAttemptMaster] is of type [int4] in the database, but is defined as type [INTEGER] in the entity definition.
2023-12-08 15:19:56,132 |OFBiz-batch-2        |DatabaseUtil                  |E| Column [TOTAL_WRONG] of table [public.USER_ATTEMPT_MASTER] of entity [UserAttemptMaster] is of type [int4] in the database, but is defined as type [INTEGER] in the entity definition.
2023-12-08 15:19:56,132 |OFBiz-batch-2        |DatabaseUtil                  |E| Column [TOTAL_CORRECT] of table [public.USER_ATTEMPT_MASTER] of entity [UserAttemptMaster] is of type [int4] in the database, but is defined as type [INTEGER] in the entity definition.
2023-12-08 15:19:56,133 |OFBiz-batch-2        |DatabaseUtil                  |E| Column [PERFORMANCE_ID] of table [public.USER_ATTEMPT_MASTER] of entity [UserAttemptMaster] is of type [int4] in the database, but is defined as type [INTEGER] in the entity definition.
2023-12-08 15:19:56,133 |OFBiz-batch-2        |DatabaseUtil                  |E| Column [CORRECT_QUESTIONS_IN_THIS_TOPIC] of table [public.USER_ATTEMPT_TOPIC_MASTER] of entity [UserAttemptTopicMaster] is of type [int4] in the database, but is defined as type [INTEGER] in the entity definition.
2023-12-08 15:19:56,133 |OFBiz-batch-2        |DatabaseUtil                  |E| Column [PERFORMANCE_ID] of table [public.USER_ATTEMPT_TOPIC_MASTER] of entity [UserAttemptTopicMaster] is of type [int4] in the database, but is defined as type [INTEGER] in the entity definition.
2023-12-08 15:19:56,133 |OFBiz-batch-2        |DatabaseUtil                  |E| Column [TOTAL_QUESTIONS_IN_THIS_TOPIC] of table [public.USER_ATTEMPT_TOPIC_MASTER] of entity [UserAttemptTopicMaster] is of type [int4] in the database, but is defined as type [INTEGER] in the entity definition.
2023-12-08 15:19:56,134 |OFBiz-batch-2        |DatabaseUtil                  |E| Column [MAX_SPLIT_ATTEMPTS] of table [public.USER_EXAM_MAPPING_MASTER] of entity [UserExamMappingMaster] is of type [int4] in the database, but is defined as type [INTEGER] in the entity definition.
2023-12-08 15:31:30,050 |sse-nio-8443-exec-17 |JavaEventHandler              |E| Problems Processing Event
java.lang.NullPointerException: Cannot invoke "org.apache.ofbiz.entity.GenericValue.get(String)" because "userLogin" is null
	at com.vastpro.onlineexam.events.LoginEvent.loginEvent(LoginEvent.java:39) ~[main/:?]
	at jdk.internal.reflect.NativeMethodAccessorImpl.invoke0(Native Method) ~[?:?]
	at jdk.internal.reflect.NativeMethodAccessorImpl.invoke(NativeMethodAccessorImpl.java:77) ~[?:?]
	at jdk.internal.reflect.DelegatingMethodAccessorImpl.invoke(DelegatingMethodAccessorImpl.java:43) ~[?:?]
	at java.lang.reflect.Method.invoke(Method.java:568) ~[?:?]
	at org.apache.ofbiz.webapp.event.JavaEventHandler.invoke(JavaEventHandler.java:85) [main/:?]
	at org.apache.ofbiz.webapp.control.RequestHandler.runEvent(RequestHandler.java:1078) [main/:?]
	at org.apache.ofbiz.webapp.control.RequestHandler.doRequest(RequestHandler.java:678) [main/:?]
	at org.apache.ofbiz.webapp.control.ControlServlet.handle(ControlServlet.java:231) [main/:?]
	at org.apache.ofbiz.webapp.control.ControlServlet.doPost(ControlServlet.java:81) [main/:?]
	at javax.servlet.http.HttpServlet.service(HttpServlet.java:555) [tomcat-servlet-api-9.0.82.jar:4.0.FR]
	at javax.servlet.http.HttpServlet.service(HttpServlet.java:623) [tomcat-servlet-api-9.0.82.jar:4.0.FR]
	at org.apache.catalina.core.ApplicationFilterChain.internalDoFilter(ApplicationFilterChain.java:209) [tomcat-catalina-9.0.82.jar:9.0.82]
	at org.apache.catalina.core.ApplicationFilterChain.doFilter(ApplicationFilterChain.java:153) [tomcat-catalina-9.0.82.jar:9.0.82]
	at org.apache.tomcat.websocket.server.WsFilter.doFilter(WsFilter.java:51) [tomcat-embed-websocket-9.0.82.jar:9.0.82]
	at org.apache.catalina.core.ApplicationFilterChain.internalDoFilter(ApplicationFilterChain.java:178) [tomcat-catalina-9.0.82.jar:9.0.82]
	at org.apache.catalina.core.ApplicationFilterChain.doFilter(ApplicationFilterChain.java:153) [tomcat-catalina-9.0.82.jar:9.0.82]
	at org.apache.ofbiz.webapp.control.SameSiteFilter.doFilter(SameSiteFilter.java:45) [main/:?]
	at org.apache.catalina.core.ApplicationFilterChain.internalDoFilter(ApplicationFilterChain.java:178) [tomcat-catalina-9.0.82.jar:9.0.82]
	at org.apache.catalina.core.ApplicationFilterChain.doFilter(ApplicationFilterChain.java:153) [tomcat-catalina-9.0.82.jar:9.0.82]
	at org.apache.ofbiz.webapp.control.ContextFilter.doFilter(ContextFilter.java:188) [main/:?]
	at org.apache.catalina.core.ApplicationFilterChain.internalDoFilter(ApplicationFilterChain.java:178) [tomcat-catalina-9.0.82.jar:9.0.82]
	at org.apache.catalina.core.ApplicationFilterChain.doFilter(ApplicationFilterChain.java:153) [tomcat-catalina-9.0.82.jar:9.0.82]
	at org.apache.ofbiz.webapp.control.ControlFilter.doFilter(ControlFilter.java:167) [main/:?]
	at javax.servlet.http.HttpFilter.doFilter(HttpFilter.java:53) [tomcat-servlet-api-9.0.82.jar:4.0.FR]
	at org.apache.catalina.core.ApplicationFilterChain.internalDoFilter(ApplicationFilterChain.java:178) [tomcat-catalina-9.0.82.jar:9.0.82]
	at org.apache.catalina.core.ApplicationFilterChain.doFilter(ApplicationFilterChain.java:153) [tomcat-catalina-9.0.82.jar:9.0.82]
	at org.apache.logging.log4j.web.Log4jServletFilter.doFilter(Log4jServletFilter.java:71) [log4j-web-2.20.0.jar:2.20.0]
	at org.apache.catalina.core.ApplicationFilterChain.internalDoFilter(ApplicationFilterChain.java:178) [tomcat-catalina-9.0.82.jar:9.0.82]
	at org.apache.catalina.core.ApplicationFilterChain.doFilter(ApplicationFilterChain.java:153) [tomcat-catalina-9.0.82.jar:9.0.82]
	at org.apache.catalina.core.StandardWrapperValve.invoke(StandardWrapperValve.java:168) [tomcat-catalina-9.0.82.jar:9.0.82]
	at org.apache.catalina.core.StandardContextValve.invoke(StandardContextValve.java:90) [tomcat-catalina-9.0.82.jar:9.0.82]
	at org.apache.catalina.authenticator.AuthenticatorBase.invoke(AuthenticatorBase.java:481) [tomcat-catalina-9.0.82.jar:9.0.82]
	at org.apache.catalina.core.StandardHostValve.invoke(StandardHostValve.java:130) [tomcat-catalina-9.0.82.jar:9.0.82]
	at org.apache.catalina.valves.ErrorReportValve.invoke(ErrorReportValve.java:93) [tomcat-catalina-9.0.82.jar:9.0.82]
	at org.apache.catalina.core.StandardEngineValve.invoke(StandardEngineValve.java:74) [tomcat-catalina-9.0.82.jar:9.0.82]
	at org.apache.catalina.valves.AbstractAccessLogValve.invoke(AbstractAccessLogValve.java:670) [tomcat-catalina-9.0.82.jar:9.0.82]
	at org.apache.catalina.connector.CoyoteAdapter.service(CoyoteAdapter.java:342) [tomcat-catalina-9.0.82.jar:9.0.82]
	at org.apache.coyote.http2.StreamProcessor.service(StreamProcessor.java:432) [tomcat-coyote-9.0.82.jar:9.0.82]
	at org.apache.coyote.AbstractProcessorLight.process(AbstractProcessorLight.java:63) [tomcat-coyote-9.0.82.jar:9.0.82]
	at org.apache.coyote.http2.StreamProcessor.process(StreamProcessor.java:90) [tomcat-coyote-9.0.82.jar:9.0.82]
	at org.apache.coyote.http2.StreamRunnable.run(StreamRunnable.java:35) [tomcat-coyote-9.0.82.jar:9.0.82]
	at org.apache.tomcat.util.threads.ThreadPoolExecutor.runWorker(ThreadPoolExecutor.java:1191) [tomcat-util-9.0.82.jar:9.0.82]
	at org.apache.tomcat.util.threads.ThreadPoolExecutor$Worker.run(ThreadPoolExecutor.java:659) [tomcat-util-9.0.82.jar:9.0.82]
	at org.apache.tomcat.util.threads.TaskThread$WrappingRunnable.run(TaskThread.java:61) [tomcat-util-9.0.82.jar:9.0.82]
	at java.lang.Thread.run(Thread.java:842) [?:?]
2023-12-08 15:31:30,111 |sse-nio-8443-exec-17 |RequestHandler                |E| Request loginEvent caused an error with the following message: Error calling event: org.apache.ofbiz.webapp.event.EventHandlerException: Problems processing event: java.lang.NullPointerException: Cannot invoke "org.apache.ofbiz.entity.GenericValue.get(String)" because "userLogin" is null (Cannot invoke "org.apache.ofbiz.entity.GenericValue.get(String)" because "userLogin" is null)
2023-12-08 15:31:48,504 |sse-nio-8443-exec-16 |JavaEventHandler              |E| Problems Processing Event
java.lang.NullPointerException: Cannot invoke "org.apache.ofbiz.entity.GenericValue.get(String)" because "userLogin" is null
	at com.vastpro.onlineexam.events.LoginEvent.loginEvent(LoginEvent.java:39) ~[main/:?]
	at jdk.internal.reflect.NativeMethodAccessorImpl.invoke0(Native Method) ~[?:?]
	at jdk.internal.reflect.NativeMethodAccessorImpl.invoke(NativeMethodAccessorImpl.java:77) ~[?:?]
	at jdk.internal.reflect.DelegatingMethodAccessorImpl.invoke(DelegatingMethodAccessorImpl.java:43) ~[?:?]
	at java.lang.reflect.Method.invoke(Method.java:568) ~[?:?]
	at org.apache.ofbiz.webapp.event.JavaEventHandler.invoke(JavaEventHandler.java:85) [main/:?]
	at org.apache.ofbiz.webapp.control.RequestHandler.runEvent(RequestHandler.java:1078) [main/:?]
	at org.apache.ofbiz.webapp.control.RequestHandler.doRequest(RequestHandler.java:678) [main/:?]
	at org.apache.ofbiz.webapp.control.ControlServlet.handle(ControlServlet.java:231) [main/:?]
	at org.apache.ofbiz.webapp.control.ControlServlet.doPost(ControlServlet.java:81) [main/:?]
	at javax.servlet.http.HttpServlet.service(HttpServlet.java:555) [tomcat-servlet-api-9.0.82.jar:4.0.FR]
	at javax.servlet.http.HttpServlet.service(HttpServlet.java:623) [tomcat-servlet-api-9.0.82.jar:4.0.FR]
	at org.apache.catalina.core.ApplicationFilterChain.internalDoFilter(ApplicationFilterChain.java:209) [tomcat-catalina-9.0.82.jar:9.0.82]
	at org.apache.catalina.core.ApplicationFilterChain.doFilter(ApplicationFilterChain.java:153) [tomcat-catalina-9.0.82.jar:9.0.82]
	at org.apache.tomcat.websocket.server.WsFilter.doFilter(WsFilter.java:51) [tomcat-embed-websocket-9.0.82.jar:9.0.82]
	at org.apache.catalina.core.ApplicationFilterChain.internalDoFilter(ApplicationFilterChain.java:178) [tomcat-catalina-9.0.82.jar:9.0.82]
	at org.apache.catalina.core.ApplicationFilterChain.doFilter(ApplicationFilterChain.java:153) [tomcat-catalina-9.0.82.jar:9.0.82]
	at org.apache.ofbiz.webapp.control.SameSiteFilter.doFilter(SameSiteFilter.java:45) [main/:?]
	at org.apache.catalina.core.ApplicationFilterChain.internalDoFilter(ApplicationFilterChain.java:178) [tomcat-catalina-9.0.82.jar:9.0.82]
	at org.apache.catalina.core.ApplicationFilterChain.doFilter(ApplicationFilterChain.java:153) [tomcat-catalina-9.0.82.jar:9.0.82]
	at org.apache.ofbiz.webapp.control.ContextFilter.doFilter(ContextFilter.java:188) [main/:?]
	at org.apache.catalina.core.ApplicationFilterChain.internalDoFilter(ApplicationFilterChain.java:178) [tomcat-catalina-9.0.82.jar:9.0.82]
	at org.apache.catalina.core.ApplicationFilterChain.doFilter(ApplicationFilterChain.java:153) [tomcat-catalina-9.0.82.jar:9.0.82]
	at org.apache.ofbiz.webapp.control.ControlFilter.doFilter(ControlFilter.java:167) [main/:?]
	at javax.servlet.http.HttpFilter.doFilter(HttpFilter.java:53) [tomcat-servlet-api-9.0.82.jar:4.0.FR]
	at org.apache.catalina.core.ApplicationFilterChain.internalDoFilter(ApplicationFilterChain.java:178) [tomcat-catalina-9.0.82.jar:9.0.82]
	at org.apache.catalina.core.ApplicationFilterChain.doFilter(ApplicationFilterChain.java:153) [tomcat-catalina-9.0.82.jar:9.0.82]
	at org.apache.logging.log4j.web.Log4jServletFilter.doFilter(Log4jServletFilter.java:71) [log4j-web-2.20.0.jar:2.20.0]
	at org.apache.catalina.core.ApplicationFilterChain.internalDoFilter(ApplicationFilterChain.java:178) [tomcat-catalina-9.0.82.jar:9.0.82]
	at org.apache.catalina.core.ApplicationFilterChain.doFilter(ApplicationFilterChain.java:153) [tomcat-catalina-9.0.82.jar:9.0.82]
	at org.apache.catalina.core.StandardWrapperValve.invoke(StandardWrapperValve.java:168) [tomcat-catalina-9.0.82.jar:9.0.82]
	at org.apache.catalina.core.StandardContextValve.invoke(StandardContextValve.java:90) [tomcat-catalina-9.0.82.jar:9.0.82]
	at org.apache.catalina.authenticator.AuthenticatorBase.invoke(AuthenticatorBase.java:481) [tomcat-catalina-9.0.82.jar:9.0.82]
	at org.apache.catalina.core.StandardHostValve.invoke(StandardHostValve.java:130) [tomcat-catalina-9.0.82.jar:9.0.82]
	at org.apache.catalina.valves.ErrorReportValve.invoke(ErrorReportValve.java:93) [tomcat-catalina-9.0.82.jar:9.0.82]
	at org.apache.catalina.core.StandardEngineValve.invoke(StandardEngineValve.java:74) [tomcat-catalina-9.0.82.jar:9.0.82]
	at org.apache.catalina.valves.AbstractAccessLogValve.invoke(AbstractAccessLogValve.java:670) [tomcat-catalina-9.0.82.jar:9.0.82]
	at org.apache.catalina.connector.CoyoteAdapter.service(CoyoteAdapter.java:342) [tomcat-catalina-9.0.82.jar:9.0.82]
	at org.apache.coyote.http2.StreamProcessor.service(StreamProcessor.java:432) [tomcat-coyote-9.0.82.jar:9.0.82]
	at org.apache.coyote.AbstractProcessorLight.process(AbstractProcessorLight.java:63) [tomcat-coyote-9.0.82.jar:9.0.82]
	at org.apache.coyote.http2.StreamProcessor.process(StreamProcessor.java:90) [tomcat-coyote-9.0.82.jar:9.0.82]
	at org.apache.coyote.http2.StreamRunnable.run(StreamRunnable.java:35) [tomcat-coyote-9.0.82.jar:9.0.82]
	at org.apache.tomcat.util.threads.ThreadPoolExecutor.runWorker(ThreadPoolExecutor.java:1191) [tomcat-util-9.0.82.jar:9.0.82]
	at org.apache.tomcat.util.threads.ThreadPoolExecutor$Worker.run(ThreadPoolExecutor.java:659) [tomcat-util-9.0.82.jar:9.0.82]
	at org.apache.tomcat.util.threads.TaskThread$WrappingRunnable.run(TaskThread.java:61) [tomcat-util-9.0.82.jar:9.0.82]
	at java.lang.Thread.run(Thread.java:842) [?:?]
2023-12-08 15:31:48,505 |sse-nio-8443-exec-16 |RequestHandler                |E| Request loginEvent caused an error with the following message: Error calling event: org.apache.ofbiz.webapp.event.EventHandlerException: Problems processing event: java.lang.NullPointerException: Cannot invoke "org.apache.ofbiz.entity.GenericValue.get(String)" because "userLogin" is null (Cannot invoke "org.apache.ofbiz.entity.GenericValue.get(String)" because "userLogin" is null)
2023-12-08 17:35:43,185 |sse-nio-8443-exec-11 |JavaEventHandler              |E| Problems Processing Event
java.lang.NullPointerException: Cannot invoke "org.apache.ofbiz.entity.GenericValue.get(String)" because "userLogin" is null
	at com.vastpro.onlineexam.events.LoginEvent.loginEvent(LoginEvent.java:39) ~[main/:?]
	at jdk.internal.reflect.NativeMethodAccessorImpl.invoke0(Native Method) ~[?:?]
	at jdk.internal.reflect.NativeMethodAccessorImpl.invoke(NativeMethodAccessorImpl.java:77) ~[?:?]
	at jdk.internal.reflect.DelegatingMethodAccessorImpl.invoke(DelegatingMethodAccessorImpl.java:43) ~[?:?]
	at java.lang.reflect.Method.invoke(Method.java:568) ~[?:?]
	at org.apache.ofbiz.webapp.event.JavaEventHandler.invoke(JavaEventHandler.java:85) [main/:?]
	at org.apache.ofbiz.webapp.control.RequestHandler.runEvent(RequestHandler.java:1078) [main/:?]
	at org.apache.ofbiz.webapp.control.RequestHandler.doRequest(RequestHandler.java:678) [main/:?]
	at org.apache.ofbiz.webapp.control.ControlServlet.handle(ControlServlet.java:231) [main/:?]
	at org.apache.ofbiz.webapp.control.ControlServlet.doPost(ControlServlet.java:81) [main/:?]
	at javax.servlet.http.HttpServlet.service(HttpServlet.java:555) [tomcat-servlet-api-9.0.82.jar:4.0.FR]
	at javax.servlet.http.HttpServlet.service(HttpServlet.java:623) [tomcat-servlet-api-9.0.82.jar:4.0.FR]
	at org.apache.catalina.core.ApplicationFilterChain.internalDoFilter(ApplicationFilterChain.java:209) [tomcat-catalina-9.0.82.jar:9.0.82]
	at org.apache.catalina.core.ApplicationFilterChain.doFilter(ApplicationFilterChain.java:153) [tomcat-catalina-9.0.82.jar:9.0.82]
	at org.apache.tomcat.websocket.server.WsFilter.doFilter(WsFilter.java:51) [tomcat-embed-websocket-9.0.82.jar:9.0.82]
	at org.apache.catalina.core.ApplicationFilterChain.internalDoFilter(ApplicationFilterChain.java:178) [tomcat-catalina-9.0.82.jar:9.0.82]
	at org.apache.catalina.core.ApplicationFilterChain.doFilter(ApplicationFilterChain.java:153) [tomcat-catalina-9.0.82.jar:9.0.82]
	at org.apache.ofbiz.webapp.control.SameSiteFilter.doFilter(SameSiteFilter.java:45) [main/:?]
	at org.apache.catalina.core.ApplicationFilterChain.internalDoFilter(ApplicationFilterChain.java:178) [tomcat-catalina-9.0.82.jar:9.0.82]
	at org.apache.catalina.core.ApplicationFilterChain.doFilter(ApplicationFilterChain.java:153) [tomcat-catalina-9.0.82.jar:9.0.82]
	at org.apache.ofbiz.webapp.control.ContextFilter.doFilter(ContextFilter.java:188) [main/:?]
	at org.apache.catalina.core.ApplicationFilterChain.internalDoFilter(ApplicationFilterChain.java:178) [tomcat-catalina-9.0.82.jar:9.0.82]
	at org.apache.catalina.core.ApplicationFilterChain.doFilter(ApplicationFilterChain.java:153) [tomcat-catalina-9.0.82.jar:9.0.82]
	at org.apache.ofbiz.webapp.control.ControlFilter.doFilter(ControlFilter.java:167) [main/:?]
	at javax.servlet.http.HttpFilter.doFilter(HttpFilter.java:53) [tomcat-servlet-api-9.0.82.jar:4.0.FR]
	at org.apache.catalina.core.ApplicationFilterChain.internalDoFilter(ApplicationFilterChain.java:178) [tomcat-catalina-9.0.82.jar:9.0.82]
	at org.apache.catalina.core.ApplicationFilterChain.doFilter(ApplicationFilterChain.java:153) [tomcat-catalina-9.0.82.jar:9.0.82]
	at org.apache.logging.log4j.web.Log4jServletFilter.doFilter(Log4jServletFilter.java:71) [log4j-web-2.20.0.jar:2.20.0]
	at org.apache.catalina.core.ApplicationFilterChain.internalDoFilter(ApplicationFilterChain.java:178) [tomcat-catalina-9.0.82.jar:9.0.82]
	at org.apache.catalina.core.ApplicationFilterChain.doFilter(ApplicationFilterChain.java:153) [tomcat-catalina-9.0.82.jar:9.0.82]
	at org.apache.catalina.core.StandardWrapperValve.invoke(StandardWrapperValve.java:168) [tomcat-catalina-9.0.82.jar:9.0.82]
	at org.apache.catalina.core.StandardContextValve.invoke(StandardContextValve.java:90) [tomcat-catalina-9.0.82.jar:9.0.82]
	at org.apache.catalina.authenticator.AuthenticatorBase.invoke(AuthenticatorBase.java:481) [tomcat-catalina-9.0.82.jar:9.0.82]
	at org.apache.catalina.core.StandardHostValve.invoke(StandardHostValve.java:130) [tomcat-catalina-9.0.82.jar:9.0.82]
	at org.apache.catalina.valves.ErrorReportValve.invoke(ErrorReportValve.java:93) [tomcat-catalina-9.0.82.jar:9.0.82]
	at org.apache.catalina.core.StandardEngineValve.invoke(StandardEngineValve.java:74) [tomcat-catalina-9.0.82.jar:9.0.82]
	at org.apache.catalina.valves.AbstractAccessLogValve.invoke(AbstractAccessLogValve.java:670) [tomcat-catalina-9.0.82.jar:9.0.82]
	at org.apache.catalina.connector.CoyoteAdapter.service(CoyoteAdapter.java:342) [tomcat-catalina-9.0.82.jar:9.0.82]
	at org.apache.coyote.http2.StreamProcessor.service(StreamProcessor.java:432) [tomcat-coyote-9.0.82.jar:9.0.82]
	at org.apache.coyote.AbstractProcessorLight.process(AbstractProcessorLight.java:63) [tomcat-coyote-9.0.82.jar:9.0.82]
	at org.apache.coyote.http2.StreamProcessor.process(StreamProcessor.java:90) [tomcat-coyote-9.0.82.jar:9.0.82]
	at org.apache.coyote.http2.StreamRunnable.run(StreamRunnable.java:35) [tomcat-coyote-9.0.82.jar:9.0.82]
	at org.apache.tomcat.util.threads.ThreadPoolExecutor.runWorker(ThreadPoolExecutor.java:1191) [tomcat-util-9.0.82.jar:9.0.82]
	at org.apache.tomcat.util.threads.ThreadPoolExecutor$Worker.run(ThreadPoolExecutor.java:659) [tomcat-util-9.0.82.jar:9.0.82]
	at org.apache.tomcat.util.threads.TaskThread$WrappingRunnable.run(TaskThread.java:61) [tomcat-util-9.0.82.jar:9.0.82]
	at java.lang.Thread.run(Thread.java:842) [?:?]
2023-12-08 17:35:43,186 |sse-nio-8443-exec-11 |RequestHandler                |E| Request loginEvent caused an error with the following message: Error calling event: org.apache.ofbiz.webapp.event.EventHandlerException: Problems processing event: java.lang.NullPointerException: Cannot invoke "org.apache.ofbiz.entity.GenericValue.get(String)" because "userLogin" is null (Cannot invoke "org.apache.ofbiz.entity.GenericValue.get(String)" because "userLogin" is null)
2023-12-08 17:41:45,215 |OFBiz-batch-2        |DatabaseUtil                  |E| Column [DIFFICULTY_LEVEL] of table [public.QUESTION_MASTER] of entity [QuestionMaster] is of type [int4] in the database, but is defined as type [INTEGER] in the entity definition.
2023-12-08 17:41:45,219 |OFBiz-batch-2        |DatabaseUtil                  |E| Column [PERFORMANCE_ID] of table [public.USER_ATTEMPT_ANSWER_MASTER] of entity [UserAttemptAnswerMaster] is of type [int4] in the database, but is defined as type [INTEGER] in the entity definition.
2023-12-08 17:41:45,220 |OFBiz-batch-2        |DatabaseUtil                  |E| Column [IS_FLAGGED] of table [public.USER_ATTEMPT_ANSWER_MASTER] of entity [UserAttemptAnswerMaster] is of type [int4] in the database, but is defined as type [INTEGER] in the entity definition.
2023-12-08 17:41:45,220 |OFBiz-batch-2        |DatabaseUtil                  |E| Column [NO_OF_QUESTIONS] of table [public.USER_ATTEMPT_MASTER] of entity [UserAttemptMaster] is of type [int4] in the database, but is defined as type [INTEGER] in the entity definition.
2023-12-08 17:41:45,220 |OFBiz-batch-2        |DatabaseUtil                  |E| Column [TOTAL_WRONG] of table [public.USER_ATTEMPT_MASTER] of entity [UserAttemptMaster] is of type [int4] in the database, but is defined as type [INTEGER] in the entity definition.
2023-12-08 17:41:45,220 |OFBiz-batch-2        |DatabaseUtil                  |E| Column [TOTAL_CORRECT] of table [public.USER_ATTEMPT_MASTER] of entity [UserAttemptMaster] is of type [int4] in the database, but is defined as type [INTEGER] in the entity definition.
2023-12-08 17:41:45,220 |OFBiz-batch-2        |DatabaseUtil                  |E| Column [PERFORMANCE_ID] of table [public.USER_ATTEMPT_MASTER] of entity [UserAttemptMaster] is of type [int4] in the database, but is defined as type [INTEGER] in the entity definition.
2023-12-08 17:41:45,221 |OFBiz-batch-2        |DatabaseUtil                  |E| Column [CORRECT_QUESTIONS_IN_THIS_TOPIC] of table [public.USER_ATTEMPT_TOPIC_MASTER] of entity [UserAttemptTopicMaster] is of type [int4] in the database, but is defined as type [INTEGER] in the entity definition.
2023-12-08 17:41:45,221 |OFBiz-batch-2        |DatabaseUtil                  |E| Column [PERFORMANCE_ID] of table [public.USER_ATTEMPT_TOPIC_MASTER] of entity [UserAttemptTopicMaster] is of type [int4] in the database, but is defined as type [INTEGER] in the entity definition.
2023-12-08 17:41:45,221 |OFBiz-batch-2        |DatabaseUtil                  |E| Column [TOTAL_QUESTIONS_IN_THIS_TOPIC] of table [public.USER_ATTEMPT_TOPIC_MASTER] of entity [UserAttemptTopicMaster] is of type [int4] in the database, but is defined as type [INTEGER] in the entity definition.
2023-12-08 17:41:45,221 |OFBiz-batch-2        |DatabaseUtil                  |E| Column [MAX_SPLIT_ATTEMPTS] of table [public.USER_EXAM_MAPPING_MASTER] of entity [UserExamMappingMaster] is of type [int4] in the database, but is defined as type [INTEGER] in the entity definition.
2023-12-08 17:57:55,592 |jsse-nio-8443-exec-9 |RequestHandler                |E| Request loginEvent caused an error with the following message: following error occurred during login: User not found.
2023-12-08 18:11:57,195 |OFBiz-batch-2        |DatabaseUtil                  |E| Column [DIFFICULTY_LEVEL] of table [public.QUESTION_MASTER] of entity [QuestionMaster] is of type [int4] in the database, but is defined as type [INTEGER] in the entity definition.
2023-12-08 18:11:57,198 |OFBiz-batch-2        |DatabaseUtil                  |E| Column [PERFORMANCE_ID] of table [public.USER_ATTEMPT_ANSWER_MASTER] of entity [UserAttemptAnswerMaster] is of type [int4] in the database, but is defined as type [INTEGER] in the entity definition.
2023-12-08 18:11:57,199 |OFBiz-batch-2        |DatabaseUtil                  |E| Column [IS_FLAGGED] of table [public.USER_ATTEMPT_ANSWER_MASTER] of entity [UserAttemptAnswerMaster] is of type [int4] in the database, but is defined as type [INTEGER] in the entity definition.
2023-12-08 18:11:57,199 |OFBiz-batch-2        |DatabaseUtil                  |E| Column [NO_OF_QUESTIONS] of table [public.USER_ATTEMPT_MASTER] of entity [UserAttemptMaster] is of type [int4] in the database, but is defined as type [INTEGER] in the entity definition.
2023-12-08 18:11:57,199 |OFBiz-batch-2        |DatabaseUtil                  |E| Column [TOTAL_WRONG] of table [public.USER_ATTEMPT_MASTER] of entity [UserAttemptMaster] is of type [int4] in the database, but is defined as type [INTEGER] in the entity definition.
2023-12-08 18:11:57,199 |OFBiz-batch-2        |DatabaseUtil                  |E| Column [TOTAL_CORRECT] of table [public.USER_ATTEMPT_MASTER] of entity [UserAttemptMaster] is of type [int4] in the database, but is defined as type [INTEGER] in the entity definition.
2023-12-08 18:11:57,199 |OFBiz-batch-2        |DatabaseUtil                  |E| Column [PERFORMANCE_ID] of table [public.USER_ATTEMPT_MASTER] of entity [UserAttemptMaster] is of type [int4] in the database, but is defined as type [INTEGER] in the entity definition.
2023-12-08 18:11:57,199 |OFBiz-batch-2        |DatabaseUtil                  |E| Column [CORRECT_QUESTIONS_IN_THIS_TOPIC] of table [public.USER_ATTEMPT_TOPIC_MASTER] of entity [UserAttemptTopicMaster] is of type [int4] in the database, but is defined as type [INTEGER] in the entity definition.
2023-12-08 18:11:57,199 |OFBiz-batch-2        |DatabaseUtil                  |E| Column [PERFORMANCE_ID] of table [public.USER_ATTEMPT_TOPIC_MASTER] of entity [UserAttemptTopicMaster] is of type [int4] in the database, but is defined as type [INTEGER] in the entity definition.
2023-12-08 18:11:57,199 |OFBiz-batch-2        |DatabaseUtil                  |E| Column [TOTAL_QUESTIONS_IN_THIS_TOPIC] of table [public.USER_ATTEMPT_TOPIC_MASTER] of entity [UserAttemptTopicMaster] is of type [int4] in the database, but is defined as type [INTEGER] in the entity definition.
2023-12-08 18:11:57,199 |OFBiz-batch-2        |DatabaseUtil                  |E| Column [MAX_SPLIT_ATTEMPTS] of table [public.USER_EXAM_MAPPING_MASTER] of entity [UserExamMappingMaster] is of type [int4] in the database, but is defined as type [INTEGER] in the entity definition.
2023-12-08 18:16:04,496 |jsse-nio-8443-exec-3 |RequestHandler                |E| Request loginEvent caused an error with the following message: following error occurred during login: User not found.
2023-12-08 18:16:41,621 |jsse-nio-8443-exec-3 |RequestHandler                |E| Request loginEvent caused an error with the following message: following error occurred during login: User not found.
2023-12-08 18:17:54,698 |jsse-nio-8443-exec-3 |RequestHandler                |E| Request loginEvent caused an error with the following message: following error occurred during login: User not found.
2023-12-08 18:22:54,677 |jsse-nio-8443-exec-3 |RequestHandler                |E| Request loginEvent caused an error with the following message: following error occurred during login: User not found.
2023-12-08 18:23:34,753 |jsse-nio-8443-exec-3 |RequestHandler                |E| Request loginEvent caused an error with the following message: following error occurred during login: User not found.
2023-12-08 18:24:14,079 |jsse-nio-8443-exec-3 |RequestHandler                |E| Request loginEvent caused an error with the following message: following error occurred during login: User not found.
2023-12-08 18:25:32,920 |jsse-nio-8443-exec-2 |RequestHandler                |E| Request loginEvent caused an error with the following message: following error occurred during login: User not found.
2023-12-08 18:27:30,472 |jsse-nio-8443-exec-2 |RequestHandler                |E| Request loginEvent caused an error with the following message: following error occurred during login: User not found.
2023-12-08 19:28:46,409 |jsse-nio-8443-exec-2 |RequestHandler                |E| Request loginEvent caused an error with the following message: following error occurred during login: User not found.
2023-12-08 19:29:10,145 |jsse-nio-8443-exec-2 |RequestHandler                |E| Request loginEvent caused an error with the following message: following error occurred during login: User not found.
2023-12-08 19:29:46,831 |jsse-nio-8443-exec-2 |RequestHandler                |E| Request loginEvent caused an error with the following message: following error occurred during login: User not found.
