2023-12-21 18:51:32,887 |jsse-nio-8443-exec-5 |RequestHandler                |E| Request viewQuestions caused an error with the following message: Error calling event: org.apache.ofbiz.webapp.event.EventHandlerException: Problems processing event: java.lang.NullPointerException: Cannot invoke "org.apache.ofbiz.entity.GenericValue.getString(String)" because "getTopicMaster" is null (Cannot invoke "org.apache.ofbiz.entity.GenericValue.getString(String)" because "getTopicMaster" is null)
2023-12-21 18:51:40,195 |jsse-nio-8443-exec-4 |NoModule                      |O| examName is........????????Computer Programming
2023-12-21 18:51:40,196 |jsse-nio-8443-exec-4 |NoModule                      |O| ExamTopicMapping{ExamTopicMapping=[{topicId=1, questionsPerExam=100, examName=Computer Programming, percentage=100.00, examId=1, topicPassPercentage=25.00, topicName=firstTopic}]}
2023-12-21 18:51:40,203 |jsse-nio-8443-exec-3 |NoModule                      |O| examName is........????????Computer Programming
2023-12-21 18:51:40,204 |jsse-nio-8443-exec-3 |NoModule                      |O| ExamTopicMapping{ExamTopicMapping=[{topicId=1, questionsPerExam=100, examName=Computer Programming, percentage=100.00, examId=1, topicPassPercentage=25.00, topicName=firstTopic}]}
2023-12-21 18:51:41,764 |jsse-nio-8443-exec-1 |JavaEventHandler              |E| Problems Processing Event
java.lang.NullPointerException: Cannot invoke "org.apache.ofbiz.entity.GenericValue.getString(String)" because "getTopicMaster" is null
	at com.companyname.onlineexam.events.QuestionTopicEvent.viewQuestions(QuestionTopicEvent.java:32) ~[main/:?]
	at jdk.internal.reflect.NativeMethodAccessorImpl.invoke0(Native Method) ~[?:?]
	at jdk.internal.reflect.NativeMethodAccessorImpl.invoke(Unknown Source) ~[?:?]
	at jdk.internal.reflect.DelegatingMethodAccessorImpl.invoke(Unknown Source) ~[?:?]
	at java.lang.reflect.Method.invoke(Unknown Source) ~[?:?]
	at org.apache.ofbiz.webapp.event.JavaEventHandler.invoke(JavaEventHandler.java:85) [main/:?]
	at org.apache.ofbiz.webapp.control.RequestHandler.runEvent(RequestHandler.java:1078) [main/:?]
	at org.apache.ofbiz.webapp.control.RequestHandler.doRequest(RequestHandler.java:678) [main/:?]
	at org.apache.ofbiz.webapp.control.ControlServlet.handle(ControlServlet.java:231) [main/:?]
	at org.apache.ofbiz.webapp.control.ControlServlet.doPost(ControlServlet.java:81) [main/:?]
	at javax.servlet.http.HttpServlet.service(HttpServlet.java:555) [tomcat-servlet-api-9.0.82.jar:4.0.FR]
	at javax.servlet.http.HttpServlet.service(HttpServlet.java:623) [tomcat-servlet-api-9.0.82.jar:4.0.FR]
	at org.apache.catalina.core.ApplicationFilterChain.internalDoFilter(ApplicationFilterChain.java:209) [tomcat-catalina-9.0.82.jar:9.0.82]
	at org.apache.catalina.core.ApplicationFilterChain.doFilter(ApplicationFilterChain.java:153) [tomcat-catalina-9.0.82.jar:9.0.82]
	at org.apache.tomcat.websocket.server.WsFilter.doFilter(WsFilter.java:51) [tomcat-embed-websocket-9.0.82.jar:9.0.82]
	at org.apache.catalina.core.ApplicationFilterChain.internalDoFilter(ApplicationFilterChain.java:178) [tomcat-catalina-9.0.82.jar:9.0.82]
	at org.apache.catalina.core.ApplicationFilterChain.doFilter(ApplicationFilterChain.java:153) [tomcat-catalina-9.0.82.jar:9.0.82]
	at org.apache.ofbiz.webapp.control.SameSiteFilter.doFilter(SameSiteFilter.java:45) [main/:?]
	at org.apache.catalina.core.ApplicationFilterChain.internalDoFilter(ApplicationFilterChain.java:178) [tomcat-catalina-9.0.82.jar:9.0.82]
	at org.apache.catalina.core.ApplicationFilterChain.doFilter(ApplicationFilterChain.java:153) [tomcat-catalina-9.0.82.jar:9.0.82]
	at org.apache.ofbiz.webapp.control.ContextFilter.doFilter(ContextFilter.java:188) [main/:?]
	at org.apache.catalina.core.ApplicationFilterChain.internalDoFilter(ApplicationFilterChain.java:178) [tomcat-catalina-9.0.82.jar:9.0.82]
	at org.apache.catalina.core.ApplicationFilterChain.doFilter(ApplicationFilterChain.java:153) [tomcat-catalina-9.0.82.jar:9.0.82]
	at org.apache.ofbiz.webapp.control.ControlFilter.doFilter(ControlFilter.java:167) [main/:?]
	at javax.servlet.http.HttpFilter.doFilter(HttpFilter.java:53) [tomcat-servlet-api-9.0.82.jar:4.0.FR]
	at org.apache.catalina.core.ApplicationFilterChain.internalDoFilter(ApplicationFilterChain.java:178) [tomcat-catalina-9.0.82.jar:9.0.82]
	at org.apache.catalina.core.ApplicationFilterChain.doFilter(ApplicationFilterChain.java:153) [tomcat-catalina-9.0.82.jar:9.0.82]
	at org.apache.logging.log4j.web.Log4jServletFilter.doFilter(Log4jServletFilter.java:71) [log4j-web-2.20.0.jar:2.20.0]
	at org.apache.catalina.core.ApplicationFilterChain.internalDoFilter(ApplicationFilterChain.java:178) [tomcat-catalina-9.0.82.jar:9.0.82]
	at org.apache.catalina.core.ApplicationFilterChain.doFilter(ApplicationFilterChain.java:153) [tomcat-catalina-9.0.82.jar:9.0.82]
	at org.apache.catalina.core.StandardWrapperValve.invoke(StandardWrapperValve.java:168) [tomcat-catalina-9.0.82.jar:9.0.82]
	at org.apache.catalina.core.StandardContextValve.invoke(StandardContextValve.java:90) [tomcat-catalina-9.0.82.jar:9.0.82]
	at org.apache.catalina.authenticator.AuthenticatorBase.invoke(AuthenticatorBase.java:481) [tomcat-catalina-9.0.82.jar:9.0.82]
	at org.apache.catalina.core.StandardHostValve.invoke(StandardHostValve.java:130) [tomcat-catalina-9.0.82.jar:9.0.82]
	at org.apache.catalina.valves.ErrorReportValve.invoke(ErrorReportValve.java:93) [tomcat-catalina-9.0.82.jar:9.0.82]
	at org.apache.catalina.core.StandardEngineValve.invoke(StandardEngineValve.java:74) [tomcat-catalina-9.0.82.jar:9.0.82]
	at org.apache.catalina.valves.AbstractAccessLogValve.invoke(AbstractAccessLogValve.java:670) [tomcat-catalina-9.0.82.jar:9.0.82]
	at org.apache.catalina.connector.CoyoteAdapter.service(CoyoteAdapter.java:342) [tomcat-catalina-9.0.82.jar:9.0.82]
	at org.apache.coyote.http2.StreamProcessor.service(StreamProcessor.java:432) [tomcat-coyote-9.0.82.jar:9.0.82]
	at org.apache.coyote.AbstractProcessorLight.process(AbstractProcessorLight.java:63) [tomcat-coyote-9.0.82.jar:9.0.82]
	at org.apache.coyote.http2.StreamProcessor.process(StreamProcessor.java:90) [tomcat-coyote-9.0.82.jar:9.0.82]
	at org.apache.coyote.http2.StreamRunnable.run(StreamRunnable.java:35) [tomcat-coyote-9.0.82.jar:9.0.82]
	at org.apache.tomcat.util.threads.ThreadPoolExecutor.runWorker(ThreadPoolExecutor.java:1191) [tomcat-util-9.0.82.jar:9.0.82]
	at org.apache.tomcat.util.threads.ThreadPoolExecutor$Worker.run(ThreadPoolExecutor.java:659) [tomcat-util-9.0.82.jar:9.0.82]
	at org.apache.tomcat.util.threads.TaskThread$WrappingRunnable.run(TaskThread.java:61) [tomcat-util-9.0.82.jar:9.0.82]
	at java.lang.Thread.run(Unknown Source) [?:?]
2023-12-21 18:51:41,765 |jsse-nio-8443-exec-6 |JavaEventHandler              |E| Problems Processing Event
java.lang.NullPointerException: Cannot invoke "org.apache.ofbiz.entity.GenericValue.getString(String)" because "getTopicMaster" is null
	at com.companyname.onlineexam.events.QuestionTopicEvent.viewQuestions(QuestionTopicEvent.java:32) ~[main/:?]
	at jdk.internal.reflect.NativeMethodAccessorImpl.invoke0(Native Method) ~[?:?]
	at jdk.internal.reflect.NativeMethodAccessorImpl.invoke(Unknown Source) ~[?:?]
	at jdk.internal.reflect.DelegatingMethodAccessorImpl.invoke(Unknown Source) ~[?:?]
	at java.lang.reflect.Method.invoke(Unknown Source) ~[?:?]
	at org.apache.ofbiz.webapp.event.JavaEventHandler.invoke(JavaEventHandler.java:85) [main/:?]
	at org.apache.ofbiz.webapp.control.RequestHandler.runEvent(RequestHandler.java:1078) [main/:?]
	at org.apache.ofbiz.webapp.control.RequestHandler.doRequest(RequestHandler.java:678) [main/:?]
	at org.apache.ofbiz.webapp.control.ControlServlet.handle(ControlServlet.java:231) [main/:?]
	at org.apache.ofbiz.webapp.control.ControlServlet.doPost(ControlServlet.java:81) [main/:?]
	at javax.servlet.http.HttpServlet.service(HttpServlet.java:555) [tomcat-servlet-api-9.0.82.jar:4.0.FR]
	at javax.servlet.http.HttpServlet.service(HttpServlet.java:623) [tomcat-servlet-api-9.0.82.jar:4.0.FR]
	at org.apache.catalina.core.ApplicationFilterChain.internalDoFilter(ApplicationFilterChain.java:209) [tomcat-catalina-9.0.82.jar:9.0.82]
	at org.apache.catalina.core.ApplicationFilterChain.doFilter(ApplicationFilterChain.java:153) [tomcat-catalina-9.0.82.jar:9.0.82]
	at org.apache.tomcat.websocket.server.WsFilter.doFilter(WsFilter.java:51) [tomcat-embed-websocket-9.0.82.jar:9.0.82]
	at org.apache.catalina.core.ApplicationFilterChain.internalDoFilter(ApplicationFilterChain.java:178) [tomcat-catalina-9.0.82.jar:9.0.82]
	at org.apache.catalina.core.ApplicationFilterChain.doFilter(ApplicationFilterChain.java:153) [tomcat-catalina-9.0.82.jar:9.0.82]
	at org.apache.ofbiz.webapp.control.SameSiteFilter.doFilter(SameSiteFilter.java:45) [main/:?]
	at org.apache.catalina.core.ApplicationFilterChain.internalDoFilter(ApplicationFilterChain.java:178) [tomcat-catalina-9.0.82.jar:9.0.82]
	at org.apache.catalina.core.ApplicationFilterChain.doFilter(ApplicationFilterChain.java:153) [tomcat-catalina-9.0.82.jar:9.0.82]
	at org.apache.ofbiz.webapp.control.ContextFilter.doFilter(ContextFilter.java:188) [main/:?]
	at org.apache.catalina.core.ApplicationFilterChain.internalDoFilter(ApplicationFilterChain.java:178) [tomcat-catalina-9.0.82.jar:9.0.82]
	at org.apache.catalina.core.ApplicationFilterChain.doFilter(ApplicationFilterChain.java:153) [tomcat-catalina-9.0.82.jar:9.0.82]
	at org.apache.ofbiz.webapp.control.ControlFilter.doFilter(ControlFilter.java:167) [main/:?]
	at javax.servlet.http.HttpFilter.doFilter(HttpFilter.java:53) [tomcat-servlet-api-9.0.82.jar:4.0.FR]
	at org.apache.catalina.core.ApplicationFilterChain.internalDoFilter(ApplicationFilterChain.java:178) [tomcat-catalina-9.0.82.jar:9.0.82]
	at org.apache.catalina.core.ApplicationFilterChain.doFilter(ApplicationFilterChain.java:153) [tomcat-catalina-9.0.82.jar:9.0.82]
	at org.apache.logging.log4j.web.Log4jServletFilter.doFilter(Log4jServletFilter.java:71) [log4j-web-2.20.0.jar:2.20.0]
	at org.apache.catalina.core.ApplicationFilterChain.internalDoFilter(ApplicationFilterChain.java:178) [tomcat-catalina-9.0.82.jar:9.0.82]
	at org.apache.catalina.core.ApplicationFilterChain.doFilter(ApplicationFilterChain.java:153) [tomcat-catalina-9.0.82.jar:9.0.82]
	at org.apache.catalina.core.StandardWrapperValve.invoke(StandardWrapperValve.java:168) [tomcat-catalina-9.0.82.jar:9.0.82]
	at org.apache.catalina.core.StandardContextValve.invoke(StandardContextValve.java:90) [tomcat-catalina-9.0.82.jar:9.0.82]
	at org.apache.catalina.authenticator.AuthenticatorBase.invoke(AuthenticatorBase.java:481) [tomcat-catalina-9.0.82.jar:9.0.82]
	at org.apache.catalina.core.StandardHostValve.invoke(StandardHostValve.java:130) [tomcat-catalina-9.0.82.jar:9.0.82]
	at org.apache.catalina.valves.ErrorReportValve.invoke(ErrorReportValve.java:93) [tomcat-catalina-9.0.82.jar:9.0.82]
	at org.apache.catalina.core.StandardEngineValve.invoke(StandardEngineValve.java:74) [tomcat-catalina-9.0.82.jar:9.0.82]
	at org.apache.catalina.valves.AbstractAccessLogValve.invoke(AbstractAccessLogValve.java:670) [tomcat-catalina-9.0.82.jar:9.0.82]
	at org.apache.catalina.connector.CoyoteAdapter.service(CoyoteAdapter.java:342) [tomcat-catalina-9.0.82.jar:9.0.82]
	at org.apache.coyote.http2.StreamProcessor.service(StreamProcessor.java:432) [tomcat-coyote-9.0.82.jar:9.0.82]
	at org.apache.coyote.AbstractProcessorLight.process(AbstractProcessorLight.java:63) [tomcat-coyote-9.0.82.jar:9.0.82]
	at org.apache.coyote.http2.StreamProcessor.process(StreamProcessor.java:90) [tomcat-coyote-9.0.82.jar:9.0.82]
	at org.apache.coyote.http2.StreamRunnable.run(StreamRunnable.java:35) [tomcat-coyote-9.0.82.jar:9.0.82]
	at org.apache.tomcat.util.threads.ThreadPoolExecutor.runWorker(ThreadPoolExecutor.java:1191) [tomcat-util-9.0.82.jar:9.0.82]
	at org.apache.tomcat.util.threads.ThreadPoolExecutor$Worker.run(ThreadPoolExecutor.java:659) [tomcat-util-9.0.82.jar:9.0.82]
	at org.apache.tomcat.util.threads.TaskThread$WrappingRunnable.run(TaskThread.java:61) [tomcat-util-9.0.82.jar:9.0.82]
	at java.lang.Thread.run(Unknown Source) [?:?]
2023-12-21 18:51:41,766 |jsse-nio-8443-exec-1 |RequestHandler                |E| Request viewQuestions caused an error with the following message: Error calling event: org.apache.ofbiz.webapp.event.EventHandlerException: Problems processing event: java.lang.NullPointerException: Cannot invoke "org.apache.ofbiz.entity.GenericValue.getString(String)" because "getTopicMaster" is null (Cannot invoke "org.apache.ofbiz.entity.GenericValue.getString(String)" because "getTopicMaster" is null)
2023-12-21 18:51:41,766 |jsse-nio-8443-exec-6 |RequestHandler                |E| Request viewQuestions caused an error with the following message: Error calling event: org.apache.ofbiz.webapp.event.EventHandlerException: Problems processing event: java.lang.NullPointerException: Cannot invoke "org.apache.ofbiz.entity.GenericValue.getString(String)" because "getTopicMaster" is null (Cannot invoke "org.apache.ofbiz.entity.GenericValue.getString(String)" because "getTopicMaster" is null)
2023-12-21 19:28:35,503 |jsse-nio-8443-exec-4 |TransactionUtil               |E| Rollback Only was set when trying to commit transaction here; throwing rollbackOnly cause exception
javax.transaction.RollbackException: Unable to commit: transaction marked for rollback
	at org.apache.geronimo.transaction.manager.TransactionImpl.commit(TransactionImpl.java:272) ~[geronimo-transaction-3.1.5.jar:3.1.5]
	at org.apache.geronimo.transaction.manager.TransactionManagerImpl.commit(TransactionManagerImpl.java:263) ~[geronimo-transaction-3.1.5.jar:3.1.5]
	at org.apache.ofbiz.entity.transaction.TransactionUtil.commit(TransactionUtil.java:250) [main/:?]
	at org.apache.ofbiz.entity.transaction.TransactionUtil.commit(TransactionUtil.java:233) [main/:?]
	at org.apache.ofbiz.webapp.event.JavaEventHandler.invoke(JavaEventHandler.java:105) [main/:?]
	at org.apache.ofbiz.webapp.control.RequestHandler.runEvent(RequestHandler.java:1078) [main/:?]
	at org.apache.ofbiz.webapp.control.RequestHandler.doRequest(RequestHandler.java:678) [main/:?]
	at org.apache.ofbiz.webapp.control.ControlServlet.handle(ControlServlet.java:231) [main/:?]
	at org.apache.ofbiz.webapp.control.ControlServlet.doPost(ControlServlet.java:81) [main/:?]
	at javax.servlet.http.HttpServlet.service(HttpServlet.java:555) [tomcat-servlet-api-9.0.82.jar:4.0.FR]
	at javax.servlet.http.HttpServlet.service(HttpServlet.java:623) [tomcat-servlet-api-9.0.82.jar:4.0.FR]
	at org.apache.catalina.core.ApplicationFilterChain.internalDoFilter(ApplicationFilterChain.java:209) [tomcat-catalina-9.0.82.jar:9.0.82]
	at org.apache.catalina.core.ApplicationFilterChain.doFilter(ApplicationFilterChain.java:153) [tomcat-catalina-9.0.82.jar:9.0.82]
	at org.apache.tomcat.websocket.server.WsFilter.doFilter(WsFilter.java:51) [tomcat-embed-websocket-9.0.82.jar:9.0.82]
	at org.apache.catalina.core.ApplicationFilterChain.internalDoFilter(ApplicationFilterChain.java:178) [tomcat-catalina-9.0.82.jar:9.0.82]
	at org.apache.catalina.core.ApplicationFilterChain.doFilter(ApplicationFilterChain.java:153) [tomcat-catalina-9.0.82.jar:9.0.82]
	at org.apache.ofbiz.webapp.control.SameSiteFilter.doFilter(SameSiteFilter.java:45) [main/:?]
	at org.apache.catalina.core.ApplicationFilterChain.internalDoFilter(ApplicationFilterChain.java:178) [tomcat-catalina-9.0.82.jar:9.0.82]
	at org.apache.catalina.core.ApplicationFilterChain.doFilter(ApplicationFilterChain.java:153) [tomcat-catalina-9.0.82.jar:9.0.82]
	at org.apache.ofbiz.webapp.control.ContextFilter.doFilter(ContextFilter.java:188) [main/:?]
	at org.apache.catalina.core.ApplicationFilterChain.internalDoFilter(ApplicationFilterChain.java:178) [tomcat-catalina-9.0.82.jar:9.0.82]
	at org.apache.catalina.core.ApplicationFilterChain.doFilter(ApplicationFilterChain.java:153) [tomcat-catalina-9.0.82.jar:9.0.82]
	at org.apache.ofbiz.webapp.control.ControlFilter.doFilter(ControlFilter.java:167) [main/:?]
	at javax.servlet.http.HttpFilter.doFilter(HttpFilter.java:53) [tomcat-servlet-api-9.0.82.jar:4.0.FR]
	at org.apache.catalina.core.ApplicationFilterChain.internalDoFilter(ApplicationFilterChain.java:178) [tomcat-catalina-9.0.82.jar:9.0.82]
	at org.apache.catalina.core.ApplicationFilterChain.doFilter(ApplicationFilterChain.java:153) [tomcat-catalina-9.0.82.jar:9.0.82]
	at org.apache.logging.log4j.web.Log4jServletFilter.doFilter(Log4jServletFilter.java:71) [log4j-web-2.20.0.jar:2.20.0]
	at org.apache.catalina.core.ApplicationFilterChain.internalDoFilter(ApplicationFilterChain.java:178) [tomcat-catalina-9.0.82.jar:9.0.82]
	at org.apache.catalina.core.ApplicationFilterChain.doFilter(ApplicationFilterChain.java:153) [tomcat-catalina-9.0.82.jar:9.0.82]
	at org.apache.catalina.core.StandardWrapperValve.invoke(StandardWrapperValve.java:168) [tomcat-catalina-9.0.82.jar:9.0.82]
	at org.apache.catalina.core.StandardContextValve.invoke(StandardContextValve.java:90) [tomcat-catalina-9.0.82.jar:9.0.82]
	at org.apache.catalina.authenticator.AuthenticatorBase.invoke(AuthenticatorBase.java:481) [tomcat-catalina-9.0.82.jar:9.0.82]
	at org.apache.catalina.core.StandardHostValve.invoke(StandardHostValve.java:130) [tomcat-catalina-9.0.82.jar:9.0.82]
	at org.apache.catalina.valves.ErrorReportValve.invoke(ErrorReportValve.java:93) [tomcat-catalina-9.0.82.jar:9.0.82]
	at org.apache.catalina.core.StandardEngineValve.invoke(StandardEngineValve.java:74) [tomcat-catalina-9.0.82.jar:9.0.82]
	at org.apache.catalina.valves.AbstractAccessLogValve.invoke(AbstractAccessLogValve.java:670) [tomcat-catalina-9.0.82.jar:9.0.82]
	at org.apache.catalina.connector.CoyoteAdapter.service(CoyoteAdapter.java:342) [tomcat-catalina-9.0.82.jar:9.0.82]
	at org.apache.coyote.http11.Http11Processor.service(Http11Processor.java:390) [tomcat-coyote-9.0.82.jar:9.0.82]
	at org.apache.coyote.AbstractProcessorLight.process(AbstractProcessorLight.java:63) [tomcat-coyote-9.0.82.jar:9.0.82]
	at org.apache.coyote.AbstractProtocol$ConnectionHandler.process(AbstractProtocol.java:928) [tomcat-coyote-9.0.82.jar:9.0.82]
	at org.apache.tomcat.util.net.NioEndpoint$SocketProcessor.doRun(NioEndpoint.java:1794) [tomcat-coyote-9.0.82.jar:9.0.82]
	at org.apache.tomcat.util.net.SocketProcessorBase.run(SocketProcessorBase.java:52) [tomcat-coyote-9.0.82.jar:9.0.82]
	at org.apache.tomcat.util.threads.ThreadPoolExecutor.runWorker(ThreadPoolExecutor.java:1191) [tomcat-util-9.0.82.jar:9.0.82]
	at org.apache.tomcat.util.threads.ThreadPoolExecutor$Worker.run(ThreadPoolExecutor.java:659) [tomcat-util-9.0.82.jar:9.0.82]
	at org.apache.tomcat.util.threads.TaskThread$WrappingRunnable.run(TaskThread.java:61) [tomcat-util-9.0.82.jar:9.0.82]
	at java.lang.Thread.run(Unknown Source) [?:?]
Caused by: org.apache.geronimo.transaction.manager.SetRollbackOnlyException: setRollbackOnly() called.  See stacktrace for origin
	at org.apache.geronimo.transaction.manager.TransactionImpl.setRollbackOnly(TransactionImpl.java:126) ~[geronimo-transaction-3.1.5.jar:3.1.5]
	at org.apache.geronimo.transaction.manager.TransactionManagerImpl.setRollbackOnly(TransactionManagerImpl.java:254) ~[geronimo-transaction-3.1.5.jar:3.1.5]
	at org.apache.ofbiz.entity.transaction.TransactionUtil.setRollbackOnly(TransactionUtil.java:375) ~[main/:?]
	at org.apache.ofbiz.entity.transaction.TransactionUtil.rollback(TransactionUtil.java:306) ~[main/:?]
	at org.apache.ofbiz.service.ServiceDispatcher.runSync(ServiceDispatcher.java:555) ~[main/:?]
	at org.apache.ofbiz.service.ServiceDispatcher.runSync(ServiceDispatcher.java:244) ~[main/:?]
	at org.apache.ofbiz.service.GenericDispatcherFactory$GenericDispatcher.runSync(GenericDispatcherFactory.java:93) ~[main/:?]
	at com.companyname.onlineexam.events.ExamMasterEvents.createOrUpdateExamMasterEvent(ExamMasterEvents.java:41) ~[main/:?]
	at jdk.internal.reflect.NativeMethodAccessorImpl.invoke0(Native Method) ~[?:?]
	at jdk.internal.reflect.NativeMethodAccessorImpl.invoke(Unknown Source) ~[?:?]
	at jdk.internal.reflect.DelegatingMethodAccessorImpl.invoke(Unknown Source) ~[?:?]
	at java.lang.reflect.Method.invoke(Unknown Source) ~[?:?]
	at org.apache.ofbiz.webapp.event.JavaEventHandler.invoke(JavaEventHandler.java:85) ~[main/:?]
	... 41 more
2023-12-21 19:28:35,506 |jsse-nio-8443-exec-4 |JavaEventHandler              |E| null
org.apache.ofbiz.entity.transaction.GenericTransactionException: Roll back error, could not commit transaction, was rolled back instead because of: Service [updateExamMaster] threw an unexpected exception/errororg.apache.ofbiz.service.ServiceAuthException: User authorization is required for this service: updateExamMaster (User authorization is required for this service: updateExamMaster)
	at org.apache.ofbiz.entity.transaction.TransactionUtil.commit(TransactionUtil.java:275) ~[main/:?]
	at org.apache.ofbiz.entity.transaction.TransactionUtil.commit(TransactionUtil.java:233) ~[main/:?]
	at org.apache.ofbiz.webapp.event.JavaEventHandler.invoke(JavaEventHandler.java:105) [main/:?]
	at org.apache.ofbiz.webapp.control.RequestHandler.runEvent(RequestHandler.java:1078) [main/:?]
	at org.apache.ofbiz.webapp.control.RequestHandler.doRequest(RequestHandler.java:678) [main/:?]
	at org.apache.ofbiz.webapp.control.ControlServlet.handle(ControlServlet.java:231) [main/:?]
	at org.apache.ofbiz.webapp.control.ControlServlet.doPost(ControlServlet.java:81) [main/:?]
	at javax.servlet.http.HttpServlet.service(HttpServlet.java:555) [tomcat-servlet-api-9.0.82.jar:4.0.FR]
	at javax.servlet.http.HttpServlet.service(HttpServlet.java:623) [tomcat-servlet-api-9.0.82.jar:4.0.FR]
	at org.apache.catalina.core.ApplicationFilterChain.internalDoFilter(ApplicationFilterChain.java:209) [tomcat-catalina-9.0.82.jar:9.0.82]
	at org.apache.catalina.core.ApplicationFilterChain.doFilter(ApplicationFilterChain.java:153) [tomcat-catalina-9.0.82.jar:9.0.82]
	at org.apache.tomcat.websocket.server.WsFilter.doFilter(WsFilter.java:51) [tomcat-embed-websocket-9.0.82.jar:9.0.82]
	at org.apache.catalina.core.ApplicationFilterChain.internalDoFilter(ApplicationFilterChain.java:178) [tomcat-catalina-9.0.82.jar:9.0.82]
	at org.apache.catalina.core.ApplicationFilterChain.doFilter(ApplicationFilterChain.java:153) [tomcat-catalina-9.0.82.jar:9.0.82]
	at org.apache.ofbiz.webapp.control.SameSiteFilter.doFilter(SameSiteFilter.java:45) [main/:?]
	at org.apache.catalina.core.ApplicationFilterChain.internalDoFilter(ApplicationFilterChain.java:178) [tomcat-catalina-9.0.82.jar:9.0.82]
	at org.apache.catalina.core.ApplicationFilterChain.doFilter(ApplicationFilterChain.java:153) [tomcat-catalina-9.0.82.jar:9.0.82]
	at org.apache.ofbiz.webapp.control.ContextFilter.doFilter(ContextFilter.java:188) [main/:?]
	at org.apache.catalina.core.ApplicationFilterChain.internalDoFilter(ApplicationFilterChain.java:178) [tomcat-catalina-9.0.82.jar:9.0.82]
	at org.apache.catalina.core.ApplicationFilterChain.doFilter(ApplicationFilterChain.java:153) [tomcat-catalina-9.0.82.jar:9.0.82]
	at org.apache.ofbiz.webapp.control.ControlFilter.doFilter(ControlFilter.java:167) [main/:?]
	at javax.servlet.http.HttpFilter.doFilter(HttpFilter.java:53) [tomcat-servlet-api-9.0.82.jar:4.0.FR]
	at org.apache.catalina.core.ApplicationFilterChain.internalDoFilter(ApplicationFilterChain.java:178) [tomcat-catalina-9.0.82.jar:9.0.82]
	at org.apache.catalina.core.ApplicationFilterChain.doFilter(ApplicationFilterChain.java:153) [tomcat-catalina-9.0.82.jar:9.0.82]
	at org.apache.logging.log4j.web.Log4jServletFilter.doFilter(Log4jServletFilter.java:71) [log4j-web-2.20.0.jar:2.20.0]
	at org.apache.catalina.core.ApplicationFilterChain.internalDoFilter(ApplicationFilterChain.java:178) [tomcat-catalina-9.0.82.jar:9.0.82]
	at org.apache.catalina.core.ApplicationFilterChain.doFilter(ApplicationFilterChain.java:153) [tomcat-catalina-9.0.82.jar:9.0.82]
	at org.apache.catalina.core.StandardWrapperValve.invoke(StandardWrapperValve.java:168) [tomcat-catalina-9.0.82.jar:9.0.82]
	at org.apache.catalina.core.StandardContextValve.invoke(StandardContextValve.java:90) [tomcat-catalina-9.0.82.jar:9.0.82]
	at org.apache.catalina.authenticator.AuthenticatorBase.invoke(AuthenticatorBase.java:481) [tomcat-catalina-9.0.82.jar:9.0.82]
	at org.apache.catalina.core.StandardHostValve.invoke(StandardHostValve.java:130) [tomcat-catalina-9.0.82.jar:9.0.82]
	at org.apache.catalina.valves.ErrorReportValve.invoke(ErrorReportValve.java:93) [tomcat-catalina-9.0.82.jar:9.0.82]
	at org.apache.catalina.core.StandardEngineValve.invoke(StandardEngineValve.java:74) [tomcat-catalina-9.0.82.jar:9.0.82]
	at org.apache.catalina.valves.AbstractAccessLogValve.invoke(AbstractAccessLogValve.java:670) [tomcat-catalina-9.0.82.jar:9.0.82]
	at org.apache.catalina.connector.CoyoteAdapter.service(CoyoteAdapter.java:342) [tomcat-catalina-9.0.82.jar:9.0.82]
	at org.apache.coyote.http11.Http11Processor.service(Http11Processor.java:390) [tomcat-coyote-9.0.82.jar:9.0.82]
	at org.apache.coyote.AbstractProcessorLight.process(AbstractProcessorLight.java:63) [tomcat-coyote-9.0.82.jar:9.0.82]
	at org.apache.coyote.AbstractProtocol$ConnectionHandler.process(AbstractProtocol.java:928) [tomcat-coyote-9.0.82.jar:9.0.82]
	at org.apache.tomcat.util.net.NioEndpoint$SocketProcessor.doRun(NioEndpoint.java:1794) [tomcat-coyote-9.0.82.jar:9.0.82]
	at org.apache.tomcat.util.net.SocketProcessorBase.run(SocketProcessorBase.java:52) [tomcat-coyote-9.0.82.jar:9.0.82]
	at org.apache.tomcat.util.threads.ThreadPoolExecutor.runWorker(ThreadPoolExecutor.java:1191) [tomcat-util-9.0.82.jar:9.0.82]
	at org.apache.tomcat.util.threads.ThreadPoolExecutor$Worker.run(ThreadPoolExecutor.java:659) [tomcat-util-9.0.82.jar:9.0.82]
	at org.apache.tomcat.util.threads.TaskThread$WrappingRunnable.run(TaskThread.java:61) [tomcat-util-9.0.82.jar:9.0.82]
	at java.lang.Thread.run(Unknown Source) [?:?]
Caused by: org.apache.ofbiz.service.ServiceAuthException: User authorization is required for this service: updateExamMaster
	at org.apache.ofbiz.service.ServiceDispatcher.runSync(ServiceDispatcher.java:385) ~[main/:?]
	at org.apache.ofbiz.service.ServiceDispatcher.runSync(ServiceDispatcher.java:244) ~[main/:?]
	at org.apache.ofbiz.service.GenericDispatcherFactory$GenericDispatcher.runSync(GenericDispatcherFactory.java:93) ~[main/:?]
	at com.companyname.onlineexam.events.ExamMasterEvents.createOrUpdateExamMasterEvent(ExamMasterEvents.java:41) ~[main/:?]
	at jdk.internal.reflect.NativeMethodAccessorImpl.invoke0(Native Method) ~[?:?]
	at jdk.internal.reflect.NativeMethodAccessorImpl.invoke(Unknown Source) ~[?:?]
	at jdk.internal.reflect.DelegatingMethodAccessorImpl.invoke(Unknown Source) ~[?:?]
	at java.lang.reflect.Method.invoke(Unknown Source) ~[?:?]
	at org.apache.ofbiz.webapp.event.JavaEventHandler.invoke(JavaEventHandler.java:85) ~[main/:?]
	... 41 more
2023-12-21 19:28:35,510 |jsse-nio-8443-exec-4 |RequestHandler                |E| Request ExamMasterEvent caused an error with the following message: Unable to create or update records in ExamMasterentity: org.apache.ofbiz.service.ServiceAuthException: User authorization is required for this service: updateExamMaster
2023-12-21 19:33:42,689 |OFBiz-batch-2        |DatabaseUtil                  |E| Column [DIFFICULTY_LEVEL] of table [public.QUESTION_MASTER] of entity [QuestionMaster] is of type [int4] in the database, but is defined as type [INTEGER] in the entity definition.
2023-12-21 19:33:42,692 |OFBiz-batch-2        |DatabaseUtil                  |E| Column [PERFORMANCE_ID] of table [public.USER_ATTEMPT_ANSWER_MASTER] of entity [UserAttemptAnswerMaster] is of type [int4] in the database, but is defined as type [INTEGER] in the entity definition.
2023-12-21 19:33:42,692 |OFBiz-batch-2        |DatabaseUtil                  |E| Column [IS_FLAGGED] of table [public.USER_ATTEMPT_ANSWER_MASTER] of entity [UserAttemptAnswerMaster] is of type [int4] in the database, but is defined as type [INTEGER] in the entity definition.
2023-12-21 19:33:42,692 |OFBiz-batch-2        |DatabaseUtil                  |E| Column [NO_OF_QUESTIONS] of table [public.USER_ATTEMPT_MASTER] of entity [UserAttemptMaster] is of type [int4] in the database, but is defined as type [INTEGER] in the entity definition.
2023-12-21 19:33:42,692 |OFBiz-batch-2        |DatabaseUtil                  |E| Column [TOTAL_WRONG] of table [public.USER_ATTEMPT_MASTER] of entity [UserAttemptMaster] is of type [int4] in the database, but is defined as type [INTEGER] in the entity definition.
2023-12-21 19:33:42,693 |OFBiz-batch-2        |DatabaseUtil                  |E| Column [TOTAL_CORRECT] of table [public.USER_ATTEMPT_MASTER] of entity [UserAttemptMaster] is of type [int4] in the database, but is defined as type [INTEGER] in the entity definition.
2023-12-21 19:33:42,693 |OFBiz-batch-2        |DatabaseUtil                  |E| Column [PERFORMANCE_ID] of table [public.USER_ATTEMPT_MASTER] of entity [UserAttemptMaster] is of type [int4] in the database, but is defined as type [INTEGER] in the entity definition.
2023-12-21 19:33:42,693 |OFBiz-batch-2        |DatabaseUtil                  |E| Column [CORRECT_QUESTIONS_IN_THIS_TOPIC] of table [public.USER_ATTEMPT_TOPIC_MASTER] of entity [UserAttemptTopicMaster] is of type [int4] in the database, but is defined as type [INTEGER] in the entity definition.
2023-12-21 19:33:42,693 |OFBiz-batch-2        |DatabaseUtil                  |E| Column [PERFORMANCE_ID] of table [public.USER_ATTEMPT_TOPIC_MASTER] of entity [UserAttemptTopicMaster] is of type [int4] in the database, but is defined as type [INTEGER] in the entity definition.
2023-12-21 19:33:42,693 |OFBiz-batch-2        |DatabaseUtil                  |E| Column [TOTAL_QUESTIONS_IN_THIS_TOPIC] of table [public.USER_ATTEMPT_TOPIC_MASTER] of entity [UserAttemptTopicMaster] is of type [int4] in the database, but is defined as type [INTEGER] in the entity definition.
2023-12-21 19:33:42,693 |OFBiz-batch-2        |DatabaseUtil                  |E| Column [MAX_SPLIT_ATTEMPTS] of table [public.USER_EXAM_MAPPING_MASTER] of entity [UserExamMappingMaster] is of type [int4] in the database, but is defined as type [INTEGER] in the entity definition.
