2023-11-22 09:54:33,211 |OFBiz-JobPoller      |GenericDelegator              |E| Failure in findListIteratorByCondition operation for entity [DynamicView]: org.apache.ofbiz.entity.transaction.GenericTransactionException: Roll back error (with no rollbackOnly cause found), could not commit transaction, was rolled back instead: java.lang.Exception: Transaction has timed out (Transaction has timed out). Rolling back transaction.
org.apache.ofbiz.entity.transaction.GenericTransactionException: Roll back error (with no rollbackOnly cause found), could not commit transaction, was rolled back instead: java.lang.Exception: Transaction has timed out (Transaction has timed out)
	at org.apache.ofbiz.entity.transaction.TransactionUtil.commit(TransactionUtil.java:279) ~[main/:?]
	at org.apache.ofbiz.entity.transaction.TransactionUtil.commit(TransactionUtil.java:233) ~[main/:?]
	at org.apache.ofbiz.entity.GenericDelegator.findCountByCondition(GenericDelegator.java:1755) [main/:?]
	at org.apache.ofbiz.entity.GenericDelegator.findCountByCondition(GenericDelegator.java:1710) [main/:?]
	at org.apache.ofbiz.service.job.JobManager.isAvailable(JobManager.java:152) [main/:?]
	at org.apache.ofbiz.service.job.JobPoller$JobManagerPoller.run(JobPoller.java:267) [main/:?]
	at java.lang.Thread.run(Thread.java:842) [?:?]
Caused by: java.lang.Exception: Transaction has timed out
	at org.apache.geronimo.transaction.manager.TransactionImpl.commit(TransactionImpl.java:266) ~[geronimo-transaction-3.1.5.jar:3.1.5]
	at org.apache.geronimo.transaction.manager.TransactionManagerImpl.commit(TransactionManagerImpl.java:263) ~[geronimo-transaction-3.1.5.jar:3.1.5]
	at org.apache.ofbiz.entity.transaction.TransactionUtil.commit(TransactionUtil.java:250) ~[main/:?]
	... 6 more
2023-11-22 12:33:52,720 |jsse-nio-8443-exec-7 |RequestHandler                |E| Request login caused an error with the following message: following error occurred during login: Password incorrect.
2023-11-22 12:33:59,971 |jsse-nio-8443-exec-1 |UtilXml                       |E| XmlFileLoader: File XML Properties file process fatal error. Line: 24. Error message: Invalid byte 3 of 3-byte UTF-8 sequence.
2023-11-22 12:33:59,987 |jsse-nio-8443-exec-1 |UtilXml                       |E| XmlFileLoader: File XML Properties file process fatal error. Line: 24. Error message: Invalid byte 3 of 3-byte UTF-8 sequence.
2023-11-22 12:34:00,002 |jsse-nio-8443-exec-1 |UtilXml                       |E| XmlFileLoader: File XML Properties file process fatal error. Line: 24. Error message: Invalid byte 3 of 3-byte UTF-8 sequence.
2023-11-22 12:34:00,004 |jsse-nio-8443-exec-1 |ControlServlet                |E| Error in request handler: 
java.lang.IllegalArgumentException: Could not find resource bundle [OnlineexamUiLabels] in the locale [en_US]
	at org.apache.ofbiz.base.util.UtilProperties.getResourceBundle(UtilProperties.java:660) ~[main/:?]
	at org.apache.ofbiz.base.util.UtilProperties.getResourceBundleMap(UtilProperties.java:683) ~[main/:?]
	at org.apache.ofbiz.widget.model.AbstractModelAction$PropertyMap.runAction(AbstractModelAction.java:512) ~[main/:?]
	at org.apache.ofbiz.widget.model.AbstractModelAction.runSubActions(AbstractModelAction.java:138) ~[main/:?]
	at org.apache.ofbiz.widget.model.ModelScreenWidget$Section.renderWidgetString(ModelScreenWidget.java:290) ~[main/:?]
	at org.apache.ofbiz.widget.model.ModelScreen.renderScreenString(ModelScreen.java:158) ~[main/:?]
	at org.apache.ofbiz.widget.model.ScreenFactory.renderReferencedScreen(ScreenFactory.java:214) ~[main/:?]
	at org.apache.ofbiz.widget.model.ModelScreenWidget$DecoratorScreen.renderWidgetString(ModelScreenWidget.java:900) ~[main/:?]
	at org.apache.ofbiz.widget.model.ModelScreenWidget.renderSubWidgetsString(ModelScreenWidget.java:109) ~[main/:?]
	at org.apache.ofbiz.widget.model.ModelScreenWidget$Section.renderWidgetString(ModelScreenWidget.java:297) ~[main/:?]
	at org.apache.ofbiz.widget.model.ModelScreen.renderScreenString(ModelScreen.java:158) ~[main/:?]
	at org.apache.ofbiz.widget.model.ScreenFactory.renderReferencedScreen(ScreenFactory.java:214) ~[main/:?]
	at org.apache.ofbiz.widget.model.ModelScreenWidget$DecoratorScreen.renderWidgetString(ModelScreenWidget.java:900) ~[main/:?]
	at org.apache.ofbiz.widget.model.ModelScreenWidget.renderSubWidgetsString(ModelScreenWidget.java:109) ~[main/:?]
	at org.apache.ofbiz.widget.model.ModelScreenWidget$Section.renderWidgetString(ModelScreenWidget.java:297) ~[main/:?]
	at org.apache.ofbiz.widget.model.ModelScreen.renderScreenString(ModelScreen.java:158) ~[main/:?]
	at org.apache.ofbiz.widget.renderer.ScreenRenderer.render(ScreenRenderer.java:147) ~[main/:?]
	at org.apache.ofbiz.widget.renderer.ScreenRenderer.render(ScreenRenderer.java:105) ~[main/:?]
	at org.apache.ofbiz.widget.renderer.macro.MacroScreenViewHandler.render(MacroScreenViewHandler.java:116) ~[main/:?]
	at org.apache.ofbiz.webapp.control.RequestHandler.renderView(RequestHandler.java:1257) ~[main/:?]
	at org.apache.ofbiz.webapp.control.RequestHandler.doRequest(RequestHandler.java:933) ~[main/:?]
	at org.apache.ofbiz.webapp.control.ControlServlet.handle(ControlServlet.java:231) [main/:?]
	at org.apache.ofbiz.webapp.control.ControlServlet.doGet(ControlServlet.java:96) [main/:?]
	at javax.servlet.http.HttpServlet.service(HttpServlet.java:529) [tomcat-servlet-api-9.0.82.jar:4.0.FR]
	at javax.servlet.http.HttpServlet.service(HttpServlet.java:623) [tomcat-servlet-api-9.0.82.jar:4.0.FR]
	at org.apache.catalina.core.ApplicationFilterChain.internalDoFilter(ApplicationFilterChain.java:209) [tomcat-catalina-9.0.82.jar:9.0.82]
	at org.apache.catalina.core.ApplicationFilterChain.doFilter(ApplicationFilterChain.java:153) [tomcat-catalina-9.0.82.jar:9.0.82]
	at org.apache.tomcat.websocket.server.WsFilter.doFilter(WsFilter.java:51) [tomcat-embed-websocket-9.0.82.jar:9.0.82]
	at org.apache.catalina.core.ApplicationFilterChain.internalDoFilter(ApplicationFilterChain.java:178) [tomcat-catalina-9.0.82.jar:9.0.82]
	at org.apache.catalina.core.ApplicationFilterChain.doFilter(ApplicationFilterChain.java:153) [tomcat-catalina-9.0.82.jar:9.0.82]
	at org.apache.ofbiz.webapp.control.SameSiteFilter.doFilter(SameSiteFilter.java:45) [main/:?]
	at org.apache.catalina.core.ApplicationFilterChain.internalDoFilter(ApplicationFilterChain.java:178) [tomcat-catalina-9.0.82.jar:9.0.82]
	at org.apache.catalina.core.ApplicationFilterChain.doFilter(ApplicationFilterChain.java:153) [tomcat-catalina-9.0.82.jar:9.0.82]
	at org.apache.ofbiz.webapp.control.ContextFilter.doFilter(ContextFilter.java:188) [main/:?]
	at org.apache.catalina.core.ApplicationFilterChain.internalDoFilter(ApplicationFilterChain.java:178) [tomcat-catalina-9.0.82.jar:9.0.82]
	at org.apache.catalina.core.ApplicationFilterChain.doFilter(ApplicationFilterChain.java:153) [tomcat-catalina-9.0.82.jar:9.0.82]
	at org.apache.ofbiz.webapp.control.ControlFilter.doFilter(ControlFilter.java:167) [main/:?]
	at javax.servlet.http.HttpFilter.doFilter(HttpFilter.java:53) [tomcat-servlet-api-9.0.82.jar:4.0.FR]
	at org.apache.catalina.core.ApplicationFilterChain.internalDoFilter(ApplicationFilterChain.java:178) [tomcat-catalina-9.0.82.jar:9.0.82]
	at org.apache.catalina.core.ApplicationFilterChain.doFilter(ApplicationFilterChain.java:153) [tomcat-catalina-9.0.82.jar:9.0.82]
	at org.apache.logging.log4j.web.Log4jServletFilter.doFilter(Log4jServletFilter.java:71) [log4j-web-2.20.0.jar:2.20.0]
	at org.apache.catalina.core.ApplicationFilterChain.internalDoFilter(ApplicationFilterChain.java:178) [tomcat-catalina-9.0.82.jar:9.0.82]
	at org.apache.catalina.core.ApplicationFilterChain.doFilter(ApplicationFilterChain.java:153) [tomcat-catalina-9.0.82.jar:9.0.82]
	at org.apache.catalina.core.StandardWrapperValve.invoke(StandardWrapperValve.java:168) [tomcat-catalina-9.0.82.jar:9.0.82]
	at org.apache.catalina.core.StandardContextValve.invoke(StandardContextValve.java:90) [tomcat-catalina-9.0.82.jar:9.0.82]
	at org.apache.catalina.authenticator.AuthenticatorBase.invoke(AuthenticatorBase.java:481) [tomcat-catalina-9.0.82.jar:9.0.82]
	at org.apache.catalina.core.StandardHostValve.invoke(StandardHostValve.java:130) [tomcat-catalina-9.0.82.jar:9.0.82]
	at org.apache.catalina.valves.ErrorReportValve.invoke(ErrorReportValve.java:93) [tomcat-catalina-9.0.82.jar:9.0.82]
	at org.apache.catalina.core.StandardEngineValve.invoke(StandardEngineValve.java:74) [tomcat-catalina-9.0.82.jar:9.0.82]
	at org.apache.catalina.valves.AbstractAccessLogValve.invoke(AbstractAccessLogValve.java:670) [tomcat-catalina-9.0.82.jar:9.0.82]
	at org.apache.catalina.connector.CoyoteAdapter.service(CoyoteAdapter.java:342) [tomcat-catalina-9.0.82.jar:9.0.82]
	at org.apache.coyote.http2.StreamProcessor.service(StreamProcessor.java:432) [tomcat-coyote-9.0.82.jar:9.0.82]
	at org.apache.coyote.AbstractProcessorLight.process(AbstractProcessorLight.java:63) [tomcat-coyote-9.0.82.jar:9.0.82]
	at org.apache.coyote.http2.StreamProcessor.process(StreamProcessor.java:90) [tomcat-coyote-9.0.82.jar:9.0.82]
	at org.apache.coyote.http2.StreamRunnable.run(StreamRunnable.java:35) [tomcat-coyote-9.0.82.jar:9.0.82]
	at org.apache.tomcat.util.threads.ThreadPoolExecutor.runWorker(ThreadPoolExecutor.java:1191) [tomcat-util-9.0.82.jar:9.0.82]
	at org.apache.tomcat.util.threads.ThreadPoolExecutor$Worker.run(ThreadPoolExecutor.java:659) [tomcat-util-9.0.82.jar:9.0.82]
	at org.apache.tomcat.util.threads.TaskThread$WrappingRunnable.run(TaskThread.java:61) [tomcat-util-9.0.82.jar:9.0.82]
	at java.lang.Thread.run(Thread.java:842) [?:?]
2023-11-22 12:34:00,005 |jsse-nio-8443-exec-1 |ControlServlet                |E| An error occurred, going to the errorPage: file:/D:/ofbiz/ofbiz-framework/framework/common/webcommon/error/Error.ftl
2023-11-22 12:34:00,098 |jsse-nio-8443-exec-1 |TransactionUtil               |E| [TransactionUtil.rollback]
java.lang.Exception: Stack Trace
	at org.apache.ofbiz.entity.transaction.TransactionUtil.rollback(TransactionUtil.java:328) [main/:?]
	at org.apache.ofbiz.entity.transaction.TransactionUtil.rollback(TransactionUtil.java:312) [main/:?]
	at org.apache.ofbiz.webapp.control.ControlServlet.handle(ControlServlet.java:341) [main/:?]
	at org.apache.ofbiz.webapp.control.ControlServlet.doGet(ControlServlet.java:96) [main/:?]
	at javax.servlet.http.HttpServlet.service(HttpServlet.java:529) [tomcat-servlet-api-9.0.82.jar:4.0.FR]
	at javax.servlet.http.HttpServlet.service(HttpServlet.java:623) [tomcat-servlet-api-9.0.82.jar:4.0.FR]
	at org.apache.catalina.core.ApplicationFilterChain.internalDoFilter(ApplicationFilterChain.java:209) [tomcat-catalina-9.0.82.jar:9.0.82]
	at org.apache.catalina.core.ApplicationFilterChain.doFilter(ApplicationFilterChain.java:153) [tomcat-catalina-9.0.82.jar:9.0.82]
	at org.apache.tomcat.websocket.server.WsFilter.doFilter(WsFilter.java:51) [tomcat-embed-websocket-9.0.82.jar:9.0.82]
	at org.apache.catalina.core.ApplicationFilterChain.internalDoFilter(ApplicationFilterChain.java:178) [tomcat-catalina-9.0.82.jar:9.0.82]
	at org.apache.catalina.core.ApplicationFilterChain.doFilter(ApplicationFilterChain.java:153) [tomcat-catalina-9.0.82.jar:9.0.82]
	at org.apache.ofbiz.webapp.control.SameSiteFilter.doFilter(SameSiteFilter.java:45) [main/:?]
	at org.apache.catalina.core.ApplicationFilterChain.internalDoFilter(ApplicationFilterChain.java:178) [tomcat-catalina-9.0.82.jar:9.0.82]
	at org.apache.catalina.core.ApplicationFilterChain.doFilter(ApplicationFilterChain.java:153) [tomcat-catalina-9.0.82.jar:9.0.82]
	at org.apache.ofbiz.webapp.control.ContextFilter.doFilter(ContextFilter.java:188) [main/:?]
	at org.apache.catalina.core.ApplicationFilterChain.internalDoFilter(ApplicationFilterChain.java:178) [tomcat-catalina-9.0.82.jar:9.0.82]
	at org.apache.catalina.core.ApplicationFilterChain.doFilter(ApplicationFilterChain.java:153) [tomcat-catalina-9.0.82.jar:9.0.82]
	at org.apache.ofbiz.webapp.control.ControlFilter.doFilter(ControlFilter.java:167) [main/:?]
	at javax.servlet.http.HttpFilter.doFilter(HttpFilter.java:53) [tomcat-servlet-api-9.0.82.jar:4.0.FR]
	at org.apache.catalina.core.ApplicationFilterChain.internalDoFilter(ApplicationFilterChain.java:178) [tomcat-catalina-9.0.82.jar:9.0.82]
	at org.apache.catalina.core.ApplicationFilterChain.doFilter(ApplicationFilterChain.java:153) [tomcat-catalina-9.0.82.jar:9.0.82]
	at org.apache.logging.log4j.web.Log4jServletFilter.doFilter(Log4jServletFilter.java:71) [log4j-web-2.20.0.jar:2.20.0]
	at org.apache.catalina.core.ApplicationFilterChain.internalDoFilter(ApplicationFilterChain.java:178) [tomcat-catalina-9.0.82.jar:9.0.82]
	at org.apache.catalina.core.ApplicationFilterChain.doFilter(ApplicationFilterChain.java:153) [tomcat-catalina-9.0.82.jar:9.0.82]
	at org.apache.catalina.core.StandardWrapperValve.invoke(StandardWrapperValve.java:168) [tomcat-catalina-9.0.82.jar:9.0.82]
	at org.apache.catalina.core.StandardContextValve.invoke(StandardContextValve.java:90) [tomcat-catalina-9.0.82.jar:9.0.82]
	at org.apache.catalina.authenticator.AuthenticatorBase.invoke(AuthenticatorBase.java:481) [tomcat-catalina-9.0.82.jar:9.0.82]
	at org.apache.catalina.core.StandardHostValve.invoke(StandardHostValve.java:130) [tomcat-catalina-9.0.82.jar:9.0.82]
	at org.apache.catalina.valves.ErrorReportValve.invoke(ErrorReportValve.java:93) [tomcat-catalina-9.0.82.jar:9.0.82]
	at org.apache.catalina.core.StandardEngineValve.invoke(StandardEngineValve.java:74) [tomcat-catalina-9.0.82.jar:9.0.82]
	at org.apache.catalina.valves.AbstractAccessLogValve.invoke(AbstractAccessLogValve.java:670) [tomcat-catalina-9.0.82.jar:9.0.82]
	at org.apache.catalina.connector.CoyoteAdapter.service(CoyoteAdapter.java:342) [tomcat-catalina-9.0.82.jar:9.0.82]
	at org.apache.coyote.http2.StreamProcessor.service(StreamProcessor.java:432) [tomcat-coyote-9.0.82.jar:9.0.82]
	at org.apache.coyote.AbstractProcessorLight.process(AbstractProcessorLight.java:63) [tomcat-coyote-9.0.82.jar:9.0.82]
	at org.apache.coyote.http2.StreamProcessor.process(StreamProcessor.java:90) [tomcat-coyote-9.0.82.jar:9.0.82]
	at org.apache.coyote.http2.StreamRunnable.run(StreamRunnable.java:35) [tomcat-coyote-9.0.82.jar:9.0.82]
	at org.apache.tomcat.util.threads.ThreadPoolExecutor.runWorker(ThreadPoolExecutor.java:1191) [tomcat-util-9.0.82.jar:9.0.82]
	at org.apache.tomcat.util.threads.ThreadPoolExecutor$Worker.run(ThreadPoolExecutor.java:659) [tomcat-util-9.0.82.jar:9.0.82]
	at org.apache.tomcat.util.threads.TaskThread$WrappingRunnable.run(TaskThread.java:61) [tomcat-util-9.0.82.jar:9.0.82]
	at java.lang.Thread.run(Thread.java:842) [?:?]
2023-11-22 12:34:32,975 |jsse-nio-8443-exec-4 |UtilXml                       |E| XmlFileLoader: File XML Properties file process fatal error. Line: 24. Error message: Invalid byte 3 of 3-byte UTF-8 sequence.
2023-11-22 12:34:32,993 |jsse-nio-8443-exec-4 |UtilXml                       |E| XmlFileLoader: File XML Properties file process fatal error. Line: 24. Error message: Invalid byte 3 of 3-byte UTF-8 sequence.
2023-11-22 12:34:33,010 |jsse-nio-8443-exec-4 |UtilXml                       |E| XmlFileLoader: File XML Properties file process fatal error. Line: 24. Error message: Invalid byte 3 of 3-byte UTF-8 sequence.
2023-11-22 12:34:33,011 |jsse-nio-8443-exec-4 |ControlServlet                |E| Error in request handler: 
java.lang.IllegalArgumentException: Could not find resource bundle [OnlineexamUiLabels] in the locale [en_US]
	at org.apache.ofbiz.base.util.UtilProperties.getResourceBundle(UtilProperties.java:660) ~[main/:?]
	at org.apache.ofbiz.base.util.UtilProperties.getResourceBundleMap(UtilProperties.java:683) ~[main/:?]
	at org.apache.ofbiz.widget.model.AbstractModelAction$PropertyMap.runAction(AbstractModelAction.java:512) ~[main/:?]
	at org.apache.ofbiz.widget.model.AbstractModelAction.runSubActions(AbstractModelAction.java:138) ~[main/:?]
	at org.apache.ofbiz.widget.model.ModelScreenWidget$Section.renderWidgetString(ModelScreenWidget.java:290) ~[main/:?]
	at org.apache.ofbiz.widget.model.ModelScreen.renderScreenString(ModelScreen.java:158) ~[main/:?]
	at org.apache.ofbiz.widget.model.ScreenFactory.renderReferencedScreen(ScreenFactory.java:214) ~[main/:?]
	at org.apache.ofbiz.widget.model.ModelScreenWidget$DecoratorScreen.renderWidgetString(ModelScreenWidget.java:900) ~[main/:?]
	at org.apache.ofbiz.widget.model.ModelScreenWidget.renderSubWidgetsString(ModelScreenWidget.java:109) ~[main/:?]
	at org.apache.ofbiz.widget.model.ModelScreenWidget$Section.renderWidgetString(ModelScreenWidget.java:297) ~[main/:?]
	at org.apache.ofbiz.widget.model.ModelScreen.renderScreenString(ModelScreen.java:158) ~[main/:?]
	at org.apache.ofbiz.widget.model.ScreenFactory.renderReferencedScreen(ScreenFactory.java:214) ~[main/:?]
	at org.apache.ofbiz.widget.model.ModelScreenWidget$DecoratorScreen.renderWidgetString(ModelScreenWidget.java:900) ~[main/:?]
	at org.apache.ofbiz.widget.model.ModelScreenWidget.renderSubWidgetsString(ModelScreenWidget.java:109) ~[main/:?]
	at org.apache.ofbiz.widget.model.ModelScreenWidget$Section.renderWidgetString(ModelScreenWidget.java:297) ~[main/:?]
	at org.apache.ofbiz.widget.model.ModelScreen.renderScreenString(ModelScreen.java:158) ~[main/:?]
	at org.apache.ofbiz.widget.renderer.ScreenRenderer.render(ScreenRenderer.java:147) ~[main/:?]
	at org.apache.ofbiz.widget.renderer.ScreenRenderer.render(ScreenRenderer.java:105) ~[main/:?]
	at org.apache.ofbiz.widget.renderer.macro.MacroScreenViewHandler.render(MacroScreenViewHandler.java:116) ~[main/:?]
	at org.apache.ofbiz.webapp.control.RequestHandler.renderView(RequestHandler.java:1257) ~[main/:?]
	at org.apache.ofbiz.webapp.control.RequestHandler.doRequest(RequestHandler.java:933) ~[main/:?]
	at org.apache.ofbiz.webapp.control.ControlServlet.handle(ControlServlet.java:231) [main/:?]
	at org.apache.ofbiz.webapp.control.ControlServlet.doGet(ControlServlet.java:96) [main/:?]
	at javax.servlet.http.HttpServlet.service(HttpServlet.java:529) [tomcat-servlet-api-9.0.82.jar:4.0.FR]
	at javax.servlet.http.HttpServlet.service(HttpServlet.java:623) [tomcat-servlet-api-9.0.82.jar:4.0.FR]
	at org.apache.catalina.core.ApplicationFilterChain.internalDoFilter(ApplicationFilterChain.java:209) [tomcat-catalina-9.0.82.jar:9.0.82]
	at org.apache.catalina.core.ApplicationFilterChain.doFilter(ApplicationFilterChain.java:153) [tomcat-catalina-9.0.82.jar:9.0.82]
	at org.apache.tomcat.websocket.server.WsFilter.doFilter(WsFilter.java:51) [tomcat-embed-websocket-9.0.82.jar:9.0.82]
	at org.apache.catalina.core.ApplicationFilterChain.internalDoFilter(ApplicationFilterChain.java:178) [tomcat-catalina-9.0.82.jar:9.0.82]
	at org.apache.catalina.core.ApplicationFilterChain.doFilter(ApplicationFilterChain.java:153) [tomcat-catalina-9.0.82.jar:9.0.82]
	at org.apache.ofbiz.webapp.control.SameSiteFilter.doFilter(SameSiteFilter.java:45) [main/:?]
	at org.apache.catalina.core.ApplicationFilterChain.internalDoFilter(ApplicationFilterChain.java:178) [tomcat-catalina-9.0.82.jar:9.0.82]
	at org.apache.catalina.core.ApplicationFilterChain.doFilter(ApplicationFilterChain.java:153) [tomcat-catalina-9.0.82.jar:9.0.82]
	at org.apache.ofbiz.webapp.control.ContextFilter.doFilter(ContextFilter.java:188) [main/:?]
	at org.apache.catalina.core.ApplicationFilterChain.internalDoFilter(ApplicationFilterChain.java:178) [tomcat-catalina-9.0.82.jar:9.0.82]
	at org.apache.catalina.core.ApplicationFilterChain.doFilter(ApplicationFilterChain.java:153) [tomcat-catalina-9.0.82.jar:9.0.82]
	at org.apache.ofbiz.webapp.control.ControlFilter.doFilter(ControlFilter.java:167) [main/:?]
	at javax.servlet.http.HttpFilter.doFilter(HttpFilter.java:53) [tomcat-servlet-api-9.0.82.jar:4.0.FR]
	at org.apache.catalina.core.ApplicationFilterChain.internalDoFilter(ApplicationFilterChain.java:178) [tomcat-catalina-9.0.82.jar:9.0.82]
	at org.apache.catalina.core.ApplicationFilterChain.doFilter(ApplicationFilterChain.java:153) [tomcat-catalina-9.0.82.jar:9.0.82]
	at org.apache.logging.log4j.web.Log4jServletFilter.doFilter(Log4jServletFilter.java:71) [log4j-web-2.20.0.jar:2.20.0]
	at org.apache.catalina.core.ApplicationFilterChain.internalDoFilter(ApplicationFilterChain.java:178) [tomcat-catalina-9.0.82.jar:9.0.82]
	at org.apache.catalina.core.ApplicationFilterChain.doFilter(ApplicationFilterChain.java:153) [tomcat-catalina-9.0.82.jar:9.0.82]
	at org.apache.catalina.core.StandardWrapperValve.invoke(StandardWrapperValve.java:168) [tomcat-catalina-9.0.82.jar:9.0.82]
	at org.apache.catalina.core.StandardContextValve.invoke(StandardContextValve.java:90) [tomcat-catalina-9.0.82.jar:9.0.82]
	at org.apache.catalina.authenticator.AuthenticatorBase.invoke(AuthenticatorBase.java:481) [tomcat-catalina-9.0.82.jar:9.0.82]
	at org.apache.catalina.core.StandardHostValve.invoke(StandardHostValve.java:130) [tomcat-catalina-9.0.82.jar:9.0.82]
	at org.apache.catalina.valves.ErrorReportValve.invoke(ErrorReportValve.java:93) [tomcat-catalina-9.0.82.jar:9.0.82]
	at org.apache.catalina.core.StandardEngineValve.invoke(StandardEngineValve.java:74) [tomcat-catalina-9.0.82.jar:9.0.82]
	at org.apache.catalina.valves.AbstractAccessLogValve.invoke(AbstractAccessLogValve.java:670) [tomcat-catalina-9.0.82.jar:9.0.82]
	at org.apache.catalina.connector.CoyoteAdapter.service(CoyoteAdapter.java:342) [tomcat-catalina-9.0.82.jar:9.0.82]
	at org.apache.coyote.http2.StreamProcessor.service(StreamProcessor.java:432) [tomcat-coyote-9.0.82.jar:9.0.82]
	at org.apache.coyote.AbstractProcessorLight.process(AbstractProcessorLight.java:63) [tomcat-coyote-9.0.82.jar:9.0.82]
	at org.apache.coyote.http2.StreamProcessor.process(StreamProcessor.java:90) [tomcat-coyote-9.0.82.jar:9.0.82]
	at org.apache.coyote.http2.StreamRunnable.run(StreamRunnable.java:35) [tomcat-coyote-9.0.82.jar:9.0.82]
	at org.apache.tomcat.util.threads.ThreadPoolExecutor.runWorker(ThreadPoolExecutor.java:1191) [tomcat-util-9.0.82.jar:9.0.82]
	at org.apache.tomcat.util.threads.ThreadPoolExecutor$Worker.run(ThreadPoolExecutor.java:659) [tomcat-util-9.0.82.jar:9.0.82]
	at org.apache.tomcat.util.threads.TaskThread$WrappingRunnable.run(TaskThread.java:61) [tomcat-util-9.0.82.jar:9.0.82]
	at java.lang.Thread.run(Thread.java:842) [?:?]
2023-11-22 12:34:33,012 |jsse-nio-8443-exec-4 |ControlServlet                |E| An error occurred, going to the errorPage: file:/D:/ofbiz/ofbiz-framework/framework/common/webcommon/error/Error.ftl
2023-11-22 12:34:33,019 |jsse-nio-8443-exec-4 |TransactionUtil               |E| [TransactionUtil.rollback]
java.lang.Exception: Stack Trace
	at org.apache.ofbiz.entity.transaction.TransactionUtil.rollback(TransactionUtil.java:328) [main/:?]
	at org.apache.ofbiz.entity.transaction.TransactionUtil.rollback(TransactionUtil.java:312) [main/:?]
	at org.apache.ofbiz.webapp.control.ControlServlet.handle(ControlServlet.java:341) [main/:?]
	at org.apache.ofbiz.webapp.control.ControlServlet.doGet(ControlServlet.java:96) [main/:?]
	at javax.servlet.http.HttpServlet.service(HttpServlet.java:529) [tomcat-servlet-api-9.0.82.jar:4.0.FR]
	at javax.servlet.http.HttpServlet.service(HttpServlet.java:623) [tomcat-servlet-api-9.0.82.jar:4.0.FR]
	at org.apache.catalina.core.ApplicationFilterChain.internalDoFilter(ApplicationFilterChain.java:209) [tomcat-catalina-9.0.82.jar:9.0.82]
	at org.apache.catalina.core.ApplicationFilterChain.doFilter(ApplicationFilterChain.java:153) [tomcat-catalina-9.0.82.jar:9.0.82]
	at org.apache.tomcat.websocket.server.WsFilter.doFilter(WsFilter.java:51) [tomcat-embed-websocket-9.0.82.jar:9.0.82]
	at org.apache.catalina.core.ApplicationFilterChain.internalDoFilter(ApplicationFilterChain.java:178) [tomcat-catalina-9.0.82.jar:9.0.82]
	at org.apache.catalina.core.ApplicationFilterChain.doFilter(ApplicationFilterChain.java:153) [tomcat-catalina-9.0.82.jar:9.0.82]
	at org.apache.ofbiz.webapp.control.SameSiteFilter.doFilter(SameSiteFilter.java:45) [main/:?]
	at org.apache.catalina.core.ApplicationFilterChain.internalDoFilter(ApplicationFilterChain.java:178) [tomcat-catalina-9.0.82.jar:9.0.82]
	at org.apache.catalina.core.ApplicationFilterChain.doFilter(ApplicationFilterChain.java:153) [tomcat-catalina-9.0.82.jar:9.0.82]
	at org.apache.ofbiz.webapp.control.ContextFilter.doFilter(ContextFilter.java:188) [main/:?]
	at org.apache.catalina.core.ApplicationFilterChain.internalDoFilter(ApplicationFilterChain.java:178) [tomcat-catalina-9.0.82.jar:9.0.82]
	at org.apache.catalina.core.ApplicationFilterChain.doFilter(ApplicationFilterChain.java:153) [tomcat-catalina-9.0.82.jar:9.0.82]
	at org.apache.ofbiz.webapp.control.ControlFilter.doFilter(ControlFilter.java:167) [main/:?]
	at javax.servlet.http.HttpFilter.doFilter(HttpFilter.java:53) [tomcat-servlet-api-9.0.82.jar:4.0.FR]
	at org.apache.catalina.core.ApplicationFilterChain.internalDoFilter(ApplicationFilterChain.java:178) [tomcat-catalina-9.0.82.jar:9.0.82]
	at org.apache.catalina.core.ApplicationFilterChain.doFilter(ApplicationFilterChain.java:153) [tomcat-catalina-9.0.82.jar:9.0.82]
	at org.apache.logging.log4j.web.Log4jServletFilter.doFilter(Log4jServletFilter.java:71) [log4j-web-2.20.0.jar:2.20.0]
	at org.apache.catalina.core.ApplicationFilterChain.internalDoFilter(ApplicationFilterChain.java:178) [tomcat-catalina-9.0.82.jar:9.0.82]
	at org.apache.catalina.core.ApplicationFilterChain.doFilter(ApplicationFilterChain.java:153) [tomcat-catalina-9.0.82.jar:9.0.82]
	at org.apache.catalina.core.StandardWrapperValve.invoke(StandardWrapperValve.java:168) [tomcat-catalina-9.0.82.jar:9.0.82]
	at org.apache.catalina.core.StandardContextValve.invoke(StandardContextValve.java:90) [tomcat-catalina-9.0.82.jar:9.0.82]
	at org.apache.catalina.authenticator.AuthenticatorBase.invoke(AuthenticatorBase.java:481) [tomcat-catalina-9.0.82.jar:9.0.82]
	at org.apache.catalina.core.StandardHostValve.invoke(StandardHostValve.java:130) [tomcat-catalina-9.0.82.jar:9.0.82]
	at org.apache.catalina.valves.ErrorReportValve.invoke(ErrorReportValve.java:93) [tomcat-catalina-9.0.82.jar:9.0.82]
	at org.apache.catalina.core.StandardEngineValve.invoke(StandardEngineValve.java:74) [tomcat-catalina-9.0.82.jar:9.0.82]
	at org.apache.catalina.valves.AbstractAccessLogValve.invoke(AbstractAccessLogValve.java:670) [tomcat-catalina-9.0.82.jar:9.0.82]
	at org.apache.catalina.connector.CoyoteAdapter.service(CoyoteAdapter.java:342) [tomcat-catalina-9.0.82.jar:9.0.82]
	at org.apache.coyote.http2.StreamProcessor.service(StreamProcessor.java:432) [tomcat-coyote-9.0.82.jar:9.0.82]
	at org.apache.coyote.AbstractProcessorLight.process(AbstractProcessorLight.java:63) [tomcat-coyote-9.0.82.jar:9.0.82]
	at org.apache.coyote.http2.StreamProcessor.process(StreamProcessor.java:90) [tomcat-coyote-9.0.82.jar:9.0.82]
	at org.apache.coyote.http2.StreamRunnable.run(StreamRunnable.java:35) [tomcat-coyote-9.0.82.jar:9.0.82]
	at org.apache.tomcat.util.threads.ThreadPoolExecutor.runWorker(ThreadPoolExecutor.java:1191) [tomcat-util-9.0.82.jar:9.0.82]
	at org.apache.tomcat.util.threads.ThreadPoolExecutor$Worker.run(ThreadPoolExecutor.java:659) [tomcat-util-9.0.82.jar:9.0.82]
	at org.apache.tomcat.util.threads.TaskThread$WrappingRunnable.run(TaskThread.java:61) [tomcat-util-9.0.82.jar:9.0.82]
	at java.lang.Thread.run(Thread.java:842) [?:?]
2023-11-22 12:35:35,271 |jsse-nio-8443-exec-3 |UtilXml                       |E| XmlFileLoader: File XML Properties file process fatal error. Line: 24. Error message: Invalid byte 3 of 3-byte UTF-8 sequence.
2023-11-22 12:35:35,283 |jsse-nio-8443-exec-3 |UtilXml                       |E| XmlFileLoader: File XML Properties file process fatal error. Line: 24. Error message: Invalid byte 3 of 3-byte UTF-8 sequence.
2023-11-22 12:35:35,291 |jsse-nio-8443-exec-3 |UtilXml                       |E| XmlFileLoader: File XML Properties file process fatal error. Line: 24. Error message: Invalid byte 3 of 3-byte UTF-8 sequence.
2023-11-22 12:35:35,291 |jsse-nio-8443-exec-3 |ControlServlet                |E| Error in request handler: 
java.lang.IllegalArgumentException: Could not find resource bundle [OnlineexamUiLabels] in the locale [en_US]
	at org.apache.ofbiz.base.util.UtilProperties.getResourceBundle(UtilProperties.java:660) ~[main/:?]
	at org.apache.ofbiz.base.util.UtilProperties.getResourceBundleMap(UtilProperties.java:683) ~[main/:?]
	at org.apache.ofbiz.widget.model.AbstractModelAction$PropertyMap.runAction(AbstractModelAction.java:512) ~[main/:?]
	at org.apache.ofbiz.widget.model.AbstractModelAction.runSubActions(AbstractModelAction.java:138) ~[main/:?]
	at org.apache.ofbiz.widget.model.ModelScreenWidget$Section.renderWidgetString(ModelScreenWidget.java:290) ~[main/:?]
	at org.apache.ofbiz.widget.model.ModelScreen.renderScreenString(ModelScreen.java:158) ~[main/:?]
	at org.apache.ofbiz.widget.model.ScreenFactory.renderReferencedScreen(ScreenFactory.java:214) ~[main/:?]
	at org.apache.ofbiz.widget.model.ModelScreenWidget$DecoratorScreen.renderWidgetString(ModelScreenWidget.java:900) ~[main/:?]
	at org.apache.ofbiz.widget.model.ModelScreenWidget.renderSubWidgetsString(ModelScreenWidget.java:109) ~[main/:?]
	at org.apache.ofbiz.widget.model.ModelScreenWidget$Section.renderWidgetString(ModelScreenWidget.java:297) ~[main/:?]
	at org.apache.ofbiz.widget.model.ModelScreen.renderScreenString(ModelScreen.java:158) ~[main/:?]
	at org.apache.ofbiz.widget.model.ScreenFactory.renderReferencedScreen(ScreenFactory.java:214) ~[main/:?]
	at org.apache.ofbiz.widget.model.ModelScreenWidget$DecoratorScreen.renderWidgetString(ModelScreenWidget.java:900) ~[main/:?]
	at org.apache.ofbiz.widget.model.ModelScreenWidget.renderSubWidgetsString(ModelScreenWidget.java:109) ~[main/:?]
	at org.apache.ofbiz.widget.model.ModelScreenWidget$Section.renderWidgetString(ModelScreenWidget.java:297) ~[main/:?]
	at org.apache.ofbiz.widget.model.ModelScreen.renderScreenString(ModelScreen.java:158) ~[main/:?]
	at org.apache.ofbiz.widget.renderer.ScreenRenderer.render(ScreenRenderer.java:147) ~[main/:?]
	at org.apache.ofbiz.widget.renderer.ScreenRenderer.render(ScreenRenderer.java:105) ~[main/:?]
	at org.apache.ofbiz.widget.renderer.macro.MacroScreenViewHandler.render(MacroScreenViewHandler.java:116) ~[main/:?]
	at org.apache.ofbiz.webapp.control.RequestHandler.renderView(RequestHandler.java:1257) ~[main/:?]
	at org.apache.ofbiz.webapp.control.RequestHandler.doRequest(RequestHandler.java:933) ~[main/:?]
	at org.apache.ofbiz.webapp.control.ControlServlet.handle(ControlServlet.java:231) [main/:?]
	at org.apache.ofbiz.webapp.control.ControlServlet.doGet(ControlServlet.java:96) [main/:?]
	at javax.servlet.http.HttpServlet.service(HttpServlet.java:529) [tomcat-servlet-api-9.0.82.jar:4.0.FR]
	at javax.servlet.http.HttpServlet.service(HttpServlet.java:623) [tomcat-servlet-api-9.0.82.jar:4.0.FR]
	at org.apache.catalina.core.ApplicationFilterChain.internalDoFilter(ApplicationFilterChain.java:209) [tomcat-catalina-9.0.82.jar:9.0.82]
	at org.apache.catalina.core.ApplicationFilterChain.doFilter(ApplicationFilterChain.java:153) [tomcat-catalina-9.0.82.jar:9.0.82]
	at org.apache.tomcat.websocket.server.WsFilter.doFilter(WsFilter.java:51) [tomcat-embed-websocket-9.0.82.jar:9.0.82]
	at org.apache.catalina.core.ApplicationFilterChain.internalDoFilter(ApplicationFilterChain.java:178) [tomcat-catalina-9.0.82.jar:9.0.82]
	at org.apache.catalina.core.ApplicationFilterChain.doFilter(ApplicationFilterChain.java:153) [tomcat-catalina-9.0.82.jar:9.0.82]
	at org.apache.ofbiz.webapp.control.SameSiteFilter.doFilter(SameSiteFilter.java:45) [main/:?]
	at org.apache.catalina.core.ApplicationFilterChain.internalDoFilter(ApplicationFilterChain.java:178) [tomcat-catalina-9.0.82.jar:9.0.82]
	at org.apache.catalina.core.ApplicationFilterChain.doFilter(ApplicationFilterChain.java:153) [tomcat-catalina-9.0.82.jar:9.0.82]
	at org.apache.ofbiz.webapp.control.ContextFilter.doFilter(ContextFilter.java:188) [main/:?]
	at org.apache.catalina.core.ApplicationFilterChain.internalDoFilter(ApplicationFilterChain.java:178) [tomcat-catalina-9.0.82.jar:9.0.82]
	at org.apache.catalina.core.ApplicationFilterChain.doFilter(ApplicationFilterChain.java:153) [tomcat-catalina-9.0.82.jar:9.0.82]
	at org.apache.ofbiz.webapp.control.ControlFilter.doFilter(ControlFilter.java:167) [main/:?]
	at javax.servlet.http.HttpFilter.doFilter(HttpFilter.java:53) [tomcat-servlet-api-9.0.82.jar:4.0.FR]
	at org.apache.catalina.core.ApplicationFilterChain.internalDoFilter(ApplicationFilterChain.java:178) [tomcat-catalina-9.0.82.jar:9.0.82]
	at org.apache.catalina.core.ApplicationFilterChain.doFilter(ApplicationFilterChain.java:153) [tomcat-catalina-9.0.82.jar:9.0.82]
	at org.apache.logging.log4j.web.Log4jServletFilter.doFilter(Log4jServletFilter.java:71) [log4j-web-2.20.0.jar:2.20.0]
	at org.apache.catalina.core.ApplicationFilterChain.internalDoFilter(ApplicationFilterChain.java:178) [tomcat-catalina-9.0.82.jar:9.0.82]
	at org.apache.catalina.core.ApplicationFilterChain.doFilter(ApplicationFilterChain.java:153) [tomcat-catalina-9.0.82.jar:9.0.82]
	at org.apache.catalina.core.StandardWrapperValve.invoke(StandardWrapperValve.java:168) [tomcat-catalina-9.0.82.jar:9.0.82]
	at org.apache.catalina.core.StandardContextValve.invoke(StandardContextValve.java:90) [tomcat-catalina-9.0.82.jar:9.0.82]
	at org.apache.catalina.authenticator.AuthenticatorBase.invoke(AuthenticatorBase.java:481) [tomcat-catalina-9.0.82.jar:9.0.82]
	at org.apache.catalina.core.StandardHostValve.invoke(StandardHostValve.java:130) [tomcat-catalina-9.0.82.jar:9.0.82]
	at org.apache.catalina.valves.ErrorReportValve.invoke(ErrorReportValve.java:93) [tomcat-catalina-9.0.82.jar:9.0.82]
	at org.apache.catalina.core.StandardEngineValve.invoke(StandardEngineValve.java:74) [tomcat-catalina-9.0.82.jar:9.0.82]
	at org.apache.catalina.valves.AbstractAccessLogValve.invoke(AbstractAccessLogValve.java:670) [tomcat-catalina-9.0.82.jar:9.0.82]
	at org.apache.catalina.connector.CoyoteAdapter.service(CoyoteAdapter.java:342) [tomcat-catalina-9.0.82.jar:9.0.82]
	at org.apache.coyote.http2.StreamProcessor.service(StreamProcessor.java:432) [tomcat-coyote-9.0.82.jar:9.0.82]
	at org.apache.coyote.AbstractProcessorLight.process(AbstractProcessorLight.java:63) [tomcat-coyote-9.0.82.jar:9.0.82]
	at org.apache.coyote.http2.StreamProcessor.process(StreamProcessor.java:90) [tomcat-coyote-9.0.82.jar:9.0.82]
	at org.apache.coyote.http2.StreamRunnable.run(StreamRunnable.java:35) [tomcat-coyote-9.0.82.jar:9.0.82]
	at org.apache.tomcat.util.threads.ThreadPoolExecutor.runWorker(ThreadPoolExecutor.java:1191) [tomcat-util-9.0.82.jar:9.0.82]
	at org.apache.tomcat.util.threads.ThreadPoolExecutor$Worker.run(ThreadPoolExecutor.java:659) [tomcat-util-9.0.82.jar:9.0.82]
	at org.apache.tomcat.util.threads.TaskThread$WrappingRunnable.run(TaskThread.java:61) [tomcat-util-9.0.82.jar:9.0.82]
	at java.lang.Thread.run(Thread.java:842) [?:?]
2023-11-22 12:35:35,292 |jsse-nio-8443-exec-3 |ControlServlet                |E| An error occurred, going to the errorPage: file:/D:/ofbiz/ofbiz-framework/framework/common/webcommon/error/Error.ftl
2023-11-22 12:35:35,298 |jsse-nio-8443-exec-3 |TransactionUtil               |E| [TransactionUtil.rollback]
java.lang.Exception: Stack Trace
	at org.apache.ofbiz.entity.transaction.TransactionUtil.rollback(TransactionUtil.java:328) [main/:?]
	at org.apache.ofbiz.entity.transaction.TransactionUtil.rollback(TransactionUtil.java:312) [main/:?]
	at org.apache.ofbiz.webapp.control.ControlServlet.handle(ControlServlet.java:341) [main/:?]
	at org.apache.ofbiz.webapp.control.ControlServlet.doGet(ControlServlet.java:96) [main/:?]
	at javax.servlet.http.HttpServlet.service(HttpServlet.java:529) [tomcat-servlet-api-9.0.82.jar:4.0.FR]
	at javax.servlet.http.HttpServlet.service(HttpServlet.java:623) [tomcat-servlet-api-9.0.82.jar:4.0.FR]
	at org.apache.catalina.core.ApplicationFilterChain.internalDoFilter(ApplicationFilterChain.java:209) [tomcat-catalina-9.0.82.jar:9.0.82]
	at org.apache.catalina.core.ApplicationFilterChain.doFilter(ApplicationFilterChain.java:153) [tomcat-catalina-9.0.82.jar:9.0.82]
	at org.apache.tomcat.websocket.server.WsFilter.doFilter(WsFilter.java:51) [tomcat-embed-websocket-9.0.82.jar:9.0.82]
	at org.apache.catalina.core.ApplicationFilterChain.internalDoFilter(ApplicationFilterChain.java:178) [tomcat-catalina-9.0.82.jar:9.0.82]
	at org.apache.catalina.core.ApplicationFilterChain.doFilter(ApplicationFilterChain.java:153) [tomcat-catalina-9.0.82.jar:9.0.82]
	at org.apache.ofbiz.webapp.control.SameSiteFilter.doFilter(SameSiteFilter.java:45) [main/:?]
	at org.apache.catalina.core.ApplicationFilterChain.internalDoFilter(ApplicationFilterChain.java:178) [tomcat-catalina-9.0.82.jar:9.0.82]
	at org.apache.catalina.core.ApplicationFilterChain.doFilter(ApplicationFilterChain.java:153) [tomcat-catalina-9.0.82.jar:9.0.82]
	at org.apache.ofbiz.webapp.control.ContextFilter.doFilter(ContextFilter.java:188) [main/:?]
	at org.apache.catalina.core.ApplicationFilterChain.internalDoFilter(ApplicationFilterChain.java:178) [tomcat-catalina-9.0.82.jar:9.0.82]
	at org.apache.catalina.core.ApplicationFilterChain.doFilter(ApplicationFilterChain.java:153) [tomcat-catalina-9.0.82.jar:9.0.82]
	at org.apache.ofbiz.webapp.control.ControlFilter.doFilter(ControlFilter.java:167) [main/:?]
	at javax.servlet.http.HttpFilter.doFilter(HttpFilter.java:53) [tomcat-servlet-api-9.0.82.jar:4.0.FR]
	at org.apache.catalina.core.ApplicationFilterChain.internalDoFilter(ApplicationFilterChain.java:178) [tomcat-catalina-9.0.82.jar:9.0.82]
	at org.apache.catalina.core.ApplicationFilterChain.doFilter(ApplicationFilterChain.java:153) [tomcat-catalina-9.0.82.jar:9.0.82]
	at org.apache.logging.log4j.web.Log4jServletFilter.doFilter(Log4jServletFilter.java:71) [log4j-web-2.20.0.jar:2.20.0]
	at org.apache.catalina.core.ApplicationFilterChain.internalDoFilter(ApplicationFilterChain.java:178) [tomcat-catalina-9.0.82.jar:9.0.82]
	at org.apache.catalina.core.ApplicationFilterChain.doFilter(ApplicationFilterChain.java:153) [tomcat-catalina-9.0.82.jar:9.0.82]
	at org.apache.catalina.core.StandardWrapperValve.invoke(StandardWrapperValve.java:168) [tomcat-catalina-9.0.82.jar:9.0.82]
	at org.apache.catalina.core.StandardContextValve.invoke(StandardContextValve.java:90) [tomcat-catalina-9.0.82.jar:9.0.82]
	at org.apache.catalina.authenticator.AuthenticatorBase.invoke(AuthenticatorBase.java:481) [tomcat-catalina-9.0.82.jar:9.0.82]
	at org.apache.catalina.core.StandardHostValve.invoke(StandardHostValve.java:130) [tomcat-catalina-9.0.82.jar:9.0.82]
	at org.apache.catalina.valves.ErrorReportValve.invoke(ErrorReportValve.java:93) [tomcat-catalina-9.0.82.jar:9.0.82]
	at org.apache.catalina.core.StandardEngineValve.invoke(StandardEngineValve.java:74) [tomcat-catalina-9.0.82.jar:9.0.82]
	at org.apache.catalina.valves.AbstractAccessLogValve.invoke(AbstractAccessLogValve.java:670) [tomcat-catalina-9.0.82.jar:9.0.82]
	at org.apache.catalina.connector.CoyoteAdapter.service(CoyoteAdapter.java:342) [tomcat-catalina-9.0.82.jar:9.0.82]
	at org.apache.coyote.http2.StreamProcessor.service(StreamProcessor.java:432) [tomcat-coyote-9.0.82.jar:9.0.82]
	at org.apache.coyote.AbstractProcessorLight.process(AbstractProcessorLight.java:63) [tomcat-coyote-9.0.82.jar:9.0.82]
	at org.apache.coyote.http2.StreamProcessor.process(StreamProcessor.java:90) [tomcat-coyote-9.0.82.jar:9.0.82]
	at org.apache.coyote.http2.StreamRunnable.run(StreamRunnable.java:35) [tomcat-coyote-9.0.82.jar:9.0.82]
	at org.apache.tomcat.util.threads.ThreadPoolExecutor.runWorker(ThreadPoolExecutor.java:1191) [tomcat-util-9.0.82.jar:9.0.82]
	at org.apache.tomcat.util.threads.ThreadPoolExecutor$Worker.run(ThreadPoolExecutor.java:659) [tomcat-util-9.0.82.jar:9.0.82]
	at org.apache.tomcat.util.threads.TaskThread$WrappingRunnable.run(TaskThread.java:61) [tomcat-util-9.0.82.jar:9.0.82]
	at java.lang.Thread.run(Thread.java:842) [?:?]
2023-11-22 12:35:36,175 |jsse-nio-8443-exec-7 |UtilXml                       |E| XmlFileLoader: File XML Properties file process fatal error. Line: 24. Error message: Invalid byte 3 of 3-byte UTF-8 sequence.
2023-11-22 12:35:36,186 |jsse-nio-8443-exec-7 |UtilXml                       |E| XmlFileLoader: File XML Properties file process fatal error. Line: 24. Error message: Invalid byte 3 of 3-byte UTF-8 sequence.
2023-11-22 12:35:36,193 |jsse-nio-8443-exec-7 |UtilXml                       |E| XmlFileLoader: File XML Properties file process fatal error. Line: 24. Error message: Invalid byte 3 of 3-byte UTF-8 sequence.
2023-11-22 12:35:36,195 |jsse-nio-8443-exec-7 |ControlServlet                |E| Error in request handler: 
java.lang.IllegalArgumentException: Could not find resource bundle [OnlineexamUiLabels] in the locale [en_US]
	at org.apache.ofbiz.base.util.UtilProperties.getResourceBundle(UtilProperties.java:660) ~[main/:?]
	at org.apache.ofbiz.base.util.UtilProperties.getResourceBundleMap(UtilProperties.java:683) ~[main/:?]
	at org.apache.ofbiz.widget.model.AbstractModelAction$PropertyMap.runAction(AbstractModelAction.java:512) ~[main/:?]
	at org.apache.ofbiz.widget.model.AbstractModelAction.runSubActions(AbstractModelAction.java:138) ~[main/:?]
	at org.apache.ofbiz.widget.model.ModelScreenWidget$Section.renderWidgetString(ModelScreenWidget.java:290) ~[main/:?]
	at org.apache.ofbiz.widget.model.ModelScreen.renderScreenString(ModelScreen.java:158) ~[main/:?]
	at org.apache.ofbiz.widget.model.ScreenFactory.renderReferencedScreen(ScreenFactory.java:214) ~[main/:?]
	at org.apache.ofbiz.widget.model.ModelScreenWidget$DecoratorScreen.renderWidgetString(ModelScreenWidget.java:900) ~[main/:?]
	at org.apache.ofbiz.widget.model.ModelScreenWidget.renderSubWidgetsString(ModelScreenWidget.java:109) ~[main/:?]
	at org.apache.ofbiz.widget.model.ModelScreenWidget$Section.renderWidgetString(ModelScreenWidget.java:297) ~[main/:?]
	at org.apache.ofbiz.widget.model.ModelScreen.renderScreenString(ModelScreen.java:158) ~[main/:?]
	at org.apache.ofbiz.widget.model.ScreenFactory.renderReferencedScreen(ScreenFactory.java:214) ~[main/:?]
	at org.apache.ofbiz.widget.model.ModelScreenWidget$DecoratorScreen.renderWidgetString(ModelScreenWidget.java:900) ~[main/:?]
	at org.apache.ofbiz.widget.model.ModelScreenWidget.renderSubWidgetsString(ModelScreenWidget.java:109) ~[main/:?]
	at org.apache.ofbiz.widget.model.ModelScreenWidget$Section.renderWidgetString(ModelScreenWidget.java:297) ~[main/:?]
	at org.apache.ofbiz.widget.model.ModelScreen.renderScreenString(ModelScreen.java:158) ~[main/:?]
	at org.apache.ofbiz.widget.renderer.ScreenRenderer.render(ScreenRenderer.java:147) ~[main/:?]
	at org.apache.ofbiz.widget.renderer.ScreenRenderer.render(ScreenRenderer.java:105) ~[main/:?]
	at org.apache.ofbiz.widget.renderer.macro.MacroScreenViewHandler.render(MacroScreenViewHandler.java:116) ~[main/:?]
	at org.apache.ofbiz.webapp.control.RequestHandler.renderView(RequestHandler.java:1257) ~[main/:?]
	at org.apache.ofbiz.webapp.control.RequestHandler.doRequest(RequestHandler.java:933) ~[main/:?]
	at org.apache.ofbiz.webapp.control.ControlServlet.handle(ControlServlet.java:231) [main/:?]
	at org.apache.ofbiz.webapp.control.ControlServlet.doGet(ControlServlet.java:96) [main/:?]
	at javax.servlet.http.HttpServlet.service(HttpServlet.java:529) [tomcat-servlet-api-9.0.82.jar:4.0.FR]
	at javax.servlet.http.HttpServlet.service(HttpServlet.java:623) [tomcat-servlet-api-9.0.82.jar:4.0.FR]
	at org.apache.catalina.core.ApplicationFilterChain.internalDoFilter(ApplicationFilterChain.java:209) [tomcat-catalina-9.0.82.jar:9.0.82]
	at org.apache.catalina.core.ApplicationFilterChain.doFilter(ApplicationFilterChain.java:153) [tomcat-catalina-9.0.82.jar:9.0.82]
	at org.apache.tomcat.websocket.server.WsFilter.doFilter(WsFilter.java:51) [tomcat-embed-websocket-9.0.82.jar:9.0.82]
	at org.apache.catalina.core.ApplicationFilterChain.internalDoFilter(ApplicationFilterChain.java:178) [tomcat-catalina-9.0.82.jar:9.0.82]
	at org.apache.catalina.core.ApplicationFilterChain.doFilter(ApplicationFilterChain.java:153) [tomcat-catalina-9.0.82.jar:9.0.82]
	at org.apache.ofbiz.webapp.control.SameSiteFilter.doFilter(SameSiteFilter.java:45) [main/:?]
	at org.apache.catalina.core.ApplicationFilterChain.internalDoFilter(ApplicationFilterChain.java:178) [tomcat-catalina-9.0.82.jar:9.0.82]
	at org.apache.catalina.core.ApplicationFilterChain.doFilter(ApplicationFilterChain.java:153) [tomcat-catalina-9.0.82.jar:9.0.82]
	at org.apache.ofbiz.webapp.control.ContextFilter.doFilter(ContextFilter.java:188) [main/:?]
	at org.apache.catalina.core.ApplicationFilterChain.internalDoFilter(ApplicationFilterChain.java:178) [tomcat-catalina-9.0.82.jar:9.0.82]
	at org.apache.catalina.core.ApplicationFilterChain.doFilter(ApplicationFilterChain.java:153) [tomcat-catalina-9.0.82.jar:9.0.82]
	at org.apache.ofbiz.webapp.control.ControlFilter.doFilter(ControlFilter.java:167) [main/:?]
	at javax.servlet.http.HttpFilter.doFilter(HttpFilter.java:53) [tomcat-servlet-api-9.0.82.jar:4.0.FR]
	at org.apache.catalina.core.ApplicationFilterChain.internalDoFilter(ApplicationFilterChain.java:178) [tomcat-catalina-9.0.82.jar:9.0.82]
	at org.apache.catalina.core.ApplicationFilterChain.doFilter(ApplicationFilterChain.java:153) [tomcat-catalina-9.0.82.jar:9.0.82]
	at org.apache.logging.log4j.web.Log4jServletFilter.doFilter(Log4jServletFilter.java:71) [log4j-web-2.20.0.jar:2.20.0]
	at org.apache.catalina.core.ApplicationFilterChain.internalDoFilter(ApplicationFilterChain.java:178) [tomcat-catalina-9.0.82.jar:9.0.82]
	at org.apache.catalina.core.ApplicationFilterChain.doFilter(ApplicationFilterChain.java:153) [tomcat-catalina-9.0.82.jar:9.0.82]
	at org.apache.catalina.core.StandardWrapperValve.invoke(StandardWrapperValve.java:168) [tomcat-catalina-9.0.82.jar:9.0.82]
	at org.apache.catalina.core.StandardContextValve.invoke(StandardContextValve.java:90) [tomcat-catalina-9.0.82.jar:9.0.82]
	at org.apache.catalina.authenticator.AuthenticatorBase.invoke(AuthenticatorBase.java:481) [tomcat-catalina-9.0.82.jar:9.0.82]
	at org.apache.catalina.core.StandardHostValve.invoke(StandardHostValve.java:130) [tomcat-catalina-9.0.82.jar:9.0.82]
	at org.apache.catalina.valves.ErrorReportValve.invoke(ErrorReportValve.java:93) [tomcat-catalina-9.0.82.jar:9.0.82]
	at org.apache.catalina.core.StandardEngineValve.invoke(StandardEngineValve.java:74) [tomcat-catalina-9.0.82.jar:9.0.82]
	at org.apache.catalina.valves.AbstractAccessLogValve.invoke(AbstractAccessLogValve.java:670) [tomcat-catalina-9.0.82.jar:9.0.82]
	at org.apache.catalina.connector.CoyoteAdapter.service(CoyoteAdapter.java:342) [tomcat-catalina-9.0.82.jar:9.0.82]
	at org.apache.coyote.http2.StreamProcessor.service(StreamProcessor.java:432) [tomcat-coyote-9.0.82.jar:9.0.82]
	at org.apache.coyote.AbstractProcessorLight.process(AbstractProcessorLight.java:63) [tomcat-coyote-9.0.82.jar:9.0.82]
	at org.apache.coyote.http2.StreamProcessor.process(StreamProcessor.java:90) [tomcat-coyote-9.0.82.jar:9.0.82]
	at org.apache.coyote.http2.StreamRunnable.run(StreamRunnable.java:35) [tomcat-coyote-9.0.82.jar:9.0.82]
	at org.apache.tomcat.util.threads.ThreadPoolExecutor.runWorker(ThreadPoolExecutor.java:1191) [tomcat-util-9.0.82.jar:9.0.82]
	at org.apache.tomcat.util.threads.ThreadPoolExecutor$Worker.run(ThreadPoolExecutor.java:659) [tomcat-util-9.0.82.jar:9.0.82]
	at org.apache.tomcat.util.threads.TaskThread$WrappingRunnable.run(TaskThread.java:61) [tomcat-util-9.0.82.jar:9.0.82]
	at java.lang.Thread.run(Thread.java:842) [?:?]
2023-11-22 12:35:36,195 |jsse-nio-8443-exec-7 |ControlServlet                |E| An error occurred, going to the errorPage: file:/D:/ofbiz/ofbiz-framework/framework/common/webcommon/error/Error.ftl
2023-11-22 12:35:36,198 |jsse-nio-8443-exec-7 |TransactionUtil               |E| [TransactionUtil.rollback]
java.lang.Exception: Stack Trace
	at org.apache.ofbiz.entity.transaction.TransactionUtil.rollback(TransactionUtil.java:328) [main/:?]
	at org.apache.ofbiz.entity.transaction.TransactionUtil.rollback(TransactionUtil.java:312) [main/:?]
	at org.apache.ofbiz.webapp.control.ControlServlet.handle(ControlServlet.java:341) [main/:?]
	at org.apache.ofbiz.webapp.control.ControlServlet.doGet(ControlServlet.java:96) [main/:?]
	at javax.servlet.http.HttpServlet.service(HttpServlet.java:529) [tomcat-servlet-api-9.0.82.jar:4.0.FR]
	at javax.servlet.http.HttpServlet.service(HttpServlet.java:623) [tomcat-servlet-api-9.0.82.jar:4.0.FR]
	at org.apache.catalina.core.ApplicationFilterChain.internalDoFilter(ApplicationFilterChain.java:209) [tomcat-catalina-9.0.82.jar:9.0.82]
	at org.apache.catalina.core.ApplicationFilterChain.doFilter(ApplicationFilterChain.java:153) [tomcat-catalina-9.0.82.jar:9.0.82]
	at org.apache.tomcat.websocket.server.WsFilter.doFilter(WsFilter.java:51) [tomcat-embed-websocket-9.0.82.jar:9.0.82]
	at org.apache.catalina.core.ApplicationFilterChain.internalDoFilter(ApplicationFilterChain.java:178) [tomcat-catalina-9.0.82.jar:9.0.82]
	at org.apache.catalina.core.ApplicationFilterChain.doFilter(ApplicationFilterChain.java:153) [tomcat-catalina-9.0.82.jar:9.0.82]
	at org.apache.ofbiz.webapp.control.SameSiteFilter.doFilter(SameSiteFilter.java:45) [main/:?]
	at org.apache.catalina.core.ApplicationFilterChain.internalDoFilter(ApplicationFilterChain.java:178) [tomcat-catalina-9.0.82.jar:9.0.82]
	at org.apache.catalina.core.ApplicationFilterChain.doFilter(ApplicationFilterChain.java:153) [tomcat-catalina-9.0.82.jar:9.0.82]
	at org.apache.ofbiz.webapp.control.ContextFilter.doFilter(ContextFilter.java:188) [main/:?]
	at org.apache.catalina.core.ApplicationFilterChain.internalDoFilter(ApplicationFilterChain.java:178) [tomcat-catalina-9.0.82.jar:9.0.82]
	at org.apache.catalina.core.ApplicationFilterChain.doFilter(ApplicationFilterChain.java:153) [tomcat-catalina-9.0.82.jar:9.0.82]
	at org.apache.ofbiz.webapp.control.ControlFilter.doFilter(ControlFilter.java:167) [main/:?]
	at javax.servlet.http.HttpFilter.doFilter(HttpFilter.java:53) [tomcat-servlet-api-9.0.82.jar:4.0.FR]
	at org.apache.catalina.core.ApplicationFilterChain.internalDoFilter(ApplicationFilterChain.java:178) [tomcat-catalina-9.0.82.jar:9.0.82]
	at org.apache.catalina.core.ApplicationFilterChain.doFilter(ApplicationFilterChain.java:153) [tomcat-catalina-9.0.82.jar:9.0.82]
	at org.apache.logging.log4j.web.Log4jServletFilter.doFilter(Log4jServletFilter.java:71) [log4j-web-2.20.0.jar:2.20.0]
	at org.apache.catalina.core.ApplicationFilterChain.internalDoFilter(ApplicationFilterChain.java:178) [tomcat-catalina-9.0.82.jar:9.0.82]
	at org.apache.catalina.core.ApplicationFilterChain.doFilter(ApplicationFilterChain.java:153) [tomcat-catalina-9.0.82.jar:9.0.82]
	at org.apache.catalina.core.StandardWrapperValve.invoke(StandardWrapperValve.java:168) [tomcat-catalina-9.0.82.jar:9.0.82]
	at org.apache.catalina.core.StandardContextValve.invoke(StandardContextValve.java:90) [tomcat-catalina-9.0.82.jar:9.0.82]
	at org.apache.catalina.authenticator.AuthenticatorBase.invoke(AuthenticatorBase.java:481) [tomcat-catalina-9.0.82.jar:9.0.82]
	at org.apache.catalina.core.StandardHostValve.invoke(StandardHostValve.java:130) [tomcat-catalina-9.0.82.jar:9.0.82]
	at org.apache.catalina.valves.ErrorReportValve.invoke(ErrorReportValve.java:93) [tomcat-catalina-9.0.82.jar:9.0.82]
	at org.apache.catalina.core.StandardEngineValve.invoke(StandardEngineValve.java:74) [tomcat-catalina-9.0.82.jar:9.0.82]
	at org.apache.catalina.valves.AbstractAccessLogValve.invoke(AbstractAccessLogValve.java:670) [tomcat-catalina-9.0.82.jar:9.0.82]
	at org.apache.catalina.connector.CoyoteAdapter.service(CoyoteAdapter.java:342) [tomcat-catalina-9.0.82.jar:9.0.82]
	at org.apache.coyote.http2.StreamProcessor.service(StreamProcessor.java:432) [tomcat-coyote-9.0.82.jar:9.0.82]
	at org.apache.coyote.AbstractProcessorLight.process(AbstractProcessorLight.java:63) [tomcat-coyote-9.0.82.jar:9.0.82]
	at org.apache.coyote.http2.StreamProcessor.process(StreamProcessor.java:90) [tomcat-coyote-9.0.82.jar:9.0.82]
	at org.apache.coyote.http2.StreamRunnable.run(StreamRunnable.java:35) [tomcat-coyote-9.0.82.jar:9.0.82]
	at org.apache.tomcat.util.threads.ThreadPoolExecutor.runWorker(ThreadPoolExecutor.java:1191) [tomcat-util-9.0.82.jar:9.0.82]
	at org.apache.tomcat.util.threads.ThreadPoolExecutor$Worker.run(ThreadPoolExecutor.java:659) [tomcat-util-9.0.82.jar:9.0.82]
	at org.apache.tomcat.util.threads.TaskThread$WrappingRunnable.run(TaskThread.java:61) [tomcat-util-9.0.82.jar:9.0.82]
	at java.lang.Thread.run(Thread.java:842) [?:?]
2023-11-22 17:53:12,579 |jsse-nio-8443-exec-3 |RequestHandler                |E| Request SetTimeZoneFromBrowser caused an error with the following message: User authorization is required for this service: SetTimeZoneFromBrowser
2023-11-22 17:54:45,196 |jsse-nio-8443-exec-3 |RequestHandler                |E| Request SetTimeZoneFromBrowser caused an error with the following message: User authorization is required for this service: SetTimeZoneFromBrowser
